<?xml version="1.0" encoding="UTF-8"?>
<testsuite name="guru.springframework.repositories.UnitOfMeasureRepositoryIT" tests="2" skipped="0" failures="0" errors="0" timestamp="2020-08-08T21:12:54" hostname="enjoys-Mac.local" time="0.072">
  <properties/>
  <testcase name="testFindByDescription" classname="guru.springframework.repositories.UnitOfMeasureRepositoryIT" time="0.042"/>
  <testcase name="testSaveUom" classname="guru.springframework.repositories.UnitOfMeasureRepositoryIT" time="0.028"/>
  <system-out><![CDATA[2020-08-08 23:12:54.527  INFO 1760 --- [    Test worker] t.a.d.m.DataMongoTestContextBootstrapper : Neither @ContextConfiguration nor @ContextHierarchy found for test class [guru.springframework.repositories.UnitOfMeasureRepositoryIT], using SpringBootContextLoader
2020-08-08 23:12:54.528  INFO 1760 --- [    Test worker] o.s.t.c.support.AbstractContextLoader    : Could not detect default resource locations for test class [guru.springframework.repositories.UnitOfMeasureRepositoryIT]: no resource found for suffixes {-context.xml, Context.groovy}.
2020-08-08 23:12:54.528  INFO 1760 --- [    Test worker] t.c.s.AnnotationConfigContextLoaderUtils : Could not detect default configuration classes for test class [guru.springframework.repositories.UnitOfMeasureRepositoryIT]: UnitOfMeasureRepositoryIT does not declare any static, non-private, non-final, nested classes annotated with @Configuration.
2020-08-08 23:12:54.535  INFO 1760 --- [    Test worker] .b.t.c.SpringBootTestContextBootstrapper : Found @SpringBootConfiguration guru.springframework.Spring5MongoRecipeAppApplication for test class guru.springframework.repositories.UnitOfMeasureRepositoryIT
2020-08-08 23:12:54.535  INFO 1760 --- [    Test worker] t.a.d.m.DataMongoTestContextBootstrapper : Loaded default TestExecutionListener class names from location [META-INF/spring.factories]: [org.springframework.boot.test.autoconfigure.restdocs.RestDocsTestExecutionListener, org.springframework.boot.test.autoconfigure.web.client.MockRestServiceServerResetTestExecutionListener, org.springframework.boot.test.autoconfigure.web.servlet.MockMvcPrintOnlyOnFailureTestExecutionListener, org.springframework.boot.test.autoconfigure.web.servlet.WebDriverTestExecutionListener, org.springframework.boot.test.mock.mockito.MockitoTestExecutionListener, org.springframework.boot.test.mock.mockito.ResetMocksTestExecutionListener, org.springframework.test.context.web.ServletTestExecutionListener, org.springframework.test.context.support.DirtiesContextBeforeModesTestExecutionListener, org.springframework.test.context.support.DependencyInjectionTestExecutionListener, org.springframework.test.context.support.DirtiesContextTestExecutionListener, org.springframework.test.context.transaction.TransactionalTestExecutionListener, org.springframework.test.context.jdbc.SqlScriptsTestExecutionListener]
2020-08-08 23:12:54.542  INFO 1760 --- [    Test worker] t.a.d.m.DataMongoTestContextBootstrapper : Using TestExecutionListeners: [org.springframework.test.context.web.ServletTestExecutionListener@695f8c0e, org.springframework.test.context.support.DirtiesContextBeforeModesTestExecutionListener@30b547b0, org.springframework.boot.test.mock.mockito.MockitoTestExecutionListener@2e0b0b56, org.springframework.boot.test.autoconfigure.SpringBootDependencyInjectionTestExecutionListener@569c7025, org.springframework.test.context.support.DirtiesContextTestExecutionListener@43b6b904, org.springframework.test.context.transaction.TransactionalTestExecutionListener@59a4fe05, org.springframework.test.context.jdbc.SqlScriptsTestExecutionListener@2f030fdc, org.springframework.boot.test.autoconfigure.restdocs.RestDocsTestExecutionListener@1aab4f41, org.springframework.boot.test.autoconfigure.web.client.MockRestServiceServerResetTestExecutionListener@6c23bb89, org.springframework.boot.test.autoconfigure.web.servlet.MockMvcPrintOnlyOnFailureTestExecutionListener@128934de, org.springframework.boot.test.autoconfigure.web.servlet.WebDriverTestExecutionListener@25c3b4bc, org.springframework.boot.test.mock.mockito.ResetMocksTestExecutionListener@65d23602]
]]></system-out>
  <system-err><![CDATA[]]></system-err>
</testsuite>
