<?xml version="1.0" encoding="UTF-8"?>
<testsuite name="guru.springframework.controllers.IngredientControllerTest" tests="6" skipped="0" failures="0" errors="0" timestamp="2020-08-09T17:17:44" hostname="enjoys-Mac.local" time="0.352">
  <properties/>
  <testcase name="testNewIngredientForm" classname="guru.springframework.controllers.IngredientControllerTest" time="0.147"/>
  <testcase name="testShowIngredient" classname="guru.springframework.controllers.IngredientControllerTest" time="0.04"/>
  <testcase name="testListIngredients" classname="guru.springframework.controllers.IngredientControllerTest" time="0.04"/>
  <testcase name="testUpdateIngredientForm" classname="guru.springframework.controllers.IngredientControllerTest" time="0.043"/>
  <testcase name="testDeleteIngredient" classname="guru.springframework.controllers.IngredientControllerTest" time="0.04"/>
  <testcase name="testSaveOrUpdate" classname="guru.springframework.controllers.IngredientControllerTest" time="0.037"/>
  <system-out><![CDATA[2020-08-09 19:17:44.309  INFO 1777 --- [    Test worker] o.s.mock.web.MockServletContext          : Initializing Spring TestDispatcherServlet ''
2020-08-09 19:17:44.310  INFO 1777 --- [    Test worker] o.s.t.web.servlet.TestDispatcherServlet  : Initializing Servlet ''
2020-08-09 19:17:44.310  INFO 1777 --- [    Test worker] o.s.t.web.servlet.TestDispatcherServlet  : Completed initialization in 0 ms
2020-08-09 19:17:44.352  INFO 1777 --- [    Test worker] o.s.mock.web.MockServletContext          : Initializing Spring TestDispatcherServlet ''
2020-08-09 19:17:44.352  INFO 1777 --- [    Test worker] o.s.t.web.servlet.TestDispatcherServlet  : Initializing Servlet ''
2020-08-09 19:17:44.353  INFO 1777 --- [    Test worker] o.s.t.web.servlet.TestDispatcherServlet  : Completed initialization in 0 ms
2020-08-09 19:17:44.395  INFO 1777 --- [    Test worker] o.s.mock.web.MockServletContext          : Initializing Spring TestDispatcherServlet ''
2020-08-09 19:17:44.396  INFO 1777 --- [    Test worker] o.s.t.web.servlet.TestDispatcherServlet  : Initializing Servlet ''
2020-08-09 19:17:44.397  INFO 1777 --- [    Test worker] o.s.t.web.servlet.TestDispatcherServlet  : Completed initialization in 1 ms
2020-08-09 19:17:44.430  INFO 1777 --- [    Test worker] o.s.mock.web.MockServletContext          : Initializing Spring TestDispatcherServlet ''
2020-08-09 19:17:44.431  INFO 1777 --- [    Test worker] o.s.t.web.servlet.TestDispatcherServlet  : Initializing Servlet ''
2020-08-09 19:17:44.431  INFO 1777 --- [    Test worker] o.s.t.web.servlet.TestDispatcherServlet  : Completed initialization in 0 ms
2020-08-09 19:17:44.475  INFO 1777 --- [    Test worker] o.s.mock.web.MockServletContext          : Initializing Spring TestDispatcherServlet ''
2020-08-09 19:17:44.476  INFO 1777 --- [    Test worker] o.s.t.web.servlet.TestDispatcherServlet  : Initializing Servlet ''
2020-08-09 19:17:44.480  INFO 1777 --- [    Test worker] o.s.t.web.servlet.TestDispatcherServlet  : Completed initialization in 3 ms
2020-08-09 19:17:44.514  INFO 1777 --- [    Test worker] o.s.mock.web.MockServletContext          : Initializing Spring TestDispatcherServlet ''
2020-08-09 19:17:44.515  INFO 1777 --- [    Test worker] o.s.t.web.servlet.TestDispatcherServlet  : Initializing Servlet ''
2020-08-09 19:17:44.515  INFO 1777 --- [    Test worker] o.s.t.web.servlet.TestDispatcherServlet  : Completed initialization in 0 ms
]]></system-out>
  <system-err><![CDATA[]]></system-err>
</testsuite>
