<?xml version="1.0" encoding="UTF-8"?>
<testsuite name="guru.springframework.services.RecipeServiceIT" tests="1" skipped="0" failures="0" errors="0" timestamp="2020-08-06T20:27:13" hostname="enjoys-Mac.local" time="0.465">
  <properties/>
  <testcase name="testSaveOfDescription" classname="guru.springframework.services.RecipeServiceIT" time="0.465"/>
  <system-out><![CDATA[2020-08-06 22:27:13.598  INFO 1540 --- [    Test worker] .b.t.c.SpringBootTestContextBootstrapper : Neither @ContextConfiguration nor @ContextHierarchy found for test class [guru.springframework.services.RecipeServiceIT], using SpringBootContextLoader
2020-08-06 22:27:13.600  INFO 1540 --- [    Test worker] o.s.t.c.support.AbstractContextLoader    : Could not detect default resource locations for test class [guru.springframework.services.RecipeServiceIT]: no resource found for suffixes {-context.xml, Context.groovy}.
2020-08-06 22:27:13.601  INFO 1540 --- [    Test worker] t.c.s.AnnotationConfigContextLoaderUtils : Could not detect default configuration classes for test class [guru.springframework.services.RecipeServiceIT]: RecipeServiceIT does not declare any static, non-private, non-final, nested classes annotated with @Configuration.
2020-08-06 22:27:13.674  INFO 1540 --- [    Test worker] .b.t.c.SpringBootTestContextBootstrapper : Found @SpringBootConfiguration guru.springframework.Spring5MongoRecipeAppApplication for test class guru.springframework.services.RecipeServiceIT
2020-08-06 22:27:13.676  INFO 1540 --- [    Test worker] .b.t.c.SpringBootTestContextBootstrapper : Loaded default TestExecutionListener class names from location [META-INF/spring.factories]: [org.springframework.boot.test.autoconfigure.restdocs.RestDocsTestExecutionListener, org.springframework.boot.test.autoconfigure.web.client.MockRestServiceServerResetTestExecutionListener, org.springframework.boot.test.autoconfigure.web.servlet.MockMvcPrintOnlyOnFailureTestExecutionListener, org.springframework.boot.test.autoconfigure.web.servlet.WebDriverTestExecutionListener, org.springframework.boot.test.mock.mockito.MockitoTestExecutionListener, org.springframework.boot.test.mock.mockito.ResetMocksTestExecutionListener, org.springframework.test.context.web.ServletTestExecutionListener, org.springframework.test.context.support.DirtiesContextBeforeModesTestExecutionListener, org.springframework.test.context.support.DependencyInjectionTestExecutionListener, org.springframework.test.context.support.DirtiesContextTestExecutionListener, org.springframework.test.context.transaction.TransactionalTestExecutionListener, org.springframework.test.context.jdbc.SqlScriptsTestExecutionListener]
2020-08-06 22:27:13.687  INFO 1540 --- [    Test worker] .b.t.c.SpringBootTestContextBootstrapper : Using TestExecutionListeners: [org.springframework.test.context.web.ServletTestExecutionListener@5df4b840, org.springframework.test.context.support.DirtiesContextBeforeModesTestExecutionListener@4a2ed519, org.springframework.boot.test.mock.mockito.MockitoTestExecutionListener@7723d8c1, org.springframework.boot.test.autoconfigure.SpringBootDependencyInjectionTestExecutionListener@71dd3b84, org.springframework.test.context.support.DirtiesContextTestExecutionListener@993ab47, org.springframework.test.context.transaction.TransactionalTestExecutionListener@35a92171, org.springframework.test.context.jdbc.SqlScriptsTestExecutionListener@5ca512d5, org.springframework.boot.test.autoconfigure.restdocs.RestDocsTestExecutionListener@44bc13de, org.springframework.boot.test.autoconfigure.web.client.MockRestServiceServerResetTestExecutionListener@5061519d, org.springframework.boot.test.autoconfigure.web.servlet.MockMvcPrintOnlyOnFailureTestExecutionListener@2cbf4049, org.springframework.boot.test.autoconfigure.web.servlet.WebDriverTestExecutionListener@5878dcb1, org.springframework.boot.test.mock.mockito.ResetMocksTestExecutionListener@7c7e1683]
]]></system-out>
  <system-err><![CDATA[]]></system-err>
</testsuite>
