<?xml version="1.0" encoding="UTF-8"?>
<testsuite name="guru.springframework.repositories.UnitOfMeasureRepositoryIT" tests="2" skipped="0" failures="0" errors="0" timestamp="2020-08-08T20:31:34" hostname="enjoys-Mac.local" time="0.071">
  <properties/>
  <testcase name="testFindByDescription" classname="guru.springframework.repositories.UnitOfMeasureRepositoryIT" time="0.051"/>
  <testcase name="testSaveUom" classname="guru.springframework.repositories.UnitOfMeasureRepositoryIT" time="0.019"/>
  <system-out><![CDATA[2020-08-08 22:31:34.305  INFO 1243 --- [    Test worker] t.a.d.m.DataMongoTestContextBootstrapper : Neither @ContextConfiguration nor @ContextHierarchy found for test class [guru.springframework.repositories.UnitOfMeasureRepositoryIT], using SpringBootContextLoader
2020-08-08 22:31:34.307  INFO 1243 --- [    Test worker] o.s.t.c.support.AbstractContextLoader    : Could not detect default resource locations for test class [guru.springframework.repositories.UnitOfMeasureRepositoryIT]: no resource found for suffixes {-context.xml, Context.groovy}.
2020-08-08 22:31:34.308  INFO 1243 --- [    Test worker] t.c.s.AnnotationConfigContextLoaderUtils : Could not detect default configuration classes for test class [guru.springframework.repositories.UnitOfMeasureRepositoryIT]: UnitOfMeasureRepositoryIT does not declare any static, non-private, non-final, nested classes annotated with @Configuration.
2020-08-08 22:31:34.312  INFO 1243 --- [    Test worker] .b.t.c.SpringBootTestContextBootstrapper : Found @SpringBootConfiguration guru.springframework.Spring5MongoRecipeAppApplication for test class guru.springframework.repositories.UnitOfMeasureRepositoryIT
2020-08-08 22:31:34.317  INFO 1243 --- [    Test worker] t.a.d.m.DataMongoTestContextBootstrapper : Loaded default TestExecutionListener class names from location [META-INF/spring.factories]: [org.springframework.boot.test.autoconfigure.restdocs.RestDocsTestExecutionListener, org.springframework.boot.test.autoconfigure.web.client.MockRestServiceServerResetTestExecutionListener, org.springframework.boot.test.autoconfigure.web.servlet.MockMvcPrintOnlyOnFailureTestExecutionListener, org.springframework.boot.test.autoconfigure.web.servlet.WebDriverTestExecutionListener, org.springframework.boot.test.mock.mockito.MockitoTestExecutionListener, org.springframework.boot.test.mock.mockito.ResetMocksTestExecutionListener, org.springframework.test.context.web.ServletTestExecutionListener, org.springframework.test.context.support.DirtiesContextBeforeModesTestExecutionListener, org.springframework.test.context.support.DependencyInjectionTestExecutionListener, org.springframework.test.context.support.DirtiesContextTestExecutionListener, org.springframework.test.context.transaction.TransactionalTestExecutionListener, org.springframework.test.context.jdbc.SqlScriptsTestExecutionListener]
2020-08-08 22:31:34.318  INFO 1243 --- [    Test worker] t.a.d.m.DataMongoTestContextBootstrapper : Using TestExecutionListeners: [org.springframework.test.context.web.ServletTestExecutionListener@730c6340, org.springframework.test.context.support.DirtiesContextBeforeModesTestExecutionListener@1e9f1350, org.springframework.boot.test.mock.mockito.MockitoTestExecutionListener@1948d741, org.springframework.boot.test.autoconfigure.SpringBootDependencyInjectionTestExecutionListener@16d6c86d, org.springframework.test.context.support.DirtiesContextTestExecutionListener@650af94, org.springframework.test.context.transaction.TransactionalTestExecutionListener@6033399d, org.springframework.test.context.jdbc.SqlScriptsTestExecutionListener@3f1e1805, org.springframework.boot.test.autoconfigure.restdocs.RestDocsTestExecutionListener@1fab3a2b, org.springframework.boot.test.autoconfigure.web.client.MockRestServiceServerResetTestExecutionListener@1c040a45, org.springframework.boot.test.autoconfigure.web.servlet.MockMvcPrintOnlyOnFailureTestExecutionListener@65022789, org.springframework.boot.test.autoconfigure.web.servlet.WebDriverTestExecutionListener@2a93d51c, org.springframework.boot.test.mock.mockito.ResetMocksTestExecutionListener@6c2fd807]
]]></system-out>
  <system-err><![CDATA[]]></system-err>
</testsuite>
