<?xml version="1.0" encoding="UTF-8"?>
<testsuite name="guru.springframework.services.RecipeServiceIT" tests="1" skipped="0" failures="0" errors="0" timestamp="2020-08-09T16:34:49" hostname="enjoys-Mac.local" time="0.071">
  <properties/>
  <testcase name="testSaveOfDescription" classname="guru.springframework.services.RecipeServiceIT" time="0.071"/>
  <system-out><![CDATA[2020-08-09 18:34:49.215  INFO 1417 --- [    Test worker] .b.t.c.SpringBootTestContextBootstrapper : Neither @ContextConfiguration nor @ContextHierarchy found for test class [guru.springframework.services.RecipeServiceIT], using SpringBootContextLoader
2020-08-09 18:34:49.216  INFO 1417 --- [    Test worker] o.s.t.c.support.AbstractContextLoader    : Could not detect default resource locations for test class [guru.springframework.services.RecipeServiceIT]: no resource found for suffixes {-context.xml, Context.groovy}.
2020-08-09 18:34:49.217  INFO 1417 --- [    Test worker] t.c.s.AnnotationConfigContextLoaderUtils : Could not detect default configuration classes for test class [guru.springframework.services.RecipeServiceIT]: RecipeServiceIT does not declare any static, non-private, non-final, nested classes annotated with @Configuration.
2020-08-09 18:34:49.227  INFO 1417 --- [    Test worker] .b.t.c.SpringBootTestContextBootstrapper : Found @SpringBootConfiguration guru.springframework.Spring5MongoRecipeAppApplication for test class guru.springframework.services.RecipeServiceIT
2020-08-09 18:34:49.229  INFO 1417 --- [    Test worker] .b.t.c.SpringBootTestContextBootstrapper : Loaded default TestExecutionListener class names from location [META-INF/spring.factories]: [org.springframework.boot.test.autoconfigure.restdocs.RestDocsTestExecutionListener, org.springframework.boot.test.autoconfigure.web.client.MockRestServiceServerResetTestExecutionListener, org.springframework.boot.test.autoconfigure.web.servlet.MockMvcPrintOnlyOnFailureTestExecutionListener, org.springframework.boot.test.autoconfigure.web.servlet.WebDriverTestExecutionListener, org.springframework.boot.test.mock.mockito.MockitoTestExecutionListener, org.springframework.boot.test.mock.mockito.ResetMocksTestExecutionListener, org.springframework.test.context.web.ServletTestExecutionListener, org.springframework.test.context.support.DirtiesContextBeforeModesTestExecutionListener, org.springframework.test.context.support.DependencyInjectionTestExecutionListener, org.springframework.test.context.support.DirtiesContextTestExecutionListener, org.springframework.test.context.transaction.TransactionalTestExecutionListener, org.springframework.test.context.jdbc.SqlScriptsTestExecutionListener]
2020-08-09 18:34:49.230  INFO 1417 --- [    Test worker] .b.t.c.SpringBootTestContextBootstrapper : Using TestExecutionListeners: [org.springframework.test.context.web.ServletTestExecutionListener@ac41b9e, org.springframework.test.context.support.DirtiesContextBeforeModesTestExecutionListener@337e3e92, org.springframework.boot.test.mock.mockito.MockitoTestExecutionListener@1c8250fa, org.springframework.boot.test.autoconfigure.SpringBootDependencyInjectionTestExecutionListener@f74334b, org.springframework.test.context.support.DirtiesContextTestExecutionListener@2546d1d0, org.springframework.test.context.transaction.TransactionalTestExecutionListener@678ee144, org.springframework.test.context.jdbc.SqlScriptsTestExecutionListener@690578cf, org.springframework.boot.test.autoconfigure.restdocs.RestDocsTestExecutionListener@47c5f0cf, org.springframework.boot.test.autoconfigure.web.client.MockRestServiceServerResetTestExecutionListener@549e61b6, org.springframework.boot.test.autoconfigure.web.servlet.MockMvcPrintOnlyOnFailureTestExecutionListener@448a3ea0, org.springframework.boot.test.autoconfigure.web.servlet.WebDriverTestExecutionListener@60bf5fe, org.springframework.boot.test.mock.mockito.ResetMocksTestExecutionListener@6e203e78]
2020-08-09 18:34:49.287  INFO 1417 --- [       Thread-8] o.s.b.a.mongo.embedded.EmbeddedMongo     : 2020-08-09T18:34:49.287+0200 I NETWORK  [thread1] connection accepted from 127.0.0.1:49912 #4 (4 connections now open)
2020-08-09 18:34:49.289  INFO 1417 --- [       Thread-8] o.s.b.a.mongo.embedded.EmbeddedMongo     : 2020-08-09T18:34:49.289+0200 I NETWORK  [conn4] received client metadata from 127.0.0.1:49912 conn4: { driver: { name: "mongo-java-driver|mongo-java-driver-reactivestreams", version: "3.8.2|1.9.2" }, os: { type: "Darwin", name: "Mac OS X", architecture: "x86_64", version: "10.15.6" }, platform: "Java/Oracle Corporation/1.8.0_261-b12" }
2020-08-09 18:34:49.296  INFO 1417 --- [ntLoopGroup-2-2] org.mongodb.driver.connection            : Opened connection [connectionId{localValue:7, serverValue:4}] to localhost:49882
]]></system-out>
  <system-err><![CDATA[]]></system-err>
</testsuite>
