<?xml version="1.0" encoding="UTF-8"?>
<testsuite name="guru.springframework.repositories.CategoryRepositroyIT" tests="2" skipped="0" failures="0" errors="0" timestamp="2020-08-08T21:40:48" hostname="enjoys-Mac.local" time="0.168">
  <properties/>
  <testcase name="testSave" classname="guru.springframework.repositories.CategoryRepositroyIT" time="0.13"/>
  <testcase name="testFindByDescription" classname="guru.springframework.repositories.CategoryRepositroyIT" time="0.037"/>
  <system-out><![CDATA[2020-08-08 23:40:15.836  INFO 2028 --- [    Test worker] t.a.d.m.DataMongoTestContextBootstrapper : Neither @ContextConfiguration nor @ContextHierarchy found for test class [guru.springframework.repositories.CategoryRepositroyIT], using SpringBootContextLoader
2020-08-08 23:40:15.838  INFO 2028 --- [    Test worker] o.s.t.c.support.AbstractContextLoader    : Could not detect default resource locations for test class [guru.springframework.repositories.CategoryRepositroyIT]: no resource found for suffixes {-context.xml, Context.groovy}.
2020-08-08 23:40:15.840  INFO 2028 --- [    Test worker] t.c.s.AnnotationConfigContextLoaderUtils : Could not detect default configuration classes for test class [guru.springframework.repositories.CategoryRepositroyIT]: CategoryRepositroyIT does not declare any static, non-private, non-final, nested classes annotated with @Configuration.
2020-08-08 23:40:15.873  INFO 2028 --- [    Test worker] .b.t.c.SpringBootTestContextBootstrapper : Found @SpringBootConfiguration guru.springframework.Spring5MongoRecipeAppApplication for test class guru.springframework.repositories.CategoryRepositroyIT
2020-08-08 23:40:15.874  INFO 2028 --- [    Test worker] t.a.d.m.DataMongoTestContextBootstrapper : Loaded default TestExecutionListener class names from location [META-INF/spring.factories]: [org.springframework.boot.test.autoconfigure.restdocs.RestDocsTestExecutionListener, org.springframework.boot.test.autoconfigure.web.client.MockRestServiceServerResetTestExecutionListener, org.springframework.boot.test.autoconfigure.web.servlet.MockMvcPrintOnlyOnFailureTestExecutionListener, org.springframework.boot.test.autoconfigure.web.servlet.WebDriverTestExecutionListener, org.springframework.boot.test.mock.mockito.MockitoTestExecutionListener, org.springframework.boot.test.mock.mockito.ResetMocksTestExecutionListener, org.springframework.test.context.web.ServletTestExecutionListener, org.springframework.test.context.support.DirtiesContextBeforeModesTestExecutionListener, org.springframework.test.context.support.DependencyInjectionTestExecutionListener, org.springframework.test.context.support.DirtiesContextTestExecutionListener, org.springframework.test.context.transaction.TransactionalTestExecutionListener, org.springframework.test.context.jdbc.SqlScriptsTestExecutionListener]
2020-08-08 23:40:15.875  INFO 2028 --- [    Test worker] t.a.d.m.DataMongoTestContextBootstrapper : Using TestExecutionListeners: [org.springframework.test.context.web.ServletTestExecutionListener@706ac8dd, org.springframework.test.context.support.DirtiesContextBeforeModesTestExecutionListener@2169e441, org.springframework.boot.test.mock.mockito.MockitoTestExecutionListener@39b84d5b, org.springframework.boot.test.autoconfigure.SpringBootDependencyInjectionTestExecutionListener@6a89e5a, org.springframework.test.context.support.DirtiesContextTestExecutionListener@20229272, org.springframework.test.context.transaction.TransactionalTestExecutionListener@4e0721db, org.springframework.test.context.jdbc.SqlScriptsTestExecutionListener@35ae7fd5, org.springframework.boot.test.autoconfigure.restdocs.RestDocsTestExecutionListener@77b67d74, org.springframework.boot.test.autoconfigure.web.client.MockRestServiceServerResetTestExecutionListener@43b3d0f2, org.springframework.boot.test.autoconfigure.web.servlet.MockMvcPrintOnlyOnFailureTestExecutionListener@344d28a6, org.springframework.boot.test.autoconfigure.web.servlet.WebDriverTestExecutionListener@72dbb92d, org.springframework.boot.test.mock.mockito.ResetMocksTestExecutionListener@36c237df]
2020-08-08 23:40:17.139  INFO 2028 --- [       Thread-8] o.s.b.a.mongo.embedded.EmbeddedMongo     : 2020-08-08T23:40:17.138+0200 I NETWORK  [thread1] connection accepted from 127.0.0.1:50614 #3 (3 connections now open)
2020-08-08 23:40:17.183  INFO 2028 --- [       Thread-8] o.s.b.a.mongo.embedded.EmbeddedMongo     : 2020-08-08T23:40:17.183+0200 I NETWORK  [conn3] received client metadata from 127.0.0.1:50614 conn3: { driver: { name: "mongo-java-driver|mongo-java-driver-reactivestreams", version: "3.8.2|1.9.2" }, os: { type: "Darwin", name: "Mac OS X", architecture: "x86_64", version: "10.15.6" }, platform: "Java/Oracle Corporation/1.8.0_261-b12" }
2020-08-08 23:40:17.203  INFO 2028 --- [localhost:50585] org.mongodb.driver.connection            : Opened connection [connectionId{localValue:2, serverValue:3}] to localhost:50585
2020-08-08 23:40:17.206  INFO 2028 --- [localhost:50585] org.mongodb.driver.cluster               : Monitor thread successfully connected to server with description ServerDescription{address=localhost:50585, type=STANDALONE, state=CONNECTED, ok=true, version=ServerVersion{versionList=[3, 5, 5]}, minWireVersion=0, maxWireVersion=5, maxDocumentSize=16777216, logicalSessionTimeoutMinutes=null, roundTripTimeNanos=2676354}

  .   ____          _            __ _ _
 /\\ / ___'_ __ _ _(_)_ __  __ _ \ \ \ \
( ( )\___ | '_ | '_| | '_ \/ _` | \ \ \ \
 \\/  ___)| |_)| | | | | || (_| |  ) ) ) )
  '  |____| .__|_| |_|_| |_\__, | / / / /
 =========|_|==============|___/=/_/_/_/
 :: Spring Boot ::        (v2.1.0.RELEASE)

2020-08-08 23:40:32.141  INFO 2028 --- [    Test worker] g.s.repositories.CategoryRepositroyIT    : Starting CategoryRepositroyIT on enjoys-Mac.local with PID 2028 (started by enjoy in /Users/enjoy/IdeaProjects/recipe-monogdb)
2020-08-08 23:40:32.145  INFO 2028 --- [    Test worker] g.s.repositories.CategoryRepositroyIT    : No active profile set, falling back to default profiles: default
2020-08-08 23:40:32.233  INFO 2028 --- [    Test worker] .s.d.r.c.RepositoryConfigurationDelegate : Bootstrapping Spring Data repositories in DEFAULT mode.
2020-08-08 23:40:32.252  INFO 2028 --- [    Test worker] .s.d.r.c.RepositoryConfigurationDelegate : Finished Spring Data repository scanning in 19ms. Found 3 repository interfaces.
2020-08-08 23:40:32.254  INFO 2028 --- [    Test worker] .s.d.r.c.RepositoryConfigurationDelegate : Bootstrapping Spring Data repositories in DEFAULT mode.
2020-08-08 23:40:32.271  INFO 2028 --- [    Test worker] .s.d.r.c.RepositoryConfigurationDelegate : Finished Spring Data repository scanning in 17ms. Found 3 repository interfaces.
2020-08-08 23:40:48.119  INFO 2028 --- [      Thread-17] o.s.b.a.mongo.embedded.EmbeddedMongo     : note: noprealloc may hurt performance in many applications
2020-08-08 23:40:48.125  INFO 2028 --- [      Thread-17] o.s.b.a.mongo.embedded.EmbeddedMongo     : 2020-08-08T23:40:48.124+0200 I CONTROL  [initandlisten] MongoDB starting : pid=2046 port=50627 dbpath=/var/folders/g6/yfs_2vzj2sgblvpmwbsq6vkw0000gn/T/embedmongo-db-f449190d-225e-4dc2-8d83-c01c5410bf2d 64-bit host=enjoys-Mac.local
2020-08-08 23:40:48.126  INFO 2028 --- [      Thread-17] o.s.b.a.mongo.embedded.EmbeddedMongo     : 2020-08-08T23:40:48.125+0200 I CONTROL  [initandlisten] db version v3.5.5
2020-08-08 23:40:48.126  INFO 2028 --- [      Thread-17] o.s.b.a.mongo.embedded.EmbeddedMongo     : 2020-08-08T23:40:48.125+0200 I CONTROL  [initandlisten] git version: 98515c812b6fa893613f063dae568ff8319cbfbd
2020-08-08 23:40:48.126  INFO 2028 --- [      Thread-17] o.s.b.a.mongo.embedded.EmbeddedMongo     : 2020-08-08T23:40:48.125+0200 I CONTROL  [initandlisten] allocator: system
2020-08-08 23:40:48.126  INFO 2028 --- [      Thread-17] o.s.b.a.mongo.embedded.EmbeddedMongo     : 2020-08-08T23:40:48.125+0200 I CONTROL  [initandlisten] modules: none
2020-08-08 23:40:48.126  INFO 2028 --- [      Thread-17] o.s.b.a.mongo.embedded.EmbeddedMongo     : 2020-08-08T23:40:48.125+0200 I CONTROL  [initandlisten] build environment:
2020-08-08 23:40:48.126  INFO 2028 --- [      Thread-17] o.s.b.a.mongo.embedded.EmbeddedMongo     : 2020-08-08T23:40:48.125+0200 I CONTROL  [initandlisten]     distarch: x86_64
2020-08-08 23:40:48.127  INFO 2028 --- [      Thread-17] o.s.b.a.mongo.embedded.EmbeddedMongo     : 2020-08-08T23:40:48.125+0200 I CONTROL  [initandlisten]     target_arch: x86_64
2020-08-08 23:40:48.127  INFO 2028 --- [      Thread-17] o.s.b.a.mongo.embedded.EmbeddedMongo     : 2020-08-08T23:40:48.125+0200 I CONTROL  [initandlisten] options: { net: { bindIp: "127.0.0.1", http: { enabled: false }, port: 50627 }, security: { authorization: "disabled" }, storage: { dbPath: "/var/folders/g6/yfs_2vzj2sgblvpmwbsq6vkw0000gn/T/embedmongo-db-f449190d-225e-4dc2-8d83-c01c5410bf2d", journal: { enabled: false }, mmapv1: { preallocDataFiles: false, smallFiles: true }, syncPeriodSecs: 0.0 } }
2020-08-08 23:40:48.127  INFO 2028 --- [      Thread-17] o.s.b.a.mongo.embedded.EmbeddedMongo     : 2020-08-08T23:40:48.126+0200 I STORAGE  [initandlisten] wiredtiger_open config: create,cache_size=3488M,session_max=20000,eviction=(threads_min=4,threads_max=4),config_base=false,statistics=(fast),log=(enabled=true,archive=true,path=journal,compressor=snappy),file_manager=(close_idle_time=100000),checkpoint=(wait=0,log_size=2GB),statistics_log=(wait=0),verbose=(recovery_progress),,log=(enabled=false),
2020-08-08 23:40:48.158  INFO 2028 --- [      Thread-17] o.s.b.a.mongo.embedded.EmbeddedMongo     : 2020-08-08T23:40:48.158+0200 W STORAGE  [initandlisten] Detected configuration for non-active storage engine mmapv1 when current storage engine is wiredTiger
2020-08-08 23:40:48.158  INFO 2028 --- [      Thread-17] o.s.b.a.mongo.embedded.EmbeddedMongo     : 2020-08-08T23:40:48.158+0200 I CONTROL  [initandlisten] 
2020-08-08 23:40:48.158  INFO 2028 --- [      Thread-17] o.s.b.a.mongo.embedded.EmbeddedMongo     : 2020-08-08T23:40:48.158+0200 I CONTROL  [initandlisten] ** NOTE: This is a development version (3.5.5) of MongoDB.
2020-08-08 23:40:48.158  INFO 2028 --- [      Thread-17] o.s.b.a.mongo.embedded.EmbeddedMongo     : 2020-08-08T23:40:48.158+0200 I CONTROL  [initandlisten] **       Not recommended for production.
2020-08-08 23:40:48.159  INFO 2028 --- [      Thread-17] o.s.b.a.mongo.embedded.EmbeddedMongo     : 2020-08-08T23:40:48.158+0200 I CONTROL  [initandlisten] 
2020-08-08 23:40:48.170  INFO 2028 --- [      Thread-17] o.s.b.a.mongo.embedded.EmbeddedMongo     : 2020-08-08T23:40:48.170+0200 I FTDC     [initandlisten] Initializing full-time diagnostic data capture with directory '/var/folders/g6/yfs_2vzj2sgblvpmwbsq6vkw0000gn/T/embedmongo-db-f449190d-225e-4dc2-8d83-c01c5410bf2d/diagnostic.data'
2020-08-08 23:40:48.189  INFO 2028 --- [      Thread-17] o.s.b.a.mongo.embedded.EmbeddedMongo     : 2020-08-08T23:40:48.189+0200 I INDEX    [initandlisten] build index on: admin.system.version properties: { v: 2, key: { version: 1 }, name: "incompatible_with_version_32", ns: "admin.system.version" }
2020-08-08 23:40:48.189  INFO 2028 --- [      Thread-17] o.s.b.a.mongo.embedded.EmbeddedMongo     : 2020-08-08T23:40:48.189+0200 I INDEX    [initandlisten] 	 building index using bulk method; build may temporarily use up to 500 megabytes of RAM
2020-08-08 23:40:48.190  INFO 2028 --- [      Thread-17] o.s.b.a.mongo.embedded.EmbeddedMongo     : 2020-08-08T23:40:48.190+0200 I INDEX    [initandlisten] build index done.  scanned 0 total records. 0 secs
2020-08-08 23:40:48.191  INFO 2028 --- [      Thread-17] o.s.b.a.mongo.embedded.EmbeddedMongo     : 2020-08-08T23:40:48.191+0200 I COMMAND  [initandlisten] setting featureCompatibilityVersion to 3.4
2020-08-08 23:40:48.191  INFO 2028 --- [      Thread-17] o.s.b.a.mongo.embedded.EmbeddedMongo     : 2020-08-08T23:40:48.191+0200 I NETWORK  [thread1] waiting for connections on port 50627
2020-08-08 23:40:48.192  INFO 2028 --- [    Test worker] d.f.embed.mongo.MongodExecutable         : start de.flapdoodle.embed.mongo.config.MongodConfigBuilder$ImmutableMongodConfig@822e543
2020-08-08 23:40:48.196  INFO 2028 --- [    Test worker] org.mongodb.driver.cluster               : Cluster created with settings {hosts=[localhost:50627], mode=MULTIPLE, requiredClusterType=UNKNOWN, serverSelectionTimeout='30000 ms', maxWaitQueueSize=500}
2020-08-08 23:40:48.197  INFO 2028 --- [    Test worker] org.mongodb.driver.cluster               : Adding discovered server localhost:50627 to client view of cluster
2020-08-08 23:40:48.199  INFO 2028 --- [      Thread-17] o.s.b.a.mongo.embedded.EmbeddedMongo     : 2020-08-08T23:40:48.199+0200 I NETWORK  [thread1] connection accepted from 127.0.0.1:50639 #1 (1 connection now open)
2020-08-08 23:40:48.199  INFO 2028 --- [      Thread-17] o.s.b.a.mongo.embedded.EmbeddedMongo     : 2020-08-08T23:40:48.199+0200 I NETWORK  [conn1] received client metadata from 127.0.0.1:50639 conn1: { driver: { name: "mongo-java-driver", version: "3.8.2" }, os: { type: "Darwin", name: "Mac OS X", architecture: "x86_64", version: "10.15.6" }, platform: "Java/Oracle Corporation/1.8.0_261-b12" }
2020-08-08 23:40:48.205  INFO 2028 --- [localhost:50627] org.mongodb.driver.connection            : Opened connection [connectionId{localValue:4, serverValue:1}] to localhost:50627
2020-08-08 23:40:48.212  INFO 2028 --- [localhost:50627] org.mongodb.driver.cluster               : Monitor thread successfully connected to server with description ServerDescription{address=localhost:50627, type=STANDALONE, state=CONNECTED, ok=true, version=ServerVersion{versionList=[3, 5, 5]}, minWireVersion=0, maxWireVersion=5, maxDocumentSize=16777216, logicalSessionTimeoutMinutes=null, roundTripTimeNanos=5845891}
2020-08-08 23:40:48.217  INFO 2028 --- [localhost:50627] org.mongodb.driver.cluster               : Discovered cluster type of STANDALONE
2020-08-08 23:40:48.269  INFO 2028 --- [    Test worker] m.c.i.MongoPersistentEntityIndexResolver : Found cycle for field '_id' in type 'Category' for path 'categories -> recipes -> categories'
2020-08-08 23:40:48.271  INFO 2028 --- [    Test worker] m.c.i.MongoPersistentEntityIndexResolver : Found cycle for field 'recipes' in type 'Category' for path 'categories -> recipes -> categories'
2020-08-08 23:40:48.271  INFO 2028 --- [    Test worker] m.c.i.MongoPersistentEntityIndexResolver : Found cycle for field '_id' in type 'Recipe' for path 'recipes -> categories -> recipes'
2020-08-08 23:40:48.272  INFO 2028 --- [    Test worker] m.c.i.MongoPersistentEntityIndexResolver : Found cycle for field 'categories' in type 'Recipe' for path 'recipes -> categories -> recipes'
2020-08-08 23:40:48.291  INFO 2028 --- [    Test worker] org.mongodb.driver.cluster               : Cluster created with settings {hosts=[localhost:50627], mode=SINGLE, requiredClusterType=UNKNOWN, serverSelectionTimeout='30000 ms', maxWaitQueueSize=500}
2020-08-08 23:40:48.295  INFO 2028 --- [      Thread-17] o.s.b.a.mongo.embedded.EmbeddedMongo     : 2020-08-08T23:40:48.295+0200 I NETWORK  [thread1] connection accepted from 127.0.0.1:50640 #2 (2 connections now open)
2020-08-08 23:40:48.297  INFO 2028 --- [      Thread-17] o.s.b.a.mongo.embedded.EmbeddedMongo     : 2020-08-08T23:40:48.297+0200 I NETWORK  [conn2] received client metadata from 127.0.0.1:50640 conn2: { driver: { name: "mongo-java-driver|mongo-java-driver-reactivestreams", version: "3.8.2|1.9.2" }, os: { type: "Darwin", name: "Mac OS X", architecture: "x86_64", version: "10.15.6" }, platform: "Java/Oracle Corporation/1.8.0_261-b12" }
2020-08-08 23:40:48.303  INFO 2028 --- [localhost:50627] org.mongodb.driver.connection            : Opened connection [connectionId{localValue:5, serverValue:2}] to localhost:50627
2020-08-08 23:40:48.305  INFO 2028 --- [localhost:50627] org.mongodb.driver.cluster               : Monitor thread successfully connected to server with description ServerDescription{address=localhost:50627, type=STANDALONE, state=CONNECTED, ok=true, version=ServerVersion{versionList=[3, 5, 5]}, minWireVersion=0, maxWireVersion=5, maxDocumentSize=16777216, logicalSessionTimeoutMinutes=null, roundTripTimeNanos=1484174}
2020-08-08 23:40:48.310  INFO 2028 --- [    Test worker] m.c.i.MongoPersistentEntityIndexResolver : Found cycle for field '_id' in type 'Category' for path 'categories -> recipes -> categories'
2020-08-08 23:40:48.310  INFO 2028 --- [    Test worker] m.c.i.MongoPersistentEntityIndexResolver : Found cycle for field 'recipes' in type 'Category' for path 'categories -> recipes -> categories'
2020-08-08 23:40:48.311  INFO 2028 --- [    Test worker] m.c.i.MongoPersistentEntityIndexResolver : Found cycle for field '_id' in type 'Recipe' for path 'recipes -> categories -> recipes'
2020-08-08 23:40:48.321  INFO 2028 --- [    Test worker] m.c.i.MongoPersistentEntityIndexResolver : Found cycle for field 'categories' in type 'Recipe' for path 'recipes -> categories -> recipes'
2020-08-08 23:40:48.397  INFO 2028 --- [    Test worker] g.s.repositories.CategoryRepositroyIT    : Started CategoryRepositroyIT in 32.519 seconds (JVM running for 83.037)
2020-08-08 23:40:48.448  INFO 2028 --- [      Thread-17] o.s.b.a.mongo.embedded.EmbeddedMongo     : 2020-08-08T23:40:48.448+0200 I NETWORK  [thread1] connection accepted from 127.0.0.1:50641 #3 (3 connections now open)
2020-08-08 23:40:48.453  INFO 2028 --- [      Thread-17] o.s.b.a.mongo.embedded.EmbeddedMongo     : 2020-08-08T23:40:48.453+0200 I NETWORK  [conn3] received client metadata from 127.0.0.1:50641 conn3: { driver: { name: "mongo-java-driver|mongo-java-driver-reactivestreams", version: "3.8.2|1.9.2" }, os: { type: "Darwin", name: "Mac OS X", architecture: "x86_64", version: "10.15.6" }, platform: "Java/Oracle Corporation/1.8.0_261-b12" }
2020-08-08 23:40:48.460  INFO 2028 --- [ntLoopGroup-3-2] org.mongodb.driver.connection            : Opened connection [connectionId{localValue:6, serverValue:3}] to localhost:50627
]]></system-out>
  <system-err><![CDATA[]]></system-err>
</testsuite>
