<?xml version="1.0" encoding="UTF-8"?>
<testsuite name="guru.springframework.services.RecipeServiceIT" tests="0" skipped="0" failures="0" errors="0" timestamp="1970-01-01T00:00:00" hostname="enjoys-Mac.local" time="0.0">
  <properties/>
  <system-out><![CDATA[2020-08-04 22:27:20.533  INFO 1113 --- [    Test worker] .b.t.c.SpringBootTestContextBootstrapper : Neither @ContextConfiguration nor @ContextHierarchy found for test class [guru.springframework.services.RecipeServiceIT], using SpringBootContextLoader
2020-08-04 22:27:20.555  INFO 1113 --- [    Test worker] o.s.t.c.support.AbstractContextLoader    : Could not detect default resource locations for test class [guru.springframework.services.RecipeServiceIT]: no resource found for suffixes {-context.xml, Context.groovy}.
2020-08-04 22:27:20.559  INFO 1113 --- [    Test worker] t.c.s.AnnotationConfigContextLoaderUtils : Could not detect default configuration classes for test class [guru.springframework.services.RecipeServiceIT]: RecipeServiceIT does not declare any static, non-private, non-final, nested classes annotated with @Configuration.
2020-08-04 22:27:20.583  INFO 1113 --- [    Test worker] .b.t.c.SpringBootTestContextBootstrapper : Found @SpringBootConfiguration guru.springframework.Spring5MongoRecipeAppApplication for test class guru.springframework.services.RecipeServiceIT
2020-08-04 22:27:20.585  INFO 1113 --- [    Test worker] .b.t.c.SpringBootTestContextBootstrapper : Loaded default TestExecutionListener class names from location [META-INF/spring.factories]: [org.springframework.boot.test.autoconfigure.restdocs.RestDocsTestExecutionListener, org.springframework.boot.test.autoconfigure.web.client.MockRestServiceServerResetTestExecutionListener, org.springframework.boot.test.autoconfigure.web.servlet.MockMvcPrintOnlyOnFailureTestExecutionListener, org.springframework.boot.test.autoconfigure.web.servlet.WebDriverTestExecutionListener, org.springframework.boot.test.mock.mockito.MockitoTestExecutionListener, org.springframework.boot.test.mock.mockito.ResetMocksTestExecutionListener, org.springframework.test.context.web.ServletTestExecutionListener, org.springframework.test.context.support.DirtiesContextBeforeModesTestExecutionListener, org.springframework.test.context.support.DependencyInjectionTestExecutionListener, org.springframework.test.context.support.DirtiesContextTestExecutionListener, org.springframework.test.context.transaction.TransactionalTestExecutionListener, org.springframework.test.context.jdbc.SqlScriptsTestExecutionListener]
2020-08-04 22:27:20.586  INFO 1113 --- [    Test worker] .b.t.c.SpringBootTestContextBootstrapper : Using TestExecutionListeners: [org.springframework.test.context.web.ServletTestExecutionListener@237a9e70, org.springframework.test.context.support.DirtiesContextBeforeModesTestExecutionListener@3edecfb5, org.springframework.boot.test.mock.mockito.MockitoTestExecutionListener@43bac26e, org.springframework.boot.test.autoconfigure.SpringBootDependencyInjectionTestExecutionListener@1005e620, org.springframework.test.context.support.DirtiesContextTestExecutionListener@67fb734e, org.springframework.test.context.transaction.TransactionalTestExecutionListener@2f90bb63, org.springframework.test.context.jdbc.SqlScriptsTestExecutionListener@3a2cb54d, org.springframework.boot.test.autoconfigure.restdocs.RestDocsTestExecutionListener@52770ce, org.springframework.boot.test.autoconfigure.web.client.MockRestServiceServerResetTestExecutionListener@39fa0227, org.springframework.boot.test.autoconfigure.web.servlet.MockMvcPrintOnlyOnFailureTestExecutionListener@139bedd8, org.springframework.boot.test.autoconfigure.web.servlet.WebDriverTestExecutionListener@4cc2b43b, org.springframework.boot.test.mock.mockito.ResetMocksTestExecutionListener@72dd0c6d]
]]></system-out>
  <system-err><![CDATA[]]></system-err>
</testsuite>
