<?xml version="1.0" encoding="UTF-8"?>
<testsuite name="guru.springframework.controllers.RecipeControllerTest" tests="7" skipped="0" failures="0" errors="0" timestamp="2020-08-08T20:31:34" hostname="enjoys-Mac.local" time="1.294">
  <properties/>
  <testcase name="testPostNewRecipeForm" classname="guru.springframework.controllers.RecipeControllerTest" time="0.871"/>
  <testcase name="testGetNewRecipeForm" classname="guru.springframework.controllers.RecipeControllerTest" time="0.073"/>
  <testcase name="testGetRecipeNotFound" classname="guru.springframework.controllers.RecipeControllerTest" time="0.073"/>
  <testcase name="testPostNewRecipeFormValidationFail" classname="guru.springframework.controllers.RecipeControllerTest" time="0.12"/>
  <testcase name="testDeleteAction" classname="guru.springframework.controllers.RecipeControllerTest" time="0.07"/>
  <testcase name="testGetUpdateView" classname="guru.springframework.controllers.RecipeControllerTest" time="0.027"/>
  <testcase name="testGetRecipe" classname="guru.springframework.controllers.RecipeControllerTest" time="0.058"/>
  <system-out><![CDATA[2020-08-08 22:31:34.975  INFO 1243 --- [    Test worker] o.s.mock.web.MockServletContext          : Initializing Spring TestDispatcherServlet ''
2020-08-08 22:31:34.976  INFO 1243 --- [    Test worker] o.s.t.web.servlet.TestDispatcherServlet  : Initializing Servlet ''
2020-08-08 22:31:34.984  INFO 1243 --- [    Test worker] o.s.t.web.servlet.TestDispatcherServlet  : Completed initialization in 8 ms
2020-08-08 22:31:35.348  INFO 1243 --- [    Test worker] o.s.mock.web.MockServletContext          : Initializing Spring TestDispatcherServlet ''
2020-08-08 22:31:35.349  INFO 1243 --- [    Test worker] o.s.t.web.servlet.TestDispatcherServlet  : Initializing Servlet ''
2020-08-08 22:31:35.349  INFO 1243 --- [    Test worker] o.s.t.web.servlet.TestDispatcherServlet  : Completed initialization in 0 ms
2020-08-08 22:31:35.393  INFO 1243 --- [    Test worker] o.s.mock.web.MockServletContext          : Initializing Spring TestDispatcherServlet ''
2020-08-08 22:31:35.394  INFO 1243 --- [    Test worker] o.s.t.web.servlet.TestDispatcherServlet  : Initializing Servlet ''
2020-08-08 22:31:35.395  INFO 1243 --- [    Test worker] o.s.t.web.servlet.TestDispatcherServlet  : Completed initialization in 0 ms
2020-08-08 22:31:35.427 ERROR 1243 --- [    Test worker] g.s.controllers.RecipeController         : Handling not found exception
2020-08-08 22:31:35.427 ERROR 1243 --- [    Test worker] g.s.controllers.RecipeController         : null
2020-08-08 22:31:35.475  INFO 1243 --- [    Test worker] o.s.mock.web.MockServletContext          : Initializing Spring TestDispatcherServlet ''
2020-08-08 22:31:35.482  INFO 1243 --- [    Test worker] o.s.t.web.servlet.TestDispatcherServlet  : Initializing Servlet ''
2020-08-08 22:31:35.489  INFO 1243 --- [    Test worker] o.s.t.web.servlet.TestDispatcherServlet  : Completed initialization in 1 ms
2020-08-08 22:31:35.597  INFO 1243 --- [    Test worker] o.s.mock.web.MockServletContext          : Initializing Spring TestDispatcherServlet ''
2020-08-08 22:31:35.602  INFO 1243 --- [    Test worker] o.s.t.web.servlet.TestDispatcherServlet  : Initializing Servlet ''
2020-08-08 22:31:35.606  INFO 1243 --- [    Test worker] o.s.t.web.servlet.TestDispatcherServlet  : Completed initialization in 0 ms
2020-08-08 22:31:35.644  INFO 1243 --- [    Test worker] o.s.mock.web.MockServletContext          : Initializing Spring TestDispatcherServlet ''
2020-08-08 22:31:35.644  INFO 1243 --- [    Test worker] o.s.t.web.servlet.TestDispatcherServlet  : Initializing Servlet ''
2020-08-08 22:31:35.644  INFO 1243 --- [    Test worker] o.s.t.web.servlet.TestDispatcherServlet  : Completed initialization in 0 ms
2020-08-08 22:31:35.686  INFO 1243 --- [    Test worker] o.s.mock.web.MockServletContext          : Initializing Spring TestDispatcherServlet ''
2020-08-08 22:31:35.689  INFO 1243 --- [    Test worker] o.s.t.web.servlet.TestDispatcherServlet  : Initializing Servlet ''
2020-08-08 22:31:35.690  INFO 1243 --- [    Test worker] o.s.t.web.servlet.TestDispatcherServlet  : Completed initialization in 0 ms
]]></system-out>
  <system-err><![CDATA[]]></system-err>
</testsuite>
