<?xml version="1.0" encoding="UTF-8"?>
<testsuite name="guru.springframework.converters.CategoryToCategoryCommandTest" tests="3" skipped="0" failures="0" errors="0" timestamp="2020-08-08T21:12:20" hostname="enjoys-Mac.local" time="0.005">
  <properties/>
  <testcase name="testEmptyObject" classname="guru.springframework.converters.CategoryToCategoryCommandTest" time="0.001"/>
  <testcase name="convert" classname="guru.springframework.converters.CategoryToCategoryCommandTest" time="0.001"/>
  <testcase name="testNullObject" classname="guru.springframework.converters.CategoryToCategoryCommandTest" time="0.001"/>
  <system-out><![CDATA[]]></system-out>
  <system-err><![CDATA[]]></system-err>
</testsuite>
