<?xml version="1.0" encoding="UTF-8"?>
<testsuite name="guru.springframework.services.RecipeServiceIT" tests="1" skipped="0" failures="0" errors="0" timestamp="2020-08-08T21:40:50" hostname="enjoys-Mac.local" time="0.026">
  <properties/>
  <testcase name="testSaveOfDescription" classname="guru.springframework.services.RecipeServiceIT" time="0.026"/>
  <system-out><![CDATA[2020-08-08 23:40:50.118  INFO 2028 --- [    Test worker] .b.t.c.SpringBootTestContextBootstrapper : Neither @ContextConfiguration nor @ContextHierarchy found for test class [guru.springframework.services.RecipeServiceIT], using SpringBootContextLoader
2020-08-08 23:40:50.119  INFO 2028 --- [    Test worker] o.s.t.c.support.AbstractContextLoader    : Could not detect default resource locations for test class [guru.springframework.services.RecipeServiceIT]: no resource found for suffixes {-context.xml, Context.groovy}.
2020-08-08 23:40:50.120  INFO 2028 --- [    Test worker] t.c.s.AnnotationConfigContextLoaderUtils : Could not detect default configuration classes for test class [guru.springframework.services.RecipeServiceIT]: RecipeServiceIT does not declare any static, non-private, non-final, nested classes annotated with @Configuration.
2020-08-08 23:40:50.135  INFO 2028 --- [    Test worker] .b.t.c.SpringBootTestContextBootstrapper : Found @SpringBootConfiguration guru.springframework.Spring5MongoRecipeAppApplication for test class guru.springframework.services.RecipeServiceIT
2020-08-08 23:40:50.157  INFO 2028 --- [    Test worker] .b.t.c.SpringBootTestContextBootstrapper : Loaded default TestExecutionListener class names from location [META-INF/spring.factories]: [org.springframework.boot.test.autoconfigure.restdocs.RestDocsTestExecutionListener, org.springframework.boot.test.autoconfigure.web.client.MockRestServiceServerResetTestExecutionListener, org.springframework.boot.test.autoconfigure.web.servlet.MockMvcPrintOnlyOnFailureTestExecutionListener, org.springframework.boot.test.autoconfigure.web.servlet.WebDriverTestExecutionListener, org.springframework.boot.test.mock.mockito.MockitoTestExecutionListener, org.springframework.boot.test.mock.mockito.ResetMocksTestExecutionListener, org.springframework.test.context.web.ServletTestExecutionListener, org.springframework.test.context.support.DirtiesContextBeforeModesTestExecutionListener, org.springframework.test.context.support.DependencyInjectionTestExecutionListener, org.springframework.test.context.support.DirtiesContextTestExecutionListener, org.springframework.test.context.transaction.TransactionalTestExecutionListener, org.springframework.test.context.jdbc.SqlScriptsTestExecutionListener]
2020-08-08 23:40:50.160  INFO 2028 --- [    Test worker] .b.t.c.SpringBootTestContextBootstrapper : Using TestExecutionListeners: [org.springframework.test.context.web.ServletTestExecutionListener@d4b1524, org.springframework.test.context.support.DirtiesContextBeforeModesTestExecutionListener@2768d1f6, org.springframework.boot.test.mock.mockito.MockitoTestExecutionListener@130ecd84, org.springframework.boot.test.autoconfigure.SpringBootDependencyInjectionTestExecutionListener@6d376cb1, org.springframework.test.context.support.DirtiesContextTestExecutionListener@3880b606, org.springframework.test.context.transaction.TransactionalTestExecutionListener@59063781, org.springframework.test.context.jdbc.SqlScriptsTestExecutionListener@3c81b3c8, org.springframework.boot.test.autoconfigure.restdocs.RestDocsTestExecutionListener@6a05120d, org.springframework.boot.test.autoconfigure.web.client.MockRestServiceServerResetTestExecutionListener@5708a9cd, org.springframework.boot.test.autoconfigure.web.servlet.MockMvcPrintOnlyOnFailureTestExecutionListener@3fda2692, org.springframework.boot.test.autoconfigure.web.servlet.WebDriverTestExecutionListener@e74cd52, org.springframework.boot.test.mock.mockito.ResetMocksTestExecutionListener@4ca333eb]
]]></system-out>
  <system-err><![CDATA[]]></system-err>
</testsuite>
