<?xml version="1.0" encoding="UTF-8"?>
<testsuite name="guru.springframework.repositories.CategoryRepositroyIT" tests="2" skipped="0" failures="0" errors="0" timestamp="2020-08-08T20:31:33" hostname="enjoys-Mac.local" time="0.252">
  <properties/>
  <testcase name="testSave" classname="guru.springframework.repositories.CategoryRepositroyIT" time="0.183"/>
  <testcase name="testFindByDescription" classname="guru.springframework.repositories.CategoryRepositroyIT" time="0.065"/>
  <system-out><![CDATA[2020-08-08 22:31:00.045  INFO 1243 --- [    Test worker] t.a.d.m.DataMongoTestContextBootstrapper : Neither @ContextConfiguration nor @ContextHierarchy found for test class [guru.springframework.repositories.CategoryRepositroyIT], using SpringBootContextLoader
2020-08-08 22:31:00.047  INFO 1243 --- [    Test worker] o.s.t.c.support.AbstractContextLoader    : Could not detect default resource locations for test class [guru.springframework.repositories.CategoryRepositroyIT]: no resource found for suffixes {-context.xml, Context.groovy}.
2020-08-08 22:31:00.047  INFO 1243 --- [    Test worker] t.c.s.AnnotationConfigContextLoaderUtils : Could not detect default configuration classes for test class [guru.springframework.repositories.CategoryRepositroyIT]: CategoryRepositroyIT does not declare any static, non-private, non-final, nested classes annotated with @Configuration.
2020-08-08 22:31:00.075  INFO 1243 --- [    Test worker] .b.t.c.SpringBootTestContextBootstrapper : Found @SpringBootConfiguration guru.springframework.Spring5MongoRecipeAppApplication for test class guru.springframework.repositories.CategoryRepositroyIT
2020-08-08 22:31:00.080  INFO 1243 --- [    Test worker] t.a.d.m.DataMongoTestContextBootstrapper : Loaded default TestExecutionListener class names from location [META-INF/spring.factories]: [org.springframework.boot.test.autoconfigure.restdocs.RestDocsTestExecutionListener, org.springframework.boot.test.autoconfigure.web.client.MockRestServiceServerResetTestExecutionListener, org.springframework.boot.test.autoconfigure.web.servlet.MockMvcPrintOnlyOnFailureTestExecutionListener, org.springframework.boot.test.autoconfigure.web.servlet.WebDriverTestExecutionListener, org.springframework.boot.test.mock.mockito.MockitoTestExecutionListener, org.springframework.boot.test.mock.mockito.ResetMocksTestExecutionListener, org.springframework.test.context.web.ServletTestExecutionListener, org.springframework.test.context.support.DirtiesContextBeforeModesTestExecutionListener, org.springframework.test.context.support.DependencyInjectionTestExecutionListener, org.springframework.test.context.support.DirtiesContextTestExecutionListener, org.springframework.test.context.transaction.TransactionalTestExecutionListener, org.springframework.test.context.jdbc.SqlScriptsTestExecutionListener]
2020-08-08 22:31:00.081  INFO 1243 --- [    Test worker] t.a.d.m.DataMongoTestContextBootstrapper : Using TestExecutionListeners: [org.springframework.test.context.web.ServletTestExecutionListener@75e2bc72, org.springframework.test.context.support.DirtiesContextBeforeModesTestExecutionListener@461435c0, org.springframework.boot.test.mock.mockito.MockitoTestExecutionListener@61d5d87d, org.springframework.boot.test.autoconfigure.SpringBootDependencyInjectionTestExecutionListener@77920741, org.springframework.test.context.support.DirtiesContextTestExecutionListener@177334ed, org.springframework.test.context.transaction.TransactionalTestExecutionListener@70aeb9f6, org.springframework.test.context.jdbc.SqlScriptsTestExecutionListener@3ff791ae, org.springframework.boot.test.autoconfigure.restdocs.RestDocsTestExecutionListener@5838311e, org.springframework.boot.test.autoconfigure.web.client.MockRestServiceServerResetTestExecutionListener@5662b2a8, org.springframework.boot.test.autoconfigure.web.servlet.MockMvcPrintOnlyOnFailureTestExecutionListener@5306c09b, org.springframework.boot.test.autoconfigure.web.servlet.WebDriverTestExecutionListener@50ff41b4, org.springframework.boot.test.mock.mockito.ResetMocksTestExecutionListener@49d63a74]
2020-08-08 22:31:02.764  INFO 1243 --- [       Thread-8] o.s.b.a.mongo.embedded.EmbeddedMongo     : 2020-08-08T22:31:02.764+0200 I NETWORK  [thread1] connection accepted from 127.0.0.1:49973 #3 (3 connections now open)
2020-08-08 22:31:02.808  INFO 1243 --- [       Thread-8] o.s.b.a.mongo.embedded.EmbeddedMongo     : 2020-08-08T22:31:02.808+0200 I NETWORK  [conn3] received client metadata from 127.0.0.1:49973 conn3: { driver: { name: "mongo-java-driver|mongo-java-driver-reactivestreams", version: "3.8.2|1.9.2" }, os: { type: "Darwin", name: "Mac OS X", architecture: "x86_64", version: "10.15.6" }, platform: "Java/Oracle Corporation/1.8.0_261-b12" }
2020-08-08 22:31:02.830  INFO 1243 --- [localhost:49967] org.mongodb.driver.connection            : Opened connection [connectionId{localValue:2, serverValue:3}] to localhost:49967
2020-08-08 22:31:02.833  INFO 1243 --- [localhost:49967] org.mongodb.driver.cluster               : Monitor thread successfully connected to server with description ServerDescription{address=localhost:49967, type=STANDALONE, state=CONNECTED, ok=true, version=ServerVersion{versionList=[3, 5, 5]}, minWireVersion=0, maxWireVersion=5, maxDocumentSize=16777216, logicalSessionTimeoutMinutes=null, roundTripTimeNanos=2446441}

  .   ____          _            __ _ _
 /\\ / ___'_ __ _ _(_)_ __  __ _ \ \ \ \
( ( )\___ | '_ | '_| | '_ \/ _` | \ \ \ \
 \\/  ___)| |_)| | | | | || (_| |  ) ) ) )
  '  |____| .__|_| |_|_| |_\__, | / / / /
 =========|_|==============|___/=/_/_/_/
 :: Spring Boot ::        (v2.1.0.RELEASE)

2020-08-08 22:31:17.761  INFO 1243 --- [    Test worker] g.s.repositories.CategoryRepositroyIT    : Starting CategoryRepositroyIT on enjoys-Mac.local with PID 1243 (started by enjoy in /Users/enjoy/IdeaProjects/recipe-monogdb)
2020-08-08 22:31:17.764  INFO 1243 --- [    Test worker] g.s.repositories.CategoryRepositroyIT    : No active profile set, falling back to default profiles: default
2020-08-08 22:31:17.890  INFO 1243 --- [    Test worker] .s.d.r.c.RepositoryConfigurationDelegate : Bootstrapping Spring Data repositories in DEFAULT mode.
2020-08-08 22:31:17.913  INFO 1243 --- [    Test worker] .s.d.r.c.RepositoryConfigurationDelegate : Finished Spring Data repository scanning in 23ms. Found 3 repository interfaces.
2020-08-08 22:31:17.915  INFO 1243 --- [    Test worker] .s.d.r.c.RepositoryConfigurationDelegate : Bootstrapping Spring Data repositories in DEFAULT mode.
2020-08-08 22:31:17.928  INFO 1243 --- [    Test worker] .s.d.r.c.RepositoryConfigurationDelegate : Finished Spring Data repository scanning in 13ms. Found 3 repository interfaces.
2020-08-08 22:31:33.669  INFO 1243 --- [      Thread-17] o.s.b.a.mongo.embedded.EmbeddedMongo     : note: noprealloc may hurt performance in many applications
2020-08-08 22:31:33.676  INFO 1243 --- [      Thread-17] o.s.b.a.mongo.embedded.EmbeddedMongo     : 2020-08-08T22:31:33.675+0200 I CONTROL  [initandlisten] MongoDB starting : pid=1314 port=50025 dbpath=/var/folders/g6/yfs_2vzj2sgblvpmwbsq6vkw0000gn/T/embedmongo-db-288060a8-5894-4a4e-8000-5f154e02e554 64-bit host=enjoys-Mac.local
2020-08-08 22:31:33.676  INFO 1243 --- [      Thread-17] o.s.b.a.mongo.embedded.EmbeddedMongo     : 2020-08-08T22:31:33.676+0200 I CONTROL  [initandlisten] db version v3.5.5
2020-08-08 22:31:33.677  INFO 1243 --- [      Thread-17] o.s.b.a.mongo.embedded.EmbeddedMongo     : 2020-08-08T22:31:33.676+0200 I CONTROL  [initandlisten] git version: 98515c812b6fa893613f063dae568ff8319cbfbd
2020-08-08 22:31:33.677  INFO 1243 --- [      Thread-17] o.s.b.a.mongo.embedded.EmbeddedMongo     : 2020-08-08T22:31:33.676+0200 I CONTROL  [initandlisten] allocator: system
2020-08-08 22:31:33.677  INFO 1243 --- [      Thread-17] o.s.b.a.mongo.embedded.EmbeddedMongo     : 2020-08-08T22:31:33.676+0200 I CONTROL  [initandlisten] modules: none
2020-08-08 22:31:33.677  INFO 1243 --- [      Thread-17] o.s.b.a.mongo.embedded.EmbeddedMongo     : 2020-08-08T22:31:33.676+0200 I CONTROL  [initandlisten] build environment:
2020-08-08 22:31:33.677  INFO 1243 --- [      Thread-17] o.s.b.a.mongo.embedded.EmbeddedMongo     : 2020-08-08T22:31:33.676+0200 I CONTROL  [initandlisten]     distarch: x86_64
2020-08-08 22:31:33.677  INFO 1243 --- [      Thread-17] o.s.b.a.mongo.embedded.EmbeddedMongo     : 2020-08-08T22:31:33.676+0200 I CONTROL  [initandlisten]     target_arch: x86_64
2020-08-08 22:31:33.677  INFO 1243 --- [      Thread-17] o.s.b.a.mongo.embedded.EmbeddedMongo     : 2020-08-08T22:31:33.676+0200 I CONTROL  [initandlisten] options: { net: { bindIp: "127.0.0.1", http: { enabled: false }, port: 50025 }, security: { authorization: "disabled" }, storage: { dbPath: "/var/folders/g6/yfs_2vzj2sgblvpmwbsq6vkw0000gn/T/embedmongo-db-288060a8-5894-4a4e-8000-5f154e02e554", journal: { enabled: false }, mmapv1: { preallocDataFiles: false, smallFiles: true }, syncPeriodSecs: 0.0 } }
2020-08-08 22:31:33.679  INFO 1243 --- [      Thread-17] o.s.b.a.mongo.embedded.EmbeddedMongo     : 2020-08-08T22:31:33.677+0200 I STORAGE  [initandlisten] wiredtiger_open config: create,cache_size=3488M,session_max=20000,eviction=(threads_min=4,threads_max=4),config_base=false,statistics=(fast),log=(enabled=true,archive=true,path=journal,compressor=snappy),file_manager=(close_idle_time=100000),checkpoint=(wait=0,log_size=2GB),statistics_log=(wait=0),verbose=(recovery_progress),,log=(enabled=false),
2020-08-08 22:31:33.732  INFO 1243 --- [      Thread-17] o.s.b.a.mongo.embedded.EmbeddedMongo     : 2020-08-08T22:31:33.732+0200 W STORAGE  [initandlisten] Detected configuration for non-active storage engine mmapv1 when current storage engine is wiredTiger
2020-08-08 22:31:33.733  INFO 1243 --- [      Thread-17] o.s.b.a.mongo.embedded.EmbeddedMongo     : 2020-08-08T22:31:33.732+0200 I CONTROL  [initandlisten] 
2020-08-08 22:31:33.733  INFO 1243 --- [      Thread-17] o.s.b.a.mongo.embedded.EmbeddedMongo     : 2020-08-08T22:31:33.732+0200 I CONTROL  [initandlisten] ** NOTE: This is a development version (3.5.5) of MongoDB.
2020-08-08 22:31:33.734  INFO 1243 --- [      Thread-17] o.s.b.a.mongo.embedded.EmbeddedMongo     : 2020-08-08T22:31:33.732+0200 I CONTROL  [initandlisten] **       Not recommended for production.
2020-08-08 22:31:33.734  INFO 1243 --- [      Thread-17] o.s.b.a.mongo.embedded.EmbeddedMongo     : 2020-08-08T22:31:33.732+0200 I CONTROL  [initandlisten] 
2020-08-08 22:31:33.747  INFO 1243 --- [      Thread-17] o.s.b.a.mongo.embedded.EmbeddedMongo     : 2020-08-08T22:31:33.747+0200 I FTDC     [initandlisten] Initializing full-time diagnostic data capture with directory '/var/folders/g6/yfs_2vzj2sgblvpmwbsq6vkw0000gn/T/embedmongo-db-288060a8-5894-4a4e-8000-5f154e02e554/diagnostic.data'
2020-08-08 22:31:33.768  INFO 1243 --- [      Thread-17] o.s.b.a.mongo.embedded.EmbeddedMongo     : 2020-08-08T22:31:33.768+0200 I INDEX    [initandlisten] build index on: admin.system.version properties: { v: 2, key: { version: 1 }, name: "incompatible_with_version_32", ns: "admin.system.version" }
2020-08-08 22:31:33.769  INFO 1243 --- [      Thread-17] o.s.b.a.mongo.embedded.EmbeddedMongo     : 2020-08-08T22:31:33.768+0200 I INDEX    [initandlisten] 	 building index using bulk method; build may temporarily use up to 500 megabytes of RAM
2020-08-08 22:31:33.771  INFO 1243 --- [      Thread-17] o.s.b.a.mongo.embedded.EmbeddedMongo     : 2020-08-08T22:31:33.770+0200 I INDEX    [initandlisten] build index done.  scanned 0 total records. 0 secs
2020-08-08 22:31:33.771  INFO 1243 --- [      Thread-17] o.s.b.a.mongo.embedded.EmbeddedMongo     : 2020-08-08T22:31:33.771+0200 I COMMAND  [initandlisten] setting featureCompatibilityVersion to 3.4
2020-08-08 22:31:33.771  INFO 1243 --- [      Thread-17] o.s.b.a.mongo.embedded.EmbeddedMongo     : 2020-08-08T22:31:33.771+0200 I NETWORK  [thread1] waiting for connections on port 50025
2020-08-08 22:31:33.771  INFO 1243 --- [    Test worker] d.f.embed.mongo.MongodExecutable         : start de.flapdoodle.embed.mongo.config.MongodConfigBuilder$ImmutableMongodConfig@1343b035
2020-08-08 22:31:33.776  INFO 1243 --- [    Test worker] org.mongodb.driver.cluster               : Cluster created with settings {hosts=[localhost:50025], mode=MULTIPLE, requiredClusterType=UNKNOWN, serverSelectionTimeout='30000 ms', maxWaitQueueSize=500}
2020-08-08 22:31:33.776  INFO 1243 --- [    Test worker] org.mongodb.driver.cluster               : Adding discovered server localhost:50025 to client view of cluster
2020-08-08 22:31:33.786  INFO 1243 --- [      Thread-17] o.s.b.a.mongo.embedded.EmbeddedMongo     : 2020-08-08T22:31:33.781+0200 I NETWORK  [thread1] connection accepted from 127.0.0.1:50033 #1 (1 connection now open)
2020-08-08 22:31:33.786  INFO 1243 --- [      Thread-17] o.s.b.a.mongo.embedded.EmbeddedMongo     : 2020-08-08T22:31:33.781+0200 I NETWORK  [conn1] received client metadata from 127.0.0.1:50033 conn1: { driver: { name: "mongo-java-driver", version: "3.8.2" }, os: { type: "Darwin", name: "Mac OS X", architecture: "x86_64", version: "10.15.6" }, platform: "Java/Oracle Corporation/1.8.0_261-b12" }
2020-08-08 22:31:33.790  INFO 1243 --- [localhost:50025] org.mongodb.driver.connection            : Opened connection [connectionId{localValue:4, serverValue:1}] to localhost:50025
2020-08-08 22:31:33.791  INFO 1243 --- [localhost:50025] org.mongodb.driver.cluster               : Monitor thread successfully connected to server with description ServerDescription{address=localhost:50025, type=STANDALONE, state=CONNECTED, ok=true, version=ServerVersion{versionList=[3, 5, 5]}, minWireVersion=0, maxWireVersion=5, maxDocumentSize=16777216, logicalSessionTimeoutMinutes=null, roundTripTimeNanos=715798}
2020-08-08 22:31:33.791  INFO 1243 --- [localhost:50025] org.mongodb.driver.cluster               : Discovered cluster type of STANDALONE
2020-08-08 22:31:33.859  INFO 1243 --- [    Test worker] org.mongodb.driver.cluster               : Cluster created with settings {hosts=[localhost:50025], mode=SINGLE, requiredClusterType=UNKNOWN, serverSelectionTimeout='30000 ms', maxWaitQueueSize=500}
2020-08-08 22:31:33.862  INFO 1243 --- [      Thread-17] o.s.b.a.mongo.embedded.EmbeddedMongo     : 2020-08-08T22:31:33.862+0200 I NETWORK  [thread1] connection accepted from 127.0.0.1:50034 #2 (2 connections now open)
2020-08-08 22:31:33.864  INFO 1243 --- [      Thread-17] o.s.b.a.mongo.embedded.EmbeddedMongo     : 2020-08-08T22:31:33.864+0200 I NETWORK  [conn2] received client metadata from 127.0.0.1:50034 conn2: { driver: { name: "mongo-java-driver|mongo-java-driver-reactivestreams", version: "3.8.2|1.9.2" }, os: { type: "Darwin", name: "Mac OS X", architecture: "x86_64", version: "10.15.6" }, platform: "Java/Oracle Corporation/1.8.0_261-b12" }
2020-08-08 22:31:33.870  INFO 1243 --- [localhost:50025] org.mongodb.driver.connection            : Opened connection [connectionId{localValue:5, serverValue:2}] to localhost:50025
2020-08-08 22:31:33.873  INFO 1243 --- [localhost:50025] org.mongodb.driver.cluster               : Monitor thread successfully connected to server with description ServerDescription{address=localhost:50025, type=STANDALONE, state=CONNECTED, ok=true, version=ServerVersion{versionList=[3, 5, 5]}, minWireVersion=0, maxWireVersion=5, maxDocumentSize=16777216, logicalSessionTimeoutMinutes=null, roundTripTimeNanos=2531571}
2020-08-08 22:31:33.951  INFO 1243 --- [    Test worker] g.s.repositories.CategoryRepositroyIT    : Started CategoryRepositroyIT in 33.865 seconds (JVM running for 112.06)
2020-08-08 22:31:34.038  INFO 1243 --- [      Thread-17] o.s.b.a.mongo.embedded.EmbeddedMongo     : 2020-08-08T22:31:34.038+0200 I NETWORK  [thread1] connection accepted from 127.0.0.1:50035 #3 (3 connections now open)
2020-08-08 22:31:34.043  INFO 1243 --- [      Thread-17] o.s.b.a.mongo.embedded.EmbeddedMongo     : 2020-08-08T22:31:34.043+0200 I NETWORK  [conn3] received client metadata from 127.0.0.1:50035 conn3: { driver: { name: "mongo-java-driver|mongo-java-driver-reactivestreams", version: "3.8.2|1.9.2" }, os: { type: "Darwin", name: "Mac OS X", architecture: "x86_64", version: "10.15.6" }, platform: "Java/Oracle Corporation/1.8.0_261-b12" }
2020-08-08 22:31:34.060  INFO 1243 --- [ntLoopGroup-3-2] org.mongodb.driver.connection            : Opened connection [connectionId{localValue:6, serverValue:3}] to localhost:50025
]]></system-out>
  <system-err><![CDATA[]]></system-err>
</testsuite>
