<?xml version="1.0" encoding="UTF-8"?>
<testsuite name="guru.springframework.services.RecipeServiceImplTest" tests="5" skipped="0" failures="0" errors="0" timestamp="2020-08-08T21:12:56" hostname="enjoys-Mac.local" time="0.095">
  <properties/>
  <testcase name="getRecipeByIdTestNotFound" classname="guru.springframework.services.RecipeServiceImplTest" time="0.073"/>
  <testcase name="testDeleteById" classname="guru.springframework.services.RecipeServiceImplTest" time="0.002"/>
  <testcase name="getRecipesTest" classname="guru.springframework.services.RecipeServiceImplTest" time="0.002"/>
  <testcase name="getRecipeByIdTest" classname="guru.springframework.services.RecipeServiceImplTest" time="0.002"/>
  <testcase name="getRecipeCommandByIdTest" classname="guru.springframework.services.RecipeServiceImplTest" time="0.014"/>
  <system-out><![CDATA[]]></system-out>
  <system-err><![CDATA[]]></system-err>
</testsuite>
