<?xml version="1.0" encoding="UTF-8"?>
<testsuite name="guru.springframework.controllers.ImageControllerTest" tests="3" skipped="0" failures="0" errors="0" timestamp="2020-08-09T16:34:48" hostname="enjoys-Mac.local" time="0.172">
  <properties/>
  <testcase name="getImageForm" classname="guru.springframework.controllers.ImageControllerTest" time="0.067"/>
  <testcase name="handleImagePost" classname="guru.springframework.controllers.ImageControllerTest" time="0.064"/>
  <testcase name="renderImageFromDB" classname="guru.springframework.controllers.ImageControllerTest" time="0.04"/>
  <system-out><![CDATA[2020-08-09 18:34:48.306  INFO 1417 --- [    Test worker] o.s.mock.web.MockServletContext          : Initializing Spring TestDispatcherServlet ''
2020-08-09 18:34:48.307  INFO 1417 --- [    Test worker] o.s.t.web.servlet.TestDispatcherServlet  : Initializing Servlet ''
2020-08-09 18:34:48.309  INFO 1417 --- [    Test worker] o.s.t.web.servlet.TestDispatcherServlet  : Completed initialization in 1 ms
2020-08-09 18:34:48.352  INFO 1417 --- [    Test worker] o.s.mock.web.MockServletContext          : Initializing Spring TestDispatcherServlet ''
2020-08-09 18:34:48.353  INFO 1417 --- [    Test worker] o.s.t.web.servlet.TestDispatcherServlet  : Initializing Servlet ''
2020-08-09 18:34:48.354  INFO 1417 --- [    Test worker] o.s.t.web.servlet.TestDispatcherServlet  : Completed initialization in 1 ms
2020-08-09 18:34:48.416  INFO 1417 --- [    Test worker] o.s.mock.web.MockServletContext          : Initializing Spring TestDispatcherServlet ''
2020-08-09 18:34:48.417  INFO 1417 --- [    Test worker] o.s.t.web.servlet.TestDispatcherServlet  : Initializing Servlet ''
2020-08-09 18:34:48.418  INFO 1417 --- [    Test worker] o.s.t.web.servlet.TestDispatcherServlet  : Completed initialization in 0 ms
]]></system-out>
  <system-err><![CDATA[]]></system-err>
</testsuite>
