<?xml version="1.0" encoding="UTF-8"?>
<testsuite name="guru.springframework.controllers.RecipeControllerTest" tests="7" skipped="0" failures="0" errors="0" timestamp="2020-08-09T16:34:46" hostname="enjoys-Mac.local" time="1.046">
  <properties/>
  <testcase name="testPostNewRecipeForm" classname="guru.springframework.controllers.RecipeControllerTest" time="0.606"/>
  <testcase name="testGetNewRecipeForm" classname="guru.springframework.controllers.RecipeControllerTest" time="0.029"/>
  <testcase name="testGetRecipeNotFound" classname="guru.springframework.controllers.RecipeControllerTest" time="0.118"/>
  <testcase name="testPostNewRecipeFormValidationFail" classname="guru.springframework.controllers.RecipeControllerTest" time="0.114"/>
  <testcase name="testDeleteAction" classname="guru.springframework.controllers.RecipeControllerTest" time="0.051"/>
  <testcase name="testGetUpdateView" classname="guru.springframework.controllers.RecipeControllerTest" time="0.028"/>
  <testcase name="testGetRecipe" classname="guru.springframework.controllers.RecipeControllerTest" time="0.097"/>
  <system-out><![CDATA[2020-08-09 18:34:47.233  INFO 1417 --- [    Test worker] o.s.mock.web.MockServletContext          : Initializing Spring TestDispatcherServlet ''
2020-08-09 18:34:47.234  INFO 1417 --- [    Test worker] o.s.t.web.servlet.TestDispatcherServlet  : Initializing Servlet ''
2020-08-09 18:34:47.234  INFO 1417 --- [    Test worker] o.s.t.web.servlet.TestDispatcherServlet  : Completed initialization in 0 ms
2020-08-09 18:34:47.450  INFO 1417 --- [    Test worker] o.s.mock.web.MockServletContext          : Initializing Spring TestDispatcherServlet ''
2020-08-09 18:34:47.450  INFO 1417 --- [    Test worker] o.s.t.web.servlet.TestDispatcherServlet  : Initializing Servlet ''
2020-08-09 18:34:47.450  INFO 1417 --- [    Test worker] o.s.t.web.servlet.TestDispatcherServlet  : Completed initialization in 0 ms
2020-08-09 18:34:47.541  INFO 1417 --- [    Test worker] o.s.mock.web.MockServletContext          : Initializing Spring TestDispatcherServlet ''
2020-08-09 18:34:47.542  INFO 1417 --- [    Test worker] o.s.t.web.servlet.TestDispatcherServlet  : Initializing Servlet ''
2020-08-09 18:34:47.543  INFO 1417 --- [    Test worker] o.s.t.web.servlet.TestDispatcherServlet  : Completed initialization in 1 ms
2020-08-09 18:34:47.572 ERROR 1417 --- [    Test worker] g.s.controllers.RecipeController         : Handling not found exception
2020-08-09 18:34:47.573 ERROR 1417 --- [    Test worker] g.s.controllers.RecipeController         : null
2020-08-09 18:34:47.613  INFO 1417 --- [    Test worker] o.s.mock.web.MockServletContext          : Initializing Spring TestDispatcherServlet ''
2020-08-09 18:34:47.613  INFO 1417 --- [    Test worker] o.s.t.web.servlet.TestDispatcherServlet  : Initializing Servlet ''
2020-08-09 18:34:47.614  INFO 1417 --- [    Test worker] o.s.t.web.servlet.TestDispatcherServlet  : Completed initialization in 0 ms
2020-08-09 18:34:47.720  INFO 1417 --- [    Test worker] o.s.mock.web.MockServletContext          : Initializing Spring TestDispatcherServlet ''
2020-08-09 18:34:47.721  INFO 1417 --- [    Test worker] o.s.t.web.servlet.TestDispatcherServlet  : Initializing Servlet ''
2020-08-09 18:34:47.721  INFO 1417 --- [    Test worker] o.s.t.web.servlet.TestDispatcherServlet  : Completed initialization in 0 ms
2020-08-09 18:34:47.761  INFO 1417 --- [    Test worker] o.s.mock.web.MockServletContext          : Initializing Spring TestDispatcherServlet ''
2020-08-09 18:34:47.761  INFO 1417 --- [    Test worker] o.s.t.web.servlet.TestDispatcherServlet  : Initializing Servlet ''
2020-08-09 18:34:47.761  INFO 1417 --- [    Test worker] o.s.t.web.servlet.TestDispatcherServlet  : Completed initialization in 0 ms
2020-08-09 18:34:47.860  INFO 1417 --- [    Test worker] o.s.mock.web.MockServletContext          : Initializing Spring TestDispatcherServlet ''
2020-08-09 18:34:47.860  INFO 1417 --- [    Test worker] o.s.t.web.servlet.TestDispatcherServlet  : Initializing Servlet ''
2020-08-09 18:34:47.860  INFO 1417 --- [    Test worker] o.s.t.web.servlet.TestDispatcherServlet  : Completed initialization in 0 ms
]]></system-out>
  <system-err><![CDATA[]]></system-err>
</testsuite>
