<?xml version="1.0" encoding="UTF-8"?>
<testsuite name="guru.springframework.services.ImageServiceImplTest" tests="1" skipped="0" failures="0" errors="0" timestamp="2020-08-08T20:31:36" hostname="enjoys-Mac.local" time="0.039">
  <properties/>
  <testcase name="saveImageFile" classname="guru.springframework.services.ImageServiceImplTest" time="0.039"/>
  <system-out><![CDATA[]]></system-out>
  <system-err><![CDATA[]]></system-err>
</testsuite>
