<?xml version="1.0" encoding="UTF-8"?>
<testsuite name="guru.springframework.Spring5RecipeAppApplicationTests" tests="1" skipped="0" failures="0" errors="0" timestamp="2020-08-08T21:40:15" hostname="enjoys-Mac.local" time="0.507">
  <properties/>
  <testcase name="contextLoads" classname="guru.springframework.Spring5RecipeAppApplicationTests" time="0.507"/>
  <system-out><![CDATA[23:39:31.472 [Test worker] DEBUG org.springframework.test.context.junit4.SpringJUnit4ClassRunner - SpringJUnit4ClassRunner constructor called with [class guru.springframework.Spring5RecipeAppApplicationTests]
23:39:31.484 [Test worker] DEBUG org.springframework.test.context.BootstrapUtils - Instantiating CacheAwareContextLoaderDelegate from class [org.springframework.test.context.cache.DefaultCacheAwareContextLoaderDelegate]
23:39:31.513 [Test worker] DEBUG org.springframework.test.context.BootstrapUtils - Instantiating BootstrapContext using constructor [public org.springframework.test.context.support.DefaultBootstrapContext(java.lang.Class,org.springframework.test.context.CacheAwareContextLoaderDelegate)]
23:39:31.550 [Test worker] DEBUG org.springframework.test.context.BootstrapUtils - Instantiating TestContextBootstrapper for test class [guru.springframework.Spring5RecipeAppApplicationTests] from class [org.springframework.boot.test.context.SpringBootTestContextBootstrapper]
23:39:31.587 [Test worker] INFO org.springframework.boot.test.context.SpringBootTestContextBootstrapper - Neither @ContextConfiguration nor @ContextHierarchy found for test class [guru.springframework.Spring5RecipeAppApplicationTests], using SpringBootContextLoader
23:39:31.594 [Test worker] DEBUG org.springframework.test.context.support.AbstractContextLoader - Did not detect default resource location for test class [guru.springframework.Spring5RecipeAppApplicationTests]: class path resource [guru/springframework/Spring5RecipeAppApplicationTests-context.xml] does not exist
23:39:31.596 [Test worker] DEBUG org.springframework.test.context.support.AbstractContextLoader - Did not detect default resource location for test class [guru.springframework.Spring5RecipeAppApplicationTests]: class path resource [guru/springframework/Spring5RecipeAppApplicationTestsContext.groovy] does not exist
23:39:31.598 [Test worker] INFO org.springframework.test.context.support.AbstractContextLoader - Could not detect default resource locations for test class [guru.springframework.Spring5RecipeAppApplicationTests]: no resource found for suffixes {-context.xml, Context.groovy}.
23:39:31.601 [Test worker] INFO org.springframework.test.context.support.AnnotationConfigContextLoaderUtils - Could not detect default configuration classes for test class [guru.springframework.Spring5RecipeAppApplicationTests]: Spring5RecipeAppApplicationTests does not declare any static, non-private, non-final, nested classes annotated with @Configuration.
23:39:31.677 [Test worker] DEBUG org.springframework.test.context.support.ActiveProfilesUtils - Could not find an 'annotation declaring class' for annotation type [org.springframework.test.context.ActiveProfiles] and class [guru.springframework.Spring5RecipeAppApplicationTests]
23:39:31.791 [Test worker] DEBUG org.springframework.context.annotation.ClassPathScanningCandidateComponentProvider - Identified candidate component class: file [/Users/enjoy/IdeaProjects/recipe-monogdb/build/classes/java/main/guru/springframework/Spring5MongoRecipeAppApplication.class]
23:39:31.794 [Test worker] INFO org.springframework.boot.test.context.SpringBootTestContextBootstrapper - Found @SpringBootConfiguration guru.springframework.Spring5MongoRecipeAppApplication for test class guru.springframework.Spring5RecipeAppApplicationTests
23:39:31.965 [Test worker] DEBUG org.springframework.boot.test.context.SpringBootTestContextBootstrapper - @TestExecutionListeners is not present for class [guru.springframework.Spring5RecipeAppApplicationTests]: using defaults.
23:39:31.967 [Test worker] INFO org.springframework.boot.test.context.SpringBootTestContextBootstrapper - Loaded default TestExecutionListener class names from location [META-INF/spring.factories]: [org.springframework.boot.test.autoconfigure.restdocs.RestDocsTestExecutionListener, org.springframework.boot.test.autoconfigure.web.client.MockRestServiceServerResetTestExecutionListener, org.springframework.boot.test.autoconfigure.web.servlet.MockMvcPrintOnlyOnFailureTestExecutionListener, org.springframework.boot.test.autoconfigure.web.servlet.WebDriverTestExecutionListener, org.springframework.boot.test.mock.mockito.MockitoTestExecutionListener, org.springframework.boot.test.mock.mockito.ResetMocksTestExecutionListener, org.springframework.test.context.web.ServletTestExecutionListener, org.springframework.test.context.support.DirtiesContextBeforeModesTestExecutionListener, org.springframework.test.context.support.DependencyInjectionTestExecutionListener, org.springframework.test.context.support.DirtiesContextTestExecutionListener, org.springframework.test.context.transaction.TransactionalTestExecutionListener, org.springframework.test.context.jdbc.SqlScriptsTestExecutionListener]
23:39:31.999 [Test worker] INFO org.springframework.boot.test.context.SpringBootTestContextBootstrapper - Using TestExecutionListeners: [org.springframework.test.context.web.ServletTestExecutionListener@438e9fb0, org.springframework.test.context.support.DirtiesContextBeforeModesTestExecutionListener@498c4230, org.springframework.boot.test.mock.mockito.MockitoTestExecutionListener@5118e9fb, org.springframework.boot.test.autoconfigure.SpringBootDependencyInjectionTestExecutionListener@745ed77c, org.springframework.test.context.support.DirtiesContextTestExecutionListener@439aa558, org.springframework.test.context.transaction.TransactionalTestExecutionListener@68acf2d9, org.springframework.test.context.jdbc.SqlScriptsTestExecutionListener@7eed8906, org.springframework.boot.test.autoconfigure.restdocs.RestDocsTestExecutionListener@7c0a4490, org.springframework.boot.test.autoconfigure.web.client.MockRestServiceServerResetTestExecutionListener@6a2c8e2c, org.springframework.boot.test.autoconfigure.web.servlet.MockMvcPrintOnlyOnFailureTestExecutionListener@6599838a, org.springframework.boot.test.autoconfigure.web.servlet.WebDriverTestExecutionListener@77ae8386, org.springframework.boot.test.mock.mockito.ResetMocksTestExecutionListener@592e6727]
23:39:32.004 [Test worker] DEBUG org.springframework.test.annotation.ProfileValueUtils - Retrieved @ProfileValueSourceConfiguration [null] for test class [guru.springframework.Spring5RecipeAppApplicationTests]
23:39:32.005 [Test worker] DEBUG org.springframework.test.annotation.ProfileValueUtils - Retrieved ProfileValueSource type [class org.springframework.test.annotation.SystemProfileValueSource] for class [guru.springframework.Spring5RecipeAppApplicationTests]
23:39:32.009 [Test worker] DEBUG org.springframework.test.annotation.ProfileValueUtils - Retrieved @ProfileValueSourceConfiguration [null] for test class [guru.springframework.Spring5RecipeAppApplicationTests]
23:39:32.010 [Test worker] DEBUG org.springframework.test.annotation.ProfileValueUtils - Retrieved ProfileValueSource type [class org.springframework.test.annotation.SystemProfileValueSource] for class [guru.springframework.Spring5RecipeAppApplicationTests]
23:39:32.016 [Test worker] DEBUG org.springframework.test.context.support.AbstractDirtiesContextTestExecutionListener - Before test class: context [DefaultTestContext@175ea8d8 testClass = Spring5RecipeAppApplicationTests, testInstance = [null], testMethod = [null], testException = [null], mergedContextConfiguration = [WebMergedContextConfiguration@3271ea8f testClass = Spring5RecipeAppApplicationTests, locations = '{}', classes = '{class guru.springframework.Spring5MongoRecipeAppApplication}', contextInitializerClasses = '[]', activeProfiles = '{}', propertySourceLocations = '{}', propertySourceProperties = '{org.springframework.boot.test.context.SpringBootTestContextBootstrapper=true}', contextCustomizers = set[org.springframework.boot.test.autoconfigure.properties.PropertyMappingContextCustomizer@0, org.springframework.boot.test.autoconfigure.web.servlet.WebDriverContextCustomizerFactory$Customizer@4b4064bb, org.springframework.boot.test.context.filter.ExcludeFilterContextCustomizer@f5558d8, org.springframework.boot.test.json.DuplicateJsonObjectContextCustomizerFactory$DuplicateJsonObjectContextCustomizer@782ac369, org.springframework.boot.test.mock.mockito.MockitoContextCustomizer@0, org.springframework.boot.test.web.client.TestRestTemplateContextCustomizer@451a537a, org.springframework.boot.test.web.reactive.server.WebTestClientContextCustomizer@40b331e7], resourceBasePath = 'src/main/webapp', contextLoader = 'org.springframework.boot.test.context.SpringBootContextLoader', parent = [null]], attributes = map['org.springframework.test.context.web.ServletTestExecutionListener.activateListener' -> true]], class annotated with @DirtiesContext [false] with mode [null].
23:39:32.018 [Test worker] DEBUG org.springframework.test.annotation.ProfileValueUtils - Retrieved @ProfileValueSourceConfiguration [null] for test class [guru.springframework.Spring5RecipeAppApplicationTests]
23:39:32.019 [Test worker] DEBUG org.springframework.test.annotation.ProfileValueUtils - Retrieved ProfileValueSource type [class org.springframework.test.annotation.SystemProfileValueSource] for class [guru.springframework.Spring5RecipeAppApplicationTests]
23:39:32.085 [Test worker] DEBUG org.springframework.test.context.support.TestPropertySourceUtils - Adding inlined properties to environment: {spring.jmx.enabled=false, org.springframework.boot.test.context.SpringBootTestContextBootstrapper=true, server.port=-1}

  .   ____          _            __ _ _
 /\\ / ___'_ __ _ _(_)_ __  __ _ \ \ \ \
( ( )\___ | '_ | '_| | '_ \/ _` | \ \ \ \
 \\/  ___)| |_)| | | | | || (_| |  ) ) ) )
  '  |____| .__|_| |_|_| |_\__, | / / / /
 =========|_|==============|___/=/_/_/_/
 :: Spring Boot ::        (v2.1.0.RELEASE)

2020-08-08 23:39:47.496  INFO 2028 --- [    Test worker] g.s.Spring5RecipeAppApplicationTests     : Starting Spring5RecipeAppApplicationTests on enjoys-Mac.local with PID 2028 (started by enjoy in /Users/enjoy/IdeaProjects/recipe-monogdb)
2020-08-08 23:39:47.499  INFO 2028 --- [    Test worker] g.s.Spring5RecipeAppApplicationTests     : No active profile set, falling back to default profiles: default
2020-08-08 23:39:48.622  INFO 2028 --- [    Test worker] .s.d.r.c.RepositoryConfigurationDelegate : Bootstrapping Spring Data repositories in DEFAULT mode.
2020-08-08 23:39:48.947  INFO 2028 --- [    Test worker] .s.d.r.c.RepositoryConfigurationDelegate : Finished Spring Data repository scanning in 314ms. Found 3 repository interfaces.
2020-08-08 23:39:48.956  INFO 2028 --- [    Test worker] .s.d.r.c.RepositoryConfigurationDelegate : Bootstrapping Spring Data repositories in DEFAULT mode.
2020-08-08 23:39:48.985  INFO 2028 --- [    Test worker] .s.d.r.c.RepositoryConfigurationDelegate : Finished Spring Data repository scanning in 28ms. Found 3 repository interfaces.
2020-08-08 23:40:05.764  INFO 2028 --- [       Thread-8] o.s.b.a.mongo.embedded.EmbeddedMongo     : note: noprealloc may hurt performance in many applications
2020-08-08 23:40:05.775  INFO 2028 --- [       Thread-8] o.s.b.a.mongo.embedded.EmbeddedMongo     : 2020-08-08T23:40:05.774+0200 I CONTROL  [initandlisten] MongoDB starting : pid=2041 port=50585 dbpath=/var/folders/g6/yfs_2vzj2sgblvpmwbsq6vkw0000gn/T/embedmongo-db-de33ef76-3e87-48b5-9cd0-48715144c965 64-bit host=enjoys-Mac.local
2020-08-08 23:40:05.776  INFO 2028 --- [       Thread-8] o.s.b.a.mongo.embedded.EmbeddedMongo     : 2020-08-08T23:40:05.775+0200 I CONTROL  [initandlisten] db version v3.5.5
2020-08-08 23:40:05.776  INFO 2028 --- [       Thread-8] o.s.b.a.mongo.embedded.EmbeddedMongo     : 2020-08-08T23:40:05.775+0200 I CONTROL  [initandlisten] git version: 98515c812b6fa893613f063dae568ff8319cbfbd
2020-08-08 23:40:05.777  INFO 2028 --- [       Thread-8] o.s.b.a.mongo.embedded.EmbeddedMongo     : 2020-08-08T23:40:05.775+0200 I CONTROL  [initandlisten] allocator: system
2020-08-08 23:40:05.777  INFO 2028 --- [       Thread-8] o.s.b.a.mongo.embedded.EmbeddedMongo     : 2020-08-08T23:40:05.775+0200 I CONTROL  [initandlisten] modules: none
2020-08-08 23:40:05.777  INFO 2028 --- [       Thread-8] o.s.b.a.mongo.embedded.EmbeddedMongo     : 2020-08-08T23:40:05.775+0200 I CONTROL  [initandlisten] build environment:
2020-08-08 23:40:05.777  INFO 2028 --- [       Thread-8] o.s.b.a.mongo.embedded.EmbeddedMongo     : 2020-08-08T23:40:05.775+0200 I CONTROL  [initandlisten]     distarch: x86_64
2020-08-08 23:40:05.777  INFO 2028 --- [       Thread-8] o.s.b.a.mongo.embedded.EmbeddedMongo     : 2020-08-08T23:40:05.775+0200 I CONTROL  [initandlisten]     target_arch: x86_64
2020-08-08 23:40:05.777  INFO 2028 --- [       Thread-8] o.s.b.a.mongo.embedded.EmbeddedMongo     : 2020-08-08T23:40:05.775+0200 I CONTROL  [initandlisten] options: { net: { bindIp: "127.0.0.1", http: { enabled: false }, port: 50585 }, security: { authorization: "disabled" }, storage: { dbPath: "/var/folders/g6/yfs_2vzj2sgblvpmwbsq6vkw0000gn/T/embedmongo-db-de33ef76-3e87-48b5-9cd0-48715144c965", journal: { enabled: false }, mmapv1: { preallocDataFiles: false, smallFiles: true }, syncPeriodSecs: 0.0 } }
2020-08-08 23:40:05.777  INFO 2028 --- [       Thread-8] o.s.b.a.mongo.embedded.EmbeddedMongo     : 2020-08-08T23:40:05.777+0200 I STORAGE  [initandlisten] wiredtiger_open config: create,cache_size=3488M,session_max=20000,eviction=(threads_min=4,threads_max=4),config_base=false,statistics=(fast),log=(enabled=true,archive=true,path=journal,compressor=snappy),file_manager=(close_idle_time=100000),checkpoint=(wait=0,log_size=2GB),statistics_log=(wait=0),verbose=(recovery_progress),,log=(enabled=false),
2020-08-08 23:40:05.818  INFO 2028 --- [       Thread-8] o.s.b.a.mongo.embedded.EmbeddedMongo     : 2020-08-08T23:40:05.818+0200 W STORAGE  [initandlisten] Detected configuration for non-active storage engine mmapv1 when current storage engine is wiredTiger
2020-08-08 23:40:05.819  INFO 2028 --- [       Thread-8] o.s.b.a.mongo.embedded.EmbeddedMongo     : 2020-08-08T23:40:05.818+0200 I CONTROL  [initandlisten] 
2020-08-08 23:40:05.819  INFO 2028 --- [       Thread-8] o.s.b.a.mongo.embedded.EmbeddedMongo     : 2020-08-08T23:40:05.818+0200 I CONTROL  [initandlisten] ** NOTE: This is a development version (3.5.5) of MongoDB.
2020-08-08 23:40:05.819  INFO 2028 --- [       Thread-8] o.s.b.a.mongo.embedded.EmbeddedMongo     : 2020-08-08T23:40:05.818+0200 I CONTROL  [initandlisten] **       Not recommended for production.
2020-08-08 23:40:05.819  INFO 2028 --- [       Thread-8] o.s.b.a.mongo.embedded.EmbeddedMongo     : 2020-08-08T23:40:05.818+0200 I CONTROL  [initandlisten] 
2020-08-08 23:40:05.833  INFO 2028 --- [       Thread-8] o.s.b.a.mongo.embedded.EmbeddedMongo     : 2020-08-08T23:40:05.833+0200 I FTDC     [initandlisten] Initializing full-time diagnostic data capture with directory '/var/folders/g6/yfs_2vzj2sgblvpmwbsq6vkw0000gn/T/embedmongo-db-de33ef76-3e87-48b5-9cd0-48715144c965/diagnostic.data'
2020-08-08 23:40:05.850  INFO 2028 --- [       Thread-8] o.s.b.a.mongo.embedded.EmbeddedMongo     : 2020-08-08T23:40:05.850+0200 I INDEX    [initandlisten] build index on: admin.system.version properties: { v: 2, key: { version: 1 }, name: "incompatible_with_version_32", ns: "admin.system.version" }
2020-08-08 23:40:05.851  INFO 2028 --- [       Thread-8] o.s.b.a.mongo.embedded.EmbeddedMongo     : 2020-08-08T23:40:05.850+0200 I INDEX    [initandlisten] 	 building index using bulk method; build may temporarily use up to 500 megabytes of RAM
2020-08-08 23:40:05.852  INFO 2028 --- [       Thread-8] o.s.b.a.mongo.embedded.EmbeddedMongo     : 2020-08-08T23:40:05.852+0200 I INDEX    [initandlisten] build index done.  scanned 0 total records. 0 secs
2020-08-08 23:40:05.852  INFO 2028 --- [       Thread-8] o.s.b.a.mongo.embedded.EmbeddedMongo     : 2020-08-08T23:40:05.852+0200 I COMMAND  [initandlisten] setting featureCompatibilityVersion to 3.4
2020-08-08 23:40:05.852  INFO 2028 --- [       Thread-8] o.s.b.a.mongo.embedded.EmbeddedMongo     : 2020-08-08T23:40:05.852+0200 I NETWORK  [thread1] waiting for connections on port 50585
2020-08-08 23:40:05.853  INFO 2028 --- [    Test worker] d.f.embed.mongo.MongodExecutable         : start de.flapdoodle.embed.mongo.config.MongodConfigBuilder$ImmutableMongodConfig@73aa4341
2020-08-08 23:40:11.183  INFO 2028 --- [    Test worker] org.mongodb.driver.cluster               : Cluster created with settings {hosts=[localhost:50585], mode=MULTIPLE, requiredClusterType=UNKNOWN, serverSelectionTimeout='30000 ms', maxWaitQueueSize=500}
2020-08-08 23:40:11.184  INFO 2028 --- [    Test worker] org.mongodb.driver.cluster               : Adding discovered server localhost:50585 to client view of cluster
2020-08-08 23:40:11.238  INFO 2028 --- [       Thread-8] o.s.b.a.mongo.embedded.EmbeddedMongo     : 2020-08-08T23:40:11.237+0200 I NETWORK  [thread1] connection accepted from 127.0.0.1:50597 #1 (1 connection now open)
2020-08-08 23:40:11.249  INFO 2028 --- [       Thread-8] o.s.b.a.mongo.embedded.EmbeddedMongo     : 2020-08-08T23:40:11.249+0200 I NETWORK  [conn1] received client metadata from 127.0.0.1:50597 conn1: { driver: { name: "mongo-java-driver", version: "3.8.2" }, os: { type: "Darwin", name: "Mac OS X", architecture: "x86_64", version: "10.15.6" }, platform: "Java/Oracle Corporation/1.8.0_261-b12" }
2020-08-08 23:40:11.270  INFO 2028 --- [localhost:50585] org.mongodb.driver.connection            : Opened connection [connectionId{localValue:1, serverValue:1}] to localhost:50585
2020-08-08 23:40:11.274  INFO 2028 --- [localhost:50585] org.mongodb.driver.cluster               : Monitor thread successfully connected to server with description ServerDescription{address=localhost:50585, type=STANDALONE, state=CONNECTED, ok=true, version=ServerVersion{versionList=[3, 5, 5]}, minWireVersion=0, maxWireVersion=5, maxDocumentSize=16777216, logicalSessionTimeoutMinutes=null, roundTripTimeNanos=1990779}
2020-08-08 23:40:11.276  INFO 2028 --- [localhost:50585] org.mongodb.driver.cluster               : Discovered cluster type of STANDALONE
2020-08-08 23:40:11.509  INFO 2028 --- [    Test worker] m.c.i.MongoPersistentEntityIndexResolver : Found cycle for field '_id' in type 'Category' for path 'categories -> recipes -> categories'
2020-08-08 23:40:11.513  INFO 2028 --- [    Test worker] m.c.i.MongoPersistentEntityIndexResolver : Found cycle for field 'recipes' in type 'Category' for path 'categories -> recipes -> categories'
2020-08-08 23:40:11.514  INFO 2028 --- [    Test worker] m.c.i.MongoPersistentEntityIndexResolver : Found cycle for field '_id' in type 'Recipe' for path 'recipes -> categories -> recipes'
2020-08-08 23:40:11.515  INFO 2028 --- [    Test worker] m.c.i.MongoPersistentEntityIndexResolver : Found cycle for field 'categories' in type 'Recipe' for path 'recipes -> categories -> recipes'
2020-08-08 23:40:12.037  INFO 2028 --- [    Test worker] org.mongodb.driver.cluster               : Cluster created with settings {hosts=[localhost:50585], mode=SINGLE, requiredClusterType=UNKNOWN, serverSelectionTimeout='30000 ms', maxWaitQueueSize=500}
2020-08-08 23:40:12.080  INFO 2028 --- [    Test worker] m.c.i.MongoPersistentEntityIndexResolver : Found cycle for field '_id' in type 'Category' for path 'categories -> recipes -> categories'
2020-08-08 23:40:12.081  INFO 2028 --- [    Test worker] m.c.i.MongoPersistentEntityIndexResolver : Found cycle for field 'recipes' in type 'Category' for path 'categories -> recipes -> categories'
2020-08-08 23:40:12.084  INFO 2028 --- [    Test worker] m.c.i.MongoPersistentEntityIndexResolver : Found cycle for field '_id' in type 'Recipe' for path 'recipes -> categories -> recipes'
2020-08-08 23:40:12.086  INFO 2028 --- [    Test worker] m.c.i.MongoPersistentEntityIndexResolver : Found cycle for field 'categories' in type 'Recipe' for path 'recipes -> categories -> recipes'
2020-08-08 23:40:12.948  INFO 2028 --- [    Test worker] o.s.s.concurrent.ThreadPoolTaskExecutor  : Initializing ExecutorService 'applicationTaskExecutor'
2020-08-08 23:40:13.845  INFO 2028 --- [    Test worker] o.s.b.a.w.s.WelcomePageHandlerMapping    : Adding welcome page template: index
2020-08-08 23:40:14.345  WARN 2028 --- [    Test worker] reactor.netty.tcp.TcpResources           : [http] resources will use the default LoopResources: DefaultLoopResources {prefix=reactor-http, daemon=true, selectCount=4, workerCount=4}
2020-08-08 23:40:14.345  WARN 2028 --- [    Test worker] reactor.netty.tcp.TcpResources           : [http] resources will use the default ConnectionProvider: PooledConnectionProvider {name=http, poolFactory=reactor.netty.resources.ConnectionProvider$$Lambda$654/1340882668@fef171b}
2020-08-08 23:40:14.815  INFO 2028 --- [       Thread-8] o.s.b.a.mongo.embedded.EmbeddedMongo     : 2020-08-08T23:40:14.815+0200 I NETWORK  [thread1] connection accepted from 127.0.0.1:50613 #2 (2 connections now open)
2020-08-08 23:40:14.816  INFO 2028 --- [       Thread-8] o.s.b.a.mongo.embedded.EmbeddedMongo     : 2020-08-08T23:40:14.816+0200 I NETWORK  [conn2] received client metadata from 127.0.0.1:50613 conn2: { driver: { name: "mongo-java-driver", version: "3.8.2" }, os: { type: "Darwin", name: "Mac OS X", architecture: "x86_64", version: "10.15.6" }, platform: "Java/Oracle Corporation/1.8.0_261-b12" }
2020-08-08 23:40:14.822  INFO 2028 --- [    Test worker] org.mongodb.driver.connection            : Opened connection [connectionId{localValue:3, serverValue:2}] to localhost:50585
2020-08-08 23:40:15.066  INFO 2028 --- [    Test worker] g.s.Spring5RecipeAppApplicationTests     : Started Spring5RecipeAppApplicationTests in 42.96 seconds (JVM running for 49.705)
]]></system-out>
  <system-err><![CDATA[]]></system-err>
</testsuite>
