<?xml version="1.0" encoding="UTF-8"?>
<testsuite name="guru.springframework.repositories.UnitOfMeasureRepositoryIT" tests="2" skipped="0" failures="0" errors="0" timestamp="2020-08-04T20:27:19" hostname="enjoys-Mac.local" time="0.669">
  <properties/>
  <testcase name="findByDescription" classname="guru.springframework.repositories.UnitOfMeasureRepositoryIT" time="0.563"/>
  <testcase name="findByDescriptionCup" classname="guru.springframework.repositories.UnitOfMeasureRepositoryIT" time="0.102"/>
  <system-out><![CDATA[22:26:41.239 [Test worker] DEBUG org.springframework.test.context.junit4.SpringJUnit4ClassRunner - SpringJUnit4ClassRunner constructor called with [class guru.springframework.repositories.UnitOfMeasureRepositoryIT]
22:26:41.239 [Test worker] DEBUG org.springframework.test.context.BootstrapUtils - Instantiating CacheAwareContextLoaderDelegate from class [org.springframework.test.context.cache.DefaultCacheAwareContextLoaderDelegate]
22:26:41.241 [Test worker] DEBUG org.springframework.test.context.BootstrapUtils - Instantiating BootstrapContext using constructor [public org.springframework.test.context.support.DefaultBootstrapContext(java.lang.Class,org.springframework.test.context.CacheAwareContextLoaderDelegate)]
22:26:41.243 [Test worker] DEBUG org.springframework.test.context.BootstrapUtils - Instantiating TestContextBootstrapper for test class [guru.springframework.repositories.UnitOfMeasureRepositoryIT] from class [org.springframework.boot.test.autoconfigure.data.mongo.DataMongoTestContextBootstrapper]
22:26:41.249 [Test worker] INFO org.springframework.boot.test.autoconfigure.data.mongo.DataMongoTestContextBootstrapper - Neither @ContextConfiguration nor @ContextHierarchy found for test class [guru.springframework.repositories.UnitOfMeasureRepositoryIT], using SpringBootContextLoader
22:26:41.251 [Test worker] DEBUG org.springframework.test.context.support.AbstractContextLoader - Did not detect default resource location for test class [guru.springframework.repositories.UnitOfMeasureRepositoryIT]: class path resource [guru/springframework/repositories/UnitOfMeasureRepositoryIT-context.xml] does not exist
22:26:41.253 [Test worker] DEBUG org.springframework.test.context.support.AbstractContextLoader - Did not detect default resource location for test class [guru.springframework.repositories.UnitOfMeasureRepositoryIT]: class path resource [guru/springframework/repositories/UnitOfMeasureRepositoryITContext.groovy] does not exist
22:26:41.253 [Test worker] INFO org.springframework.test.context.support.AbstractContextLoader - Could not detect default resource locations for test class [guru.springframework.repositories.UnitOfMeasureRepositoryIT]: no resource found for suffixes {-context.xml, Context.groovy}.
22:26:41.265 [Test worker] INFO org.springframework.test.context.support.AnnotationConfigContextLoaderUtils - Could not detect default configuration classes for test class [guru.springframework.repositories.UnitOfMeasureRepositoryIT]: UnitOfMeasureRepositoryIT does not declare any static, non-private, non-final, nested classes annotated with @Configuration.
22:26:41.302 [Test worker] DEBUG org.springframework.test.context.support.ActiveProfilesUtils - Could not find an 'annotation declaring class' for annotation type [org.springframework.test.context.ActiveProfiles] and class [guru.springframework.repositories.UnitOfMeasureRepositoryIT]
22:26:41.315 [Test worker] DEBUG org.springframework.context.annotation.ClassPathScanningCandidateComponentProvider - Identified candidate component class: file [/Users/enjoy/IdeaProjects/recipe-monogdb/build/classes/java/main/guru/springframework/Spring5MongoRecipeAppApplication.class]
22:26:41.315 [Test worker] INFO org.springframework.boot.test.context.SpringBootTestContextBootstrapper - Found @SpringBootConfiguration guru.springframework.Spring5MongoRecipeAppApplication for test class guru.springframework.repositories.UnitOfMeasureRepositoryIT
22:26:41.333 [Test worker] DEBUG org.springframework.boot.test.autoconfigure.data.mongo.DataMongoTestContextBootstrapper - @TestExecutionListeners is not present for class [guru.springframework.repositories.UnitOfMeasureRepositoryIT]: using defaults.
22:26:41.335 [Test worker] INFO org.springframework.boot.test.autoconfigure.data.mongo.DataMongoTestContextBootstrapper - Loaded default TestExecutionListener class names from location [META-INF/spring.factories]: [org.springframework.boot.test.autoconfigure.restdocs.RestDocsTestExecutionListener, org.springframework.boot.test.autoconfigure.web.client.MockRestServiceServerResetTestExecutionListener, org.springframework.boot.test.autoconfigure.web.servlet.MockMvcPrintOnlyOnFailureTestExecutionListener, org.springframework.boot.test.autoconfigure.web.servlet.WebDriverTestExecutionListener, org.springframework.boot.test.mock.mockito.MockitoTestExecutionListener, org.springframework.boot.test.mock.mockito.ResetMocksTestExecutionListener, org.springframework.test.context.web.ServletTestExecutionListener, org.springframework.test.context.support.DirtiesContextBeforeModesTestExecutionListener, org.springframework.test.context.support.DependencyInjectionTestExecutionListener, org.springframework.test.context.support.DirtiesContextTestExecutionListener, org.springframework.test.context.transaction.TransactionalTestExecutionListener, org.springframework.test.context.jdbc.SqlScriptsTestExecutionListener]
22:26:41.340 [Test worker] INFO org.springframework.boot.test.autoconfigure.data.mongo.DataMongoTestContextBootstrapper - Using TestExecutionListeners: [org.springframework.test.context.web.ServletTestExecutionListener@1357e792, org.springframework.test.context.support.DirtiesContextBeforeModesTestExecutionListener@29b454d4, org.springframework.boot.test.mock.mockito.MockitoTestExecutionListener@7951a66a, org.springframework.boot.test.autoconfigure.SpringBootDependencyInjectionTestExecutionListener@3ae6ffa8, org.springframework.test.context.support.DirtiesContextTestExecutionListener@16a1e411, org.springframework.test.context.transaction.TransactionalTestExecutionListener@1d3800e5, org.springframework.test.context.jdbc.SqlScriptsTestExecutionListener@69ae87de, org.springframework.boot.test.autoconfigure.restdocs.RestDocsTestExecutionListener@64b82efc, org.springframework.boot.test.autoconfigure.web.client.MockRestServiceServerResetTestExecutionListener@7d20cf16, org.springframework.boot.test.autoconfigure.web.servlet.MockMvcPrintOnlyOnFailureTestExecutionListener@2042d77f, org.springframework.boot.test.autoconfigure.web.servlet.WebDriverTestExecutionListener@3dcf34de, org.springframework.boot.test.mock.mockito.ResetMocksTestExecutionListener@18a53255]
22:26:41.342 [Test worker] DEBUG org.springframework.test.annotation.ProfileValueUtils - Retrieved @ProfileValueSourceConfiguration [null] for test class [guru.springframework.repositories.UnitOfMeasureRepositoryIT]
22:26:41.343 [Test worker] DEBUG org.springframework.test.annotation.ProfileValueUtils - Retrieved ProfileValueSource type [class org.springframework.test.annotation.SystemProfileValueSource] for class [guru.springframework.repositories.UnitOfMeasureRepositoryIT]
22:26:41.346 [Test worker] DEBUG org.springframework.test.annotation.ProfileValueUtils - Retrieved @ProfileValueSourceConfiguration [null] for test class [guru.springframework.repositories.UnitOfMeasureRepositoryIT]
22:26:41.348 [Test worker] DEBUG org.springframework.test.annotation.ProfileValueUtils - Retrieved ProfileValueSource type [class org.springframework.test.annotation.SystemProfileValueSource] for class [guru.springframework.repositories.UnitOfMeasureRepositoryIT]
22:26:41.356 [Test worker] DEBUG org.springframework.test.annotation.ProfileValueUtils - Retrieved @ProfileValueSourceConfiguration [null] for test class [guru.springframework.repositories.UnitOfMeasureRepositoryIT]
22:26:41.364 [Test worker] DEBUG org.springframework.test.annotation.ProfileValueUtils - Retrieved ProfileValueSource type [class org.springframework.test.annotation.SystemProfileValueSource] for class [guru.springframework.repositories.UnitOfMeasureRepositoryIT]
22:26:41.387 [Test worker] DEBUG org.springframework.test.context.support.AbstractDirtiesContextTestExecutionListener - Before test class: context [DefaultTestContext@747b3cb8 testClass = UnitOfMeasureRepositoryIT, testInstance = [null], testMethod = [null], testException = [null], mergedContextConfiguration = [MergedContextConfiguration@3bb60385 testClass = UnitOfMeasureRepositoryIT, locations = '{}', classes = '{class guru.springframework.Spring5MongoRecipeAppApplication}', contextInitializerClasses = '[]', activeProfiles = '{}', propertySourceLocations = '{}', propertySourceProperties = '{org.springframework.boot.test.autoconfigure.data.mongo.DataMongoTestContextBootstrapper=true}', contextCustomizers = set[org.springframework.boot.test.autoconfigure.OverrideAutoConfigurationContextCustomizerFactory$DisableAutoConfigurationContextCustomizer@5cbf7c, org.springframework.boot.test.autoconfigure.filter.TypeExcludeFiltersContextCustomizer@351584c0, org.springframework.boot.test.autoconfigure.properties.PropertyMappingContextCustomizer@a3e9cb74, org.springframework.boot.test.autoconfigure.web.servlet.WebDriverContextCustomizerFactory$Customizer@4210cf37, [ImportsContextCustomizer@5f740337 key = [org.springframework.boot.autoconfigure.cache.CacheAutoConfiguration, org.springframework.boot.autoconfigure.data.mongo.MongoDataAutoConfiguration, org.springframework.boot.autoconfigure.data.mongo.MongoReactiveDataAutoConfiguration, org.springframework.boot.autoconfigure.data.mongo.MongoReactiveRepositoriesAutoConfiguration, org.springframework.boot.autoconfigure.data.mongo.MongoRepositoriesAutoConfiguration, org.springframework.boot.autoconfigure.mongo.MongoAutoConfiguration, org.springframework.boot.autoconfigure.mongo.MongoReactiveAutoConfiguration, org.springframework.boot.autoconfigure.mongo.embedded.EmbeddedMongoAutoConfiguration]], org.springframework.boot.test.context.filter.ExcludeFilterContextCustomizer@7b27753b, org.springframework.boot.test.json.DuplicateJsonObjectContextCustomizerFactory$DuplicateJsonObjectContextCustomizer@c44f822, org.springframework.boot.test.mock.mockito.MockitoContextCustomizer@0], contextLoader = 'org.springframework.boot.test.context.SpringBootContextLoader', parent = [null]], attributes = map[[empty]]], class annotated with @DirtiesContext [false] with mode [null].
22:26:41.388 [Test worker] DEBUG org.springframework.test.annotation.ProfileValueUtils - Retrieved @ProfileValueSourceConfiguration [null] for test class [guru.springframework.repositories.UnitOfMeasureRepositoryIT]
22:26:41.389 [Test worker] DEBUG org.springframework.test.annotation.ProfileValueUtils - Retrieved ProfileValueSource type [class org.springframework.test.annotation.SystemProfileValueSource] for class [guru.springframework.repositories.UnitOfMeasureRepositoryIT]
22:26:41.405 [Test worker] DEBUG org.springframework.test.context.support.DependencyInjectionTestExecutionListener - Performing dependency injection for test context [[DefaultTestContext@747b3cb8 testClass = UnitOfMeasureRepositoryIT, testInstance = guru.springframework.repositories.UnitOfMeasureRepositoryIT@ffe23ce, testMethod = [null], testException = [null], mergedContextConfiguration = [MergedContextConfiguration@3bb60385 testClass = UnitOfMeasureRepositoryIT, locations = '{}', classes = '{class guru.springframework.Spring5MongoRecipeAppApplication}', contextInitializerClasses = '[]', activeProfiles = '{}', propertySourceLocations = '{}', propertySourceProperties = '{org.springframework.boot.test.autoconfigure.data.mongo.DataMongoTestContextBootstrapper=true}', contextCustomizers = set[org.springframework.boot.test.autoconfigure.OverrideAutoConfigurationContextCustomizerFactory$DisableAutoConfigurationContextCustomizer@5cbf7c, org.springframework.boot.test.autoconfigure.filter.TypeExcludeFiltersContextCustomizer@351584c0, org.springframework.boot.test.autoconfigure.properties.PropertyMappingContextCustomizer@a3e9cb74, org.springframework.boot.test.autoconfigure.web.servlet.WebDriverContextCustomizerFactory$Customizer@4210cf37, [ImportsContextCustomizer@5f740337 key = [org.springframework.boot.autoconfigure.cache.CacheAutoConfiguration, org.springframework.boot.autoconfigure.data.mongo.MongoDataAutoConfiguration, org.springframework.boot.autoconfigure.data.mongo.MongoReactiveDataAutoConfiguration, org.springframework.boot.autoconfigure.data.mongo.MongoReactiveRepositoriesAutoConfiguration, org.springframework.boot.autoconfigure.data.mongo.MongoRepositoriesAutoConfiguration, org.springframework.boot.autoconfigure.mongo.MongoAutoConfiguration, org.springframework.boot.autoconfigure.mongo.MongoReactiveAutoConfiguration, org.springframework.boot.autoconfigure.mongo.embedded.EmbeddedMongoAutoConfiguration]], org.springframework.boot.test.context.filter.ExcludeFilterContextCustomizer@7b27753b, org.springframework.boot.test.json.DuplicateJsonObjectContextCustomizerFactory$DuplicateJsonObjectContextCustomizer@c44f822, org.springframework.boot.test.mock.mockito.MockitoContextCustomizer@0], contextLoader = 'org.springframework.boot.test.context.SpringBootContextLoader', parent = [null]], attributes = map[[empty]]]].
22:26:41.458 [Test worker] DEBUG org.springframework.test.context.support.TestPropertySourceUtils - Adding inlined properties to environment: {spring.jmx.enabled=false, org.springframework.boot.test.autoconfigure.data.mongo.DataMongoTestContextBootstrapper=true, server.port=-1}

  .   ____          _            __ _ _
 /\\ / ___'_ __ _ _(_)_ __  __ _ \ \ \ \
( ( )\___ | '_ | '_| | '_ \/ _` | \ \ \ \
 \\/  ___)| |_)| | | | | || (_| |  ) ) ) )
  '  |____| .__|_| |_|_| |_\__, | / / / /
 =========|_|==============|___/=/_/_/_/
 :: Spring Boot ::        (v2.1.0.RELEASE)

2020-08-04 22:26:57.173  INFO 1113 --- [    Test worker] g.s.r.UnitOfMeasureRepositoryIT          : Starting UnitOfMeasureRepositoryIT on enjoys-Mac.local with PID 1113 (started by enjoy in /Users/enjoy/IdeaProjects/recipe-monogdb)
2020-08-04 22:26:57.176  INFO 1113 --- [    Test worker] g.s.r.UnitOfMeasureRepositoryIT          : No active profile set, falling back to default profiles: default
2020-08-04 22:26:57.622  INFO 1113 --- [    Test worker] .s.d.r.c.RepositoryConfigurationDelegate : Bootstrapping Spring Data repositories in DEFAULT mode.
2020-08-04 22:26:57.706  INFO 1113 --- [    Test worker] .s.d.r.c.RepositoryConfigurationDelegate : Finished Spring Data repository scanning in 77ms. Found 3 repository interfaces.
2020-08-04 22:27:13.754  INFO 1113 --- [       Thread-8] o.s.b.a.mongo.embedded.EmbeddedMongo     : note: noprealloc may hurt performance in many applications
2020-08-04 22:27:13.760  INFO 1113 --- [       Thread-8] o.s.b.a.mongo.embedded.EmbeddedMongo     : 2020-08-04T22:27:13.759+0200 I CONTROL  [initandlisten] MongoDB starting : pid=1114 port=49710 dbpath=/var/folders/g6/yfs_2vzj2sgblvpmwbsq6vkw0000gn/T/embedmongo-db-3ff80c9d-f75f-4fe9-ad0f-7357e356a933 64-bit host=enjoys-Mac.local
2020-08-04 22:27:13.761  INFO 1113 --- [       Thread-8] o.s.b.a.mongo.embedded.EmbeddedMongo     : 2020-08-04T22:27:13.760+0200 I CONTROL  [initandlisten] db version v3.5.5
2020-08-04 22:27:13.761  INFO 1113 --- [       Thread-8] o.s.b.a.mongo.embedded.EmbeddedMongo     : 2020-08-04T22:27:13.760+0200 I CONTROL  [initandlisten] git version: 98515c812b6fa893613f063dae568ff8319cbfbd
2020-08-04 22:27:13.762  INFO 1113 --- [       Thread-8] o.s.b.a.mongo.embedded.EmbeddedMongo     : 2020-08-04T22:27:13.760+0200 I CONTROL  [initandlisten] allocator: system
2020-08-04 22:27:13.762  INFO 1113 --- [       Thread-8] o.s.b.a.mongo.embedded.EmbeddedMongo     : 2020-08-04T22:27:13.760+0200 I CONTROL  [initandlisten] modules: none
2020-08-04 22:27:13.762  INFO 1113 --- [       Thread-8] o.s.b.a.mongo.embedded.EmbeddedMongo     : 2020-08-04T22:27:13.760+0200 I CONTROL  [initandlisten] build environment:
2020-08-04 22:27:13.762  INFO 1113 --- [       Thread-8] o.s.b.a.mongo.embedded.EmbeddedMongo     : 2020-08-04T22:27:13.760+0200 I CONTROL  [initandlisten]     distarch: x86_64
2020-08-04 22:27:13.762  INFO 1113 --- [       Thread-8] o.s.b.a.mongo.embedded.EmbeddedMongo     : 2020-08-04T22:27:13.760+0200 I CONTROL  [initandlisten]     target_arch: x86_64
2020-08-04 22:27:13.763  INFO 1113 --- [       Thread-8] o.s.b.a.mongo.embedded.EmbeddedMongo     : 2020-08-04T22:27:13.760+0200 I CONTROL  [initandlisten] options: { net: { bindIp: "127.0.0.1", http: { enabled: false }, port: 49710 }, security: { authorization: "disabled" }, storage: { dbPath: "/var/folders/g6/yfs_2vzj2sgblvpmwbsq6vkw0000gn/T/embedmongo-db-3ff80c9d-f75f-4fe9-ad0f-7357e356a933", journal: { enabled: false }, mmapv1: { preallocDataFiles: false, smallFiles: true }, syncPeriodSecs: 0.0 } }
2020-08-04 22:27:13.763  INFO 1113 --- [       Thread-8] o.s.b.a.mongo.embedded.EmbeddedMongo     : 2020-08-04T22:27:13.761+0200 I STORAGE  [initandlisten] wiredtiger_open config: create,cache_size=3488M,session_max=20000,eviction=(threads_min=4,threads_max=4),config_base=false,statistics=(fast),log=(enabled=true,archive=true,path=journal,compressor=snappy),file_manager=(close_idle_time=100000),checkpoint=(wait=0,log_size=2GB),statistics_log=(wait=0),verbose=(recovery_progress),,log=(enabled=false),
2020-08-04 22:27:13.798  INFO 1113 --- [       Thread-8] o.s.b.a.mongo.embedded.EmbeddedMongo     : 2020-08-04T22:27:13.798+0200 W STORAGE  [initandlisten] Detected configuration for non-active storage engine mmapv1 when current storage engine is wiredTiger
2020-08-04 22:27:13.798  INFO 1113 --- [       Thread-8] o.s.b.a.mongo.embedded.EmbeddedMongo     : 2020-08-04T22:27:13.798+0200 I CONTROL  [initandlisten] 
2020-08-04 22:27:13.798  INFO 1113 --- [       Thread-8] o.s.b.a.mongo.embedded.EmbeddedMongo     : 2020-08-04T22:27:13.798+0200 I CONTROL  [initandlisten] ** NOTE: This is a development version (3.5.5) of MongoDB.
2020-08-04 22:27:13.798  INFO 1113 --- [       Thread-8] o.s.b.a.mongo.embedded.EmbeddedMongo     : 2020-08-04T22:27:13.798+0200 I CONTROL  [initandlisten] **       Not recommended for production.
2020-08-04 22:27:13.799  INFO 1113 --- [       Thread-8] o.s.b.a.mongo.embedded.EmbeddedMongo     : 2020-08-04T22:27:13.798+0200 I CONTROL  [initandlisten] 
2020-08-04 22:27:13.811  INFO 1113 --- [       Thread-8] o.s.b.a.mongo.embedded.EmbeddedMongo     : 2020-08-04T22:27:13.811+0200 I FTDC     [initandlisten] Initializing full-time diagnostic data capture with directory '/var/folders/g6/yfs_2vzj2sgblvpmwbsq6vkw0000gn/T/embedmongo-db-3ff80c9d-f75f-4fe9-ad0f-7357e356a933/diagnostic.data'
2020-08-04 22:27:13.835  INFO 1113 --- [       Thread-8] o.s.b.a.mongo.embedded.EmbeddedMongo     : 2020-08-04T22:27:13.833+0200 I INDEX    [initandlisten] build index on: admin.system.version properties: { v: 2, key: { version: 1 }, name: "incompatible_with_version_32", ns: "admin.system.version" }
2020-08-04 22:27:13.835  INFO 1113 --- [       Thread-8] o.s.b.a.mongo.embedded.EmbeddedMongo     : 2020-08-04T22:27:13.833+0200 I INDEX    [initandlisten] 	 building index using bulk method; build may temporarily use up to 500 megabytes of RAM
2020-08-04 22:27:13.836  INFO 1113 --- [       Thread-8] o.s.b.a.mongo.embedded.EmbeddedMongo     : 2020-08-04T22:27:13.835+0200 I INDEX    [initandlisten] build index done.  scanned 0 total records. 0 secs
2020-08-04 22:27:13.836  INFO 1113 --- [       Thread-8] o.s.b.a.mongo.embedded.EmbeddedMongo     : 2020-08-04T22:27:13.836+0200 I COMMAND  [initandlisten] setting featureCompatibilityVersion to 3.4
2020-08-04 22:27:13.836  INFO 1113 --- [       Thread-8] o.s.b.a.mongo.embedded.EmbeddedMongo     : 2020-08-04T22:27:13.836+0200 I NETWORK  [thread1] waiting for connections on port 49710
2020-08-04 22:27:13.837  INFO 1113 --- [    Test worker] d.f.embed.mongo.MongodExecutable         : start de.flapdoodle.embed.mongo.config.MongodConfigBuilder$ImmutableMongodConfig@27d4c080
2020-08-04 22:27:19.209  INFO 1113 --- [    Test worker] org.mongodb.driver.cluster               : Cluster created with settings {hosts=[localhost:49710], mode=MULTIPLE, requiredClusterType=UNKNOWN, serverSelectionTimeout='30000 ms', maxWaitQueueSize=500}
2020-08-04 22:27:19.209  INFO 1113 --- [    Test worker] org.mongodb.driver.cluster               : Adding discovered server localhost:49710 to client view of cluster
2020-08-04 22:27:19.260  INFO 1113 --- [       Thread-8] o.s.b.a.mongo.embedded.EmbeddedMongo     : 2020-08-04T22:27:19.260+0200 I NETWORK  [thread1] connection accepted from 127.0.0.1:49714 #1 (1 connection now open)
2020-08-04 22:27:19.277  INFO 1113 --- [       Thread-8] o.s.b.a.mongo.embedded.EmbeddedMongo     : 2020-08-04T22:27:19.277+0200 I NETWORK  [conn1] received client metadata from 127.0.0.1:49714 conn1: { driver: { name: "mongo-java-driver", version: "3.8.2" }, os: { type: "Darwin", name: "Mac OS X", architecture: "x86_64", version: "10.15.6" }, platform: "Java/Oracle Corporation/1.8.0_261-b12" }
2020-08-04 22:27:19.298  INFO 1113 --- [localhost:49710] org.mongodb.driver.connection            : Opened connection [connectionId{localValue:1, serverValue:1}] to localhost:49710
2020-08-04 22:27:19.301  INFO 1113 --- [localhost:49710] org.mongodb.driver.cluster               : Monitor thread successfully connected to server with description ServerDescription{address=localhost:49710, type=STANDALONE, state=CONNECTED, ok=true, version=ServerVersion{versionList=[3, 5, 5]}, minWireVersion=0, maxWireVersion=5, maxDocumentSize=16777216, logicalSessionTimeoutMinutes=null, roundTripTimeNanos=1362717}
2020-08-04 22:27:19.303  INFO 1113 --- [localhost:49710] org.mongodb.driver.cluster               : Discovered cluster type of STANDALONE
2020-08-04 22:27:19.779  INFO 1113 --- [    Test worker] g.s.r.UnitOfMeasureRepositoryIT          : Started UnitOfMeasureRepositoryIT in 38.31 seconds (JVM running for 45.54)
2020-08-04 22:27:20.093  INFO 1113 --- [       Thread-8] o.s.b.a.mongo.embedded.EmbeddedMongo     : 2020-08-04T22:27:20.092+0200 I NETWORK  [thread1] connection accepted from 127.0.0.1:49715 #2 (2 connections now open)
2020-08-04 22:27:20.095  INFO 1113 --- [       Thread-8] o.s.b.a.mongo.embedded.EmbeddedMongo     : 2020-08-04T22:27:20.095+0200 I NETWORK  [conn2] received client metadata from 127.0.0.1:49715 conn2: { driver: { name: "mongo-java-driver", version: "3.8.2" }, os: { type: "Darwin", name: "Mac OS X", architecture: "x86_64", version: "10.15.6" }, platform: "Java/Oracle Corporation/1.8.0_261-b12" }
2020-08-04 22:27:20.100  INFO 1113 --- [    Test worker] org.mongodb.driver.connection            : Opened connection [connectionId{localValue:2, serverValue:2}] to localhost:49710
]]></system-out>
  <system-err><![CDATA[]]></system-err>
</testsuite>
