<?xml version="1.0" encoding="UTF-8"?>
<testsuite name="guru.springframework.services.RecipeServiceIT" tests="1" skipped="0" failures="0" errors="0" timestamp="2020-08-09T17:17:44" hostname="enjoys-Mac.local" time="0.091">
  <properties/>
  <testcase name="testSaveOfDescription" classname="guru.springframework.services.RecipeServiceIT" time="0.091"/>
  <system-out><![CDATA[2020-08-09 19:17:44.819  INFO 1777 --- [    Test worker] .b.t.c.SpringBootTestContextBootstrapper : Neither @ContextConfiguration nor @ContextHierarchy found for test class [guru.springframework.services.RecipeServiceIT], using SpringBootContextLoader
2020-08-09 19:17:44.820  INFO 1777 --- [    Test worker] o.s.t.c.support.AbstractContextLoader    : Could not detect default resource locations for test class [guru.springframework.services.RecipeServiceIT]: no resource found for suffixes {-context.xml, Context.groovy}.
2020-08-09 19:17:44.821  INFO 1777 --- [    Test worker] t.c.s.AnnotationConfigContextLoaderUtils : Could not detect default configuration classes for test class [guru.springframework.services.RecipeServiceIT]: RecipeServiceIT does not declare any static, non-private, non-final, nested classes annotated with @Configuration.
2020-08-09 19:17:44.833  INFO 1777 --- [    Test worker] .b.t.c.SpringBootTestContextBootstrapper : Found @SpringBootConfiguration guru.springframework.Spring5MongoRecipeAppApplication for test class guru.springframework.services.RecipeServiceIT
2020-08-09 19:17:44.838  INFO 1777 --- [    Test worker] .b.t.c.SpringBootTestContextBootstrapper : Loaded default TestExecutionListener class names from location [META-INF/spring.factories]: [org.springframework.boot.test.autoconfigure.restdocs.RestDocsTestExecutionListener, org.springframework.boot.test.autoconfigure.web.client.MockRestServiceServerResetTestExecutionListener, org.springframework.boot.test.autoconfigure.web.servlet.MockMvcPrintOnlyOnFailureTestExecutionListener, org.springframework.boot.test.autoconfigure.web.servlet.WebDriverTestExecutionListener, org.springframework.boot.test.mock.mockito.MockitoTestExecutionListener, org.springframework.boot.test.mock.mockito.ResetMocksTestExecutionListener, org.springframework.test.context.web.ServletTestExecutionListener, org.springframework.test.context.support.DirtiesContextBeforeModesTestExecutionListener, org.springframework.test.context.support.DependencyInjectionTestExecutionListener, org.springframework.test.context.support.DirtiesContextTestExecutionListener, org.springframework.test.context.transaction.TransactionalTestExecutionListener, org.springframework.test.context.jdbc.SqlScriptsTestExecutionListener]
2020-08-09 19:17:44.843  INFO 1777 --- [    Test worker] .b.t.c.SpringBootTestContextBootstrapper : Using TestExecutionListeners: [org.springframework.test.context.web.ServletTestExecutionListener@44e75b9c, org.springframework.test.context.support.DirtiesContextBeforeModesTestExecutionListener@77593c0f, org.springframework.boot.test.mock.mockito.MockitoTestExecutionListener@329f216b, org.springframework.boot.test.autoconfigure.SpringBootDependencyInjectionTestExecutionListener@256898ae, org.springframework.test.context.support.DirtiesContextTestExecutionListener@5bad1c24, org.springframework.test.context.transaction.TransactionalTestExecutionListener@65aafa1a, org.springframework.test.context.jdbc.SqlScriptsTestExecutionListener@2ef51bbd, org.springframework.boot.test.autoconfigure.restdocs.RestDocsTestExecutionListener@4f394b25, org.springframework.boot.test.autoconfigure.web.client.MockRestServiceServerResetTestExecutionListener@7cc622da, org.springframework.boot.test.autoconfigure.web.servlet.MockMvcPrintOnlyOnFailureTestExecutionListener@4e8e7d72, org.springframework.boot.test.autoconfigure.web.servlet.WebDriverTestExecutionListener@48a0afed, org.springframework.boot.test.mock.mockito.ResetMocksTestExecutionListener@4dc5a5bf]
2020-08-09 19:17:44.922  INFO 1777 --- [       Thread-8] o.s.b.a.mongo.embedded.EmbeddedMongo     : 2020-08-09T19:17:44.922+0200 I NETWORK  [thread1] connection accepted from 127.0.0.1:50247 #4 (4 connections now open)
2020-08-09 19:17:44.925  INFO 1777 --- [       Thread-8] o.s.b.a.mongo.embedded.EmbeddedMongo     : 2020-08-09T19:17:44.925+0200 I NETWORK  [conn4] received client metadata from 127.0.0.1:50247 conn4: { driver: { name: "mongo-java-driver|mongo-java-driver-reactivestreams", version: "3.8.2|1.9.2" }, os: { type: "Darwin", name: "Mac OS X", architecture: "x86_64", version: "10.15.6" }, platform: "Java/Oracle Corporation/1.8.0_261-b12" }
2020-08-09 19:17:44.930  INFO 1777 --- [ntLoopGroup-2-2] org.mongodb.driver.connection            : Opened connection [connectionId{localValue:7, serverValue:4}] to localhost:50214
]]></system-out>
  <system-err><![CDATA[]]></system-err>
</testsuite>
