<?xml version="1.0" encoding="UTF-8"?>
<testsuite name="guru.springframework.services.RecipeServiceImplTest" tests="4" skipped="0" failures="0" errors="0" timestamp="2020-08-09T16:34:49" hostname="enjoys-Mac.local" time="0.153">
  <properties/>
  <testcase name="testDeleteById" classname="guru.springframework.services.RecipeServiceImplTest" time="0.129"/>
  <testcase name="getRecipesTest" classname="guru.springframework.services.RecipeServiceImplTest" time="0.005"/>
  <testcase name="getRecipeByIdTest" classname="guru.springframework.services.RecipeServiceImplTest" time="0.001"/>
  <testcase name="getRecipeCommandByIdTest" classname="guru.springframework.services.RecipeServiceImplTest" time="0.017"/>
  <system-out><![CDATA[]]></system-out>
  <system-err><![CDATA[]]></system-err>
</testsuite>
