<?xml version="1.0" encoding="UTF-8"?>
<testsuite name="guru.springframework.controllers.IngredientControllerTest" tests="6" skipped="0" failures="0" errors="0" timestamp="2020-08-08T21:12:55" hostname="enjoys-Mac.local" time="0.24">
  <properties/>
  <testcase name="testNewIngredientForm" classname="guru.springframework.controllers.IngredientControllerTest" time="0.108"/>
  <testcase name="testShowIngredient" classname="guru.springframework.controllers.IngredientControllerTest" time="0.027"/>
  <testcase name="testListIngredients" classname="guru.springframework.controllers.IngredientControllerTest" time="0.024"/>
  <testcase name="testUpdateIngredientForm" classname="guru.springframework.controllers.IngredientControllerTest" time="0.03"/>
  <testcase name="testDeleteIngredient" classname="guru.springframework.controllers.IngredientControllerTest" time="0.026"/>
  <testcase name="testSaveOrUpdate" classname="guru.springframework.controllers.IngredientControllerTest" time="0.024"/>
  <system-out><![CDATA[2020-08-08 23:12:55.809  INFO 1760 --- [    Test worker] o.s.mock.web.MockServletContext          : Initializing Spring TestDispatcherServlet ''
2020-08-08 23:12:55.809  INFO 1760 --- [    Test worker] o.s.t.web.servlet.TestDispatcherServlet  : Initializing Servlet ''
2020-08-08 23:12:55.810  INFO 1760 --- [    Test worker] o.s.t.web.servlet.TestDispatcherServlet  : Completed initialization in 0 ms
2020-08-08 23:12:55.844  INFO 1760 --- [    Test worker] o.s.mock.web.MockServletContext          : Initializing Spring TestDispatcherServlet ''
2020-08-08 23:12:55.844  INFO 1760 --- [    Test worker] o.s.t.web.servlet.TestDispatcherServlet  : Initializing Servlet ''
2020-08-08 23:12:55.844  INFO 1760 --- [    Test worker] o.s.t.web.servlet.TestDispatcherServlet  : Completed initialization in 0 ms
2020-08-08 23:12:55.873  INFO 1760 --- [    Test worker] o.s.mock.web.MockServletContext          : Initializing Spring TestDispatcherServlet ''
2020-08-08 23:12:55.873  INFO 1760 --- [    Test worker] o.s.t.web.servlet.TestDispatcherServlet  : Initializing Servlet ''
2020-08-08 23:12:55.873  INFO 1760 --- [    Test worker] o.s.t.web.servlet.TestDispatcherServlet  : Completed initialization in 0 ms
2020-08-08 23:12:55.903  INFO 1760 --- [    Test worker] o.s.mock.web.MockServletContext          : Initializing Spring TestDispatcherServlet ''
2020-08-08 23:12:55.903  INFO 1760 --- [    Test worker] o.s.t.web.servlet.TestDispatcherServlet  : Initializing Servlet ''
2020-08-08 23:12:55.904  INFO 1760 --- [    Test worker] o.s.t.web.servlet.TestDispatcherServlet  : Completed initialization in 0 ms
2020-08-08 23:12:55.930  INFO 1760 --- [    Test worker] o.s.mock.web.MockServletContext          : Initializing Spring TestDispatcherServlet ''
2020-08-08 23:12:55.930  INFO 1760 --- [    Test worker] o.s.t.web.servlet.TestDispatcherServlet  : Initializing Servlet ''
2020-08-08 23:12:55.931  INFO 1760 --- [    Test worker] o.s.t.web.servlet.TestDispatcherServlet  : Completed initialization in 1 ms
2020-08-08 23:12:55.953  INFO 1760 --- [    Test worker] o.s.mock.web.MockServletContext          : Initializing Spring TestDispatcherServlet ''
2020-08-08 23:12:55.953  INFO 1760 --- [    Test worker] o.s.t.web.servlet.TestDispatcherServlet  : Initializing Servlet ''
2020-08-08 23:12:55.954  INFO 1760 --- [    Test worker] o.s.t.web.servlet.TestDispatcherServlet  : Completed initialization in 1 ms
]]></system-out>
  <system-err><![CDATA[]]></system-err>
</testsuite>
