<?xml version="1.0" encoding="UTF-8"?>
<testsuite name="guru.springframework.controllers.RecipeControllerTest" tests="7" skipped="0" failures="0" errors="0" timestamp="2020-08-08T21:12:54" hostname="enjoys-Mac.local" time="1.041">
  <properties/>
  <testcase name="testPostNewRecipeForm" classname="guru.springframework.controllers.RecipeControllerTest" time="0.665"/>
  <testcase name="testGetNewRecipeForm" classname="guru.springframework.controllers.RecipeControllerTest" time="0.024"/>
  <testcase name="testGetRecipeNotFound" classname="guru.springframework.controllers.RecipeControllerTest" time="0.047"/>
  <testcase name="testPostNewRecipeFormValidationFail" classname="guru.springframework.controllers.RecipeControllerTest" time="0.152"/>
  <testcase name="testDeleteAction" classname="guru.springframework.controllers.RecipeControllerTest" time="0.072"/>
  <testcase name="testGetUpdateView" classname="guru.springframework.controllers.RecipeControllerTest" time="0.033"/>
  <testcase name="testGetRecipe" classname="guru.springframework.controllers.RecipeControllerTest" time="0.044"/>
  <system-out><![CDATA[2020-08-08 23:12:55.101  INFO 1760 --- [    Test worker] o.s.mock.web.MockServletContext          : Initializing Spring TestDispatcherServlet ''
2020-08-08 23:12:55.102  INFO 1760 --- [    Test worker] o.s.t.web.servlet.TestDispatcherServlet  : Initializing Servlet ''
2020-08-08 23:12:55.102  INFO 1760 --- [    Test worker] o.s.t.web.servlet.TestDispatcherServlet  : Completed initialization in 0 ms
2020-08-08 23:12:55.322  INFO 1760 --- [    Test worker] o.s.mock.web.MockServletContext          : Initializing Spring TestDispatcherServlet ''
2020-08-08 23:12:55.323  INFO 1760 --- [    Test worker] o.s.t.web.servlet.TestDispatcherServlet  : Initializing Servlet ''
2020-08-08 23:12:55.323  INFO 1760 --- [    Test worker] o.s.t.web.servlet.TestDispatcherServlet  : Completed initialization in 0 ms
2020-08-08 23:12:55.362  INFO 1760 --- [    Test worker] o.s.mock.web.MockServletContext          : Initializing Spring TestDispatcherServlet ''
2020-08-08 23:12:55.362  INFO 1760 --- [    Test worker] o.s.t.web.servlet.TestDispatcherServlet  : Initializing Servlet ''
2020-08-08 23:12:55.362  INFO 1760 --- [    Test worker] o.s.t.web.servlet.TestDispatcherServlet  : Completed initialization in 0 ms
2020-08-08 23:12:55.374 ERROR 1760 --- [    Test worker] g.s.controllers.RecipeController         : Handling not found exception
2020-08-08 23:12:55.375 ERROR 1760 --- [    Test worker] g.s.controllers.RecipeController         : null
2020-08-08 23:12:55.427  INFO 1760 --- [    Test worker] o.s.mock.web.MockServletContext          : Initializing Spring TestDispatcherServlet ''
2020-08-08 23:12:55.429  INFO 1760 --- [    Test worker] o.s.t.web.servlet.TestDispatcherServlet  : Initializing Servlet ''
2020-08-08 23:12:55.430  INFO 1760 --- [    Test worker] o.s.t.web.servlet.TestDispatcherServlet  : Completed initialization in 0 ms
2020-08-08 23:12:55.577  INFO 1760 --- [    Test worker] o.s.mock.web.MockServletContext          : Initializing Spring TestDispatcherServlet ''
2020-08-08 23:12:55.578  INFO 1760 --- [    Test worker] o.s.t.web.servlet.TestDispatcherServlet  : Initializing Servlet ''
2020-08-08 23:12:55.579  INFO 1760 --- [    Test worker] o.s.t.web.servlet.TestDispatcherServlet  : Completed initialization in 1 ms
2020-08-08 23:12:55.628  INFO 1760 --- [    Test worker] o.s.mock.web.MockServletContext          : Initializing Spring TestDispatcherServlet ''
2020-08-08 23:12:55.628  INFO 1760 --- [    Test worker] o.s.t.web.servlet.TestDispatcherServlet  : Initializing Servlet ''
2020-08-08 23:12:55.629  INFO 1760 --- [    Test worker] o.s.t.web.servlet.TestDispatcherServlet  : Completed initialization in 0 ms
2020-08-08 23:12:55.678  INFO 1760 --- [    Test worker] o.s.mock.web.MockServletContext          : Initializing Spring TestDispatcherServlet ''
2020-08-08 23:12:55.678  INFO 1760 --- [    Test worker] o.s.t.web.servlet.TestDispatcherServlet  : Initializing Servlet ''
2020-08-08 23:12:55.679  INFO 1760 --- [    Test worker] o.s.t.web.servlet.TestDispatcherServlet  : Completed initialization in 0 ms
]]></system-out>
  <system-err><![CDATA[]]></system-err>
</testsuite>
