<?xml version="1.0" encoding="UTF-8"?>
<testsuite name="guru.springframework.repositories.UnitOfMeasureRepositoryIT" tests="2" skipped="0" failures="0" errors="0" timestamp="2020-08-09T17:17:42" hostname="enjoys-Mac.local" time="0.063">
  <properties/>
  <testcase name="testFindByDescription" classname="guru.springframework.repositories.UnitOfMeasureRepositoryIT" time="0.045"/>
  <testcase name="testSaveUom" classname="guru.springframework.repositories.UnitOfMeasureRepositoryIT" time="0.017"/>
  <system-out><![CDATA[2020-08-09 19:17:42.879  INFO 1777 --- [    Test worker] t.a.d.m.DataMongoTestContextBootstrapper : Neither @ContextConfiguration nor @ContextHierarchy found for test class [guru.springframework.repositories.UnitOfMeasureRepositoryIT], using SpringBootContextLoader
2020-08-09 19:17:42.881  INFO 1777 --- [    Test worker] o.s.t.c.support.AbstractContextLoader    : Could not detect default resource locations for test class [guru.springframework.repositories.UnitOfMeasureRepositoryIT]: no resource found for suffixes {-context.xml, Context.groovy}.
2020-08-09 19:17:42.881  INFO 1777 --- [    Test worker] t.c.s.AnnotationConfigContextLoaderUtils : Could not detect default configuration classes for test class [guru.springframework.repositories.UnitOfMeasureRepositoryIT]: UnitOfMeasureRepositoryIT does not declare any static, non-private, non-final, nested classes annotated with @Configuration.
2020-08-09 19:17:42.886  INFO 1777 --- [    Test worker] .b.t.c.SpringBootTestContextBootstrapper : Found @SpringBootConfiguration guru.springframework.Spring5MongoRecipeAppApplication for test class guru.springframework.repositories.UnitOfMeasureRepositoryIT
2020-08-09 19:17:42.887  INFO 1777 --- [    Test worker] t.a.d.m.DataMongoTestContextBootstrapper : Loaded default TestExecutionListener class names from location [META-INF/spring.factories]: [org.springframework.boot.test.autoconfigure.restdocs.RestDocsTestExecutionListener, org.springframework.boot.test.autoconfigure.web.client.MockRestServiceServerResetTestExecutionListener, org.springframework.boot.test.autoconfigure.web.servlet.MockMvcPrintOnlyOnFailureTestExecutionListener, org.springframework.boot.test.autoconfigure.web.servlet.WebDriverTestExecutionListener, org.springframework.boot.test.mock.mockito.MockitoTestExecutionListener, org.springframework.boot.test.mock.mockito.ResetMocksTestExecutionListener, org.springframework.test.context.web.ServletTestExecutionListener, org.springframework.test.context.support.DirtiesContextBeforeModesTestExecutionListener, org.springframework.test.context.support.DependencyInjectionTestExecutionListener, org.springframework.test.context.support.DirtiesContextTestExecutionListener, org.springframework.test.context.transaction.TransactionalTestExecutionListener, org.springframework.test.context.jdbc.SqlScriptsTestExecutionListener]
2020-08-09 19:17:42.888  INFO 1777 --- [    Test worker] t.a.d.m.DataMongoTestContextBootstrapper : Using TestExecutionListeners: [org.springframework.test.context.web.ServletTestExecutionListener@12d267ad, org.springframework.test.context.support.DirtiesContextBeforeModesTestExecutionListener@2ddff3b5, org.springframework.boot.test.mock.mockito.MockitoTestExecutionListener@43d5a3a5, org.springframework.boot.test.autoconfigure.SpringBootDependencyInjectionTestExecutionListener@2740d1b8, org.springframework.test.context.support.DirtiesContextTestExecutionListener@262e35f2, org.springframework.test.context.transaction.TransactionalTestExecutionListener@743e38d9, org.springframework.test.context.jdbc.SqlScriptsTestExecutionListener@1a186570, org.springframework.boot.test.autoconfigure.restdocs.RestDocsTestExecutionListener@3bf4ba9a, org.springframework.boot.test.autoconfigure.web.client.MockRestServiceServerResetTestExecutionListener@6ca299b3, org.springframework.boot.test.autoconfigure.web.servlet.MockMvcPrintOnlyOnFailureTestExecutionListener@695f8c0e, org.springframework.boot.test.autoconfigure.web.servlet.WebDriverTestExecutionListener@30b547b0, org.springframework.boot.test.mock.mockito.ResetMocksTestExecutionListener@2e0b0b56]
]]></system-out>
  <system-err><![CDATA[]]></system-err>
</testsuite>
