<?xml version="1.0" encoding="UTF-8"?>
<testsuite name="guru.springframework.controllers.ImageControllerTest" tests="3" skipped="0" failures="0" errors="0" timestamp="2020-08-09T17:17:44" hostname="enjoys-Mac.local" time="0.163">
  <properties/>
  <testcase name="getImageForm" classname="guru.springframework.controllers.ImageControllerTest" time="0.063"/>
  <testcase name="handleImagePost" classname="guru.springframework.controllers.ImageControllerTest" time="0.044"/>
  <testcase name="renderImageFromDB" classname="guru.springframework.controllers.ImageControllerTest" time="0.055"/>
  <system-out><![CDATA[2020-08-09 19:17:44.580  INFO 1777 --- [    Test worker] o.s.mock.web.MockServletContext          : Initializing Spring TestDispatcherServlet ''
2020-08-09 19:17:44.580  INFO 1777 --- [    Test worker] o.s.t.web.servlet.TestDispatcherServlet  : Initializing Servlet ''
2020-08-09 19:17:44.581  INFO 1777 --- [    Test worker] o.s.t.web.servlet.TestDispatcherServlet  : Completed initialization in 0 ms
2020-08-09 19:17:44.614  INFO 1777 --- [    Test worker] o.s.mock.web.MockServletContext          : Initializing Spring TestDispatcherServlet ''
2020-08-09 19:17:44.615  INFO 1777 --- [    Test worker] o.s.t.web.servlet.TestDispatcherServlet  : Initializing Servlet ''
2020-08-09 19:17:44.616  INFO 1777 --- [    Test worker] o.s.t.web.servlet.TestDispatcherServlet  : Completed initialization in 0 ms
2020-08-09 19:17:44.678  INFO 1777 --- [    Test worker] o.s.mock.web.MockServletContext          : Initializing Spring TestDispatcherServlet ''
2020-08-09 19:17:44.679  INFO 1777 --- [    Test worker] o.s.t.web.servlet.TestDispatcherServlet  : Initializing Servlet ''
2020-08-09 19:17:44.680  INFO 1777 --- [    Test worker] o.s.t.web.servlet.TestDispatcherServlet  : Completed initialization in 0 ms
]]></system-out>
  <system-err><![CDATA[]]></system-err>
</testsuite>
