<?xml version="1.0" encoding="UTF-8"?>
<testsuite name="guru.springframework.repositories.RecipeRepositoryIT" tests="1" skipped="0" failures="0" errors="0" timestamp="2020-08-09T16:34:46" hostname="enjoys-Mac.local" time="0.059">
  <properties/>
  <testcase name="testRecipeSave" classname="guru.springframework.repositories.RecipeRepositoryIT" time="0.059"/>
  <system-out><![CDATA[2020-08-09 18:34:46.654  INFO 1417 --- [    Test worker] t.a.d.m.DataMongoTestContextBootstrapper : Neither @ContextConfiguration nor @ContextHierarchy found for test class [guru.springframework.repositories.RecipeRepositoryIT], using SpringBootContextLoader
2020-08-09 18:34:46.655  INFO 1417 --- [    Test worker] o.s.t.c.support.AbstractContextLoader    : Could not detect default resource locations for test class [guru.springframework.repositories.RecipeRepositoryIT]: no resource found for suffixes {-context.xml, Context.groovy}.
2020-08-09 18:34:46.656  INFO 1417 --- [    Test worker] t.c.s.AnnotationConfigContextLoaderUtils : Could not detect default configuration classes for test class [guru.springframework.repositories.RecipeRepositoryIT]: RecipeRepositoryIT does not declare any static, non-private, non-final, nested classes annotated with @Configuration.
2020-08-09 18:34:46.659  INFO 1417 --- [    Test worker] .b.t.c.SpringBootTestContextBootstrapper : Found @SpringBootConfiguration guru.springframework.Spring5MongoRecipeAppApplication for test class guru.springframework.repositories.RecipeRepositoryIT
2020-08-09 18:34:46.660  INFO 1417 --- [    Test worker] t.a.d.m.DataMongoTestContextBootstrapper : Loaded default TestExecutionListener class names from location [META-INF/spring.factories]: [org.springframework.boot.test.autoconfigure.restdocs.RestDocsTestExecutionListener, org.springframework.boot.test.autoconfigure.web.client.MockRestServiceServerResetTestExecutionListener, org.springframework.boot.test.autoconfigure.web.servlet.MockMvcPrintOnlyOnFailureTestExecutionListener, org.springframework.boot.test.autoconfigure.web.servlet.WebDriverTestExecutionListener, org.springframework.boot.test.mock.mockito.MockitoTestExecutionListener, org.springframework.boot.test.mock.mockito.ResetMocksTestExecutionListener, org.springframework.test.context.web.ServletTestExecutionListener, org.springframework.test.context.support.DirtiesContextBeforeModesTestExecutionListener, org.springframework.test.context.support.DependencyInjectionTestExecutionListener, org.springframework.test.context.support.DirtiesContextTestExecutionListener, org.springframework.test.context.transaction.TransactionalTestExecutionListener, org.springframework.test.context.jdbc.SqlScriptsTestExecutionListener]
2020-08-09 18:34:46.661  INFO 1417 --- [    Test worker] t.a.d.m.DataMongoTestContextBootstrapper : Using TestExecutionListeners: [org.springframework.test.context.web.ServletTestExecutionListener@69528589, org.springframework.test.context.support.DirtiesContextBeforeModesTestExecutionListener@107ff40f, org.springframework.boot.test.mock.mockito.MockitoTestExecutionListener@e432f54, org.springframework.boot.test.autoconfigure.SpringBootDependencyInjectionTestExecutionListener@139d23a3, org.springframework.test.context.support.DirtiesContextTestExecutionListener@6e9e8294, org.springframework.test.context.transaction.TransactionalTestExecutionListener@1aeccc4, org.springframework.test.context.jdbc.SqlScriptsTestExecutionListener@16807a2a, org.springframework.boot.test.autoconfigure.restdocs.RestDocsTestExecutionListener@6c7ac362, org.springframework.boot.test.autoconfigure.web.client.MockRestServiceServerResetTestExecutionListener@76ea665b, org.springframework.boot.test.autoconfigure.web.servlet.MockMvcPrintOnlyOnFailureTestExecutionListener@1554cae, org.springframework.boot.test.autoconfigure.web.servlet.WebDriverTestExecutionListener@14113784, org.springframework.boot.test.mock.mockito.ResetMocksTestExecutionListener@2eca87b7]
]]></system-out>
  <system-err><![CDATA[]]></system-err>
</testsuite>
