<?xml version="1.0" encoding="UTF-8"?>
<testsuite name="guru.springframework.converters.RecipeCommandToRecipeTest" tests="3" skipped="0" failures="0" errors="0" timestamp="2020-08-09T17:17:09" hostname="enjoys-Mac.local" time="0.003">
  <properties/>
  <testcase name="testEmptyObject" classname="guru.springframework.converters.RecipeCommandToRecipeTest" time="0.001"/>
  <testcase name="convert" classname="guru.springframework.converters.RecipeCommandToRecipeTest" time="0.002"/>
  <testcase name="testNullObject" classname="guru.springframework.converters.RecipeCommandToRecipeTest" time="0.0"/>
  <system-out><![CDATA[]]></system-out>
  <system-err><![CDATA[]]></system-err>
</testsuite>
