<?xml version="1.0" encoding="UTF-8"?>
<testsuite name="guru.springframework.services.UnitOfMeasureServiceImplTest" tests="1" skipped="0" failures="0" errors="0" timestamp="2020-08-09T16:34:49" hostname="enjoys-Mac.local" time="0.176">
  <properties/>
  <testcase name="listAllUoms" classname="guru.springframework.services.UnitOfMeasureServiceImplTest" time="0.176"/>
  <system-out><![CDATA[]]></system-out>
  <system-err><![CDATA[]]></system-err>
</testsuite>
