<?xml version="1.0" encoding="UTF-8"?>
<testsuite name="guru.springframework.converters.RecipeToRecipeCommandTest" tests="3" skipped="0" failures="0" errors="0" timestamp="2020-08-09T17:17:09" hostname="enjoys-Mac.local" time="0.01">
  <properties/>
  <testcase name="testEmptyObject" classname="guru.springframework.converters.RecipeToRecipeCommandTest" time="0.001"/>
  <testcase name="convert" classname="guru.springframework.converters.RecipeToRecipeCommandTest" time="0.007"/>
  <testcase name="testNullObject" classname="guru.springframework.converters.RecipeToRecipeCommandTest" time="0.001"/>
  <system-out><![CDATA[]]></system-out>
  <system-err><![CDATA[]]></system-err>
</testsuite>
