<?xml version="1.0" encoding="UTF-8"?>
<testsuite name="guru.springframework.controllers.IngredientControllerTest" tests="6" skipped="0" failures="0" errors="0" timestamp="2020-08-08T21:40:49" hostname="enjoys-Mac.local" time="0.245">
  <properties/>
  <testcase name="testNewIngredientForm" classname="guru.springframework.controllers.IngredientControllerTest" time="0.084"/>
  <testcase name="testShowIngredient" classname="guru.springframework.controllers.IngredientControllerTest" time="0.021"/>
  <testcase name="testListIngredients" classname="guru.springframework.controllers.IngredientControllerTest" time="0.03"/>
  <testcase name="testUpdateIngredientForm" classname="guru.springframework.controllers.IngredientControllerTest" time="0.026"/>
  <testcase name="testDeleteIngredient" classname="guru.springframework.controllers.IngredientControllerTest" time="0.033"/>
  <testcase name="testSaveOrUpdate" classname="guru.springframework.controllers.IngredientControllerTest" time="0.043"/>
  <system-out><![CDATA[2020-08-08 23:40:49.734  INFO 2028 --- [    Test worker] o.s.mock.web.MockServletContext          : Initializing Spring TestDispatcherServlet ''
2020-08-08 23:40:49.744  INFO 2028 --- [    Test worker] o.s.t.web.servlet.TestDispatcherServlet  : Initializing Servlet ''
2020-08-08 23:40:49.745  INFO 2028 --- [    Test worker] o.s.t.web.servlet.TestDispatcherServlet  : Completed initialization in 0 ms
2020-08-08 23:40:49.768  INFO 2028 --- [    Test worker] o.s.mock.web.MockServletContext          : Initializing Spring TestDispatcherServlet ''
2020-08-08 23:40:49.768  INFO 2028 --- [    Test worker] o.s.t.web.servlet.TestDispatcherServlet  : Initializing Servlet ''
2020-08-08 23:40:49.769  INFO 2028 --- [    Test worker] o.s.t.web.servlet.TestDispatcherServlet  : Completed initialization in 1 ms
2020-08-08 23:40:49.800  INFO 2028 --- [    Test worker] o.s.mock.web.MockServletContext          : Initializing Spring TestDispatcherServlet ''
2020-08-08 23:40:49.802  INFO 2028 --- [    Test worker] o.s.t.web.servlet.TestDispatcherServlet  : Initializing Servlet ''
2020-08-08 23:40:49.804  INFO 2028 --- [    Test worker] o.s.t.web.servlet.TestDispatcherServlet  : Completed initialization in 1 ms
2020-08-08 23:40:49.833  INFO 2028 --- [    Test worker] o.s.mock.web.MockServletContext          : Initializing Spring TestDispatcherServlet ''
2020-08-08 23:40:49.833  INFO 2028 --- [    Test worker] o.s.t.web.servlet.TestDispatcherServlet  : Initializing Servlet ''
2020-08-08 23:40:49.833  INFO 2028 --- [    Test worker] o.s.t.web.servlet.TestDispatcherServlet  : Completed initialization in 0 ms
2020-08-08 23:40:49.865  INFO 2028 --- [    Test worker] o.s.mock.web.MockServletContext          : Initializing Spring TestDispatcherServlet ''
2020-08-08 23:40:49.865  INFO 2028 --- [    Test worker] o.s.t.web.servlet.TestDispatcherServlet  : Initializing Servlet ''
2020-08-08 23:40:49.865  INFO 2028 --- [    Test worker] o.s.t.web.servlet.TestDispatcherServlet  : Completed initialization in 0 ms
2020-08-08 23:40:49.908  INFO 2028 --- [    Test worker] o.s.mock.web.MockServletContext          : Initializing Spring TestDispatcherServlet ''
2020-08-08 23:40:49.908  INFO 2028 --- [    Test worker] o.s.t.web.servlet.TestDispatcherServlet  : Initializing Servlet ''
2020-08-08 23:40:49.909  INFO 2028 --- [    Test worker] o.s.t.web.servlet.TestDispatcherServlet  : Completed initialization in 1 ms
]]></system-out>
  <system-err><![CDATA[]]></system-err>
</testsuite>
