<?xml version="1.0" encoding="UTF-8"?>
<testsuite name="guru.springframework.services.RecipeServiceIT" tests="1" skipped="0" failures="0" errors="0" timestamp="2020-08-08T21:12:56" hostname="enjoys-Mac.local" time="0.038">
  <properties/>
  <testcase name="testSaveOfDescription" classname="guru.springframework.services.RecipeServiceIT" time="0.038"/>
  <system-out><![CDATA[2020-08-08 23:12:56.242  INFO 1760 --- [    Test worker] .b.t.c.SpringBootTestContextBootstrapper : Neither @ContextConfiguration nor @ContextHierarchy found for test class [guru.springframework.services.RecipeServiceIT], using SpringBootContextLoader
2020-08-08 23:12:56.244  INFO 1760 --- [    Test worker] o.s.t.c.support.AbstractContextLoader    : Could not detect default resource locations for test class [guru.springframework.services.RecipeServiceIT]: no resource found for suffixes {-context.xml, Context.groovy}.
2020-08-08 23:12:56.244  INFO 1760 --- [    Test worker] t.c.s.AnnotationConfigContextLoaderUtils : Could not detect default configuration classes for test class [guru.springframework.services.RecipeServiceIT]: RecipeServiceIT does not declare any static, non-private, non-final, nested classes annotated with @Configuration.
2020-08-08 23:12:56.260  INFO 1760 --- [    Test worker] .b.t.c.SpringBootTestContextBootstrapper : Found @SpringBootConfiguration guru.springframework.Spring5MongoRecipeAppApplication for test class guru.springframework.services.RecipeServiceIT
2020-08-08 23:12:56.263  INFO 1760 --- [    Test worker] .b.t.c.SpringBootTestContextBootstrapper : Loaded default TestExecutionListener class names from location [META-INF/spring.factories]: [org.springframework.boot.test.autoconfigure.restdocs.RestDocsTestExecutionListener, org.springframework.boot.test.autoconfigure.web.client.MockRestServiceServerResetTestExecutionListener, org.springframework.boot.test.autoconfigure.web.servlet.MockMvcPrintOnlyOnFailureTestExecutionListener, org.springframework.boot.test.autoconfigure.web.servlet.WebDriverTestExecutionListener, org.springframework.boot.test.mock.mockito.MockitoTestExecutionListener, org.springframework.boot.test.mock.mockito.ResetMocksTestExecutionListener, org.springframework.test.context.web.ServletTestExecutionListener, org.springframework.test.context.support.DirtiesContextBeforeModesTestExecutionListener, org.springframework.test.context.support.DependencyInjectionTestExecutionListener, org.springframework.test.context.support.DirtiesContextTestExecutionListener, org.springframework.test.context.transaction.TransactionalTestExecutionListener, org.springframework.test.context.jdbc.SqlScriptsTestExecutionListener]
2020-08-08 23:12:56.264  INFO 1760 --- [    Test worker] .b.t.c.SpringBootTestContextBootstrapper : Using TestExecutionListeners: [org.springframework.test.context.web.ServletTestExecutionListener@3addd73, org.springframework.test.context.support.DirtiesContextBeforeModesTestExecutionListener@1e6db033, org.springframework.boot.test.mock.mockito.MockitoTestExecutionListener@5cddd84b, org.springframework.boot.test.autoconfigure.SpringBootDependencyInjectionTestExecutionListener@2ad08991, org.springframework.test.context.support.DirtiesContextTestExecutionListener@47fb9ffd, org.springframework.test.context.transaction.TransactionalTestExecutionListener@34e44319, org.springframework.test.context.jdbc.SqlScriptsTestExecutionListener@649da4e, org.springframework.boot.test.autoconfigure.restdocs.RestDocsTestExecutionListener@28fb5717, org.springframework.boot.test.autoconfigure.web.client.MockRestServiceServerResetTestExecutionListener@33e43182, org.springframework.boot.test.autoconfigure.web.servlet.MockMvcPrintOnlyOnFailureTestExecutionListener@250e506c, org.springframework.boot.test.autoconfigure.web.servlet.WebDriverTestExecutionListener@6d5d7529, org.springframework.boot.test.mock.mockito.ResetMocksTestExecutionListener@1f6cd47a]
]]></system-out>
  <system-err><![CDATA[]]></system-err>
</testsuite>
