<?xml version="1.0" encoding="UTF-8"?>
<testsuite name="guru.springframework.services.RecipeServiceIT" tests="1" skipped="0" failures="0" errors="0" timestamp="2020-08-08T20:31:36" hostname="enjoys-Mac.local" time="0.161">
  <properties/>
  <testcase name="testSaveOfDescription" classname="guru.springframework.services.RecipeServiceIT" time="0.161"/>
  <system-out><![CDATA[2020-08-08 22:31:36.354  INFO 1243 --- [    Test worker] .b.t.c.SpringBootTestContextBootstrapper : Neither @ContextConfiguration nor @ContextHierarchy found for test class [guru.springframework.services.RecipeServiceIT], using SpringBootContextLoader
2020-08-08 22:31:36.357  INFO 1243 --- [    Test worker] o.s.t.c.support.AbstractContextLoader    : Could not detect default resource locations for test class [guru.springframework.services.RecipeServiceIT]: no resource found for suffixes {-context.xml, Context.groovy}.
2020-08-08 22:31:36.363  INFO 1243 --- [    Test worker] t.c.s.AnnotationConfigContextLoaderUtils : Could not detect default configuration classes for test class [guru.springframework.services.RecipeServiceIT]: RecipeServiceIT does not declare any static, non-private, non-final, nested classes annotated with @Configuration.
2020-08-08 22:31:36.382  INFO 1243 --- [    Test worker] .b.t.c.SpringBootTestContextBootstrapper : Found @SpringBootConfiguration guru.springframework.Spring5MongoRecipeAppApplication for test class guru.springframework.services.RecipeServiceIT
2020-08-08 22:31:36.383  INFO 1243 --- [    Test worker] .b.t.c.SpringBootTestContextBootstrapper : Loaded default TestExecutionListener class names from location [META-INF/spring.factories]: [org.springframework.boot.test.autoconfigure.restdocs.RestDocsTestExecutionListener, org.springframework.boot.test.autoconfigure.web.client.MockRestServiceServerResetTestExecutionListener, org.springframework.boot.test.autoconfigure.web.servlet.MockMvcPrintOnlyOnFailureTestExecutionListener, org.springframework.boot.test.autoconfigure.web.servlet.WebDriverTestExecutionListener, org.springframework.boot.test.mock.mockito.MockitoTestExecutionListener, org.springframework.boot.test.mock.mockito.ResetMocksTestExecutionListener, org.springframework.test.context.web.ServletTestExecutionListener, org.springframework.test.context.support.DirtiesContextBeforeModesTestExecutionListener, org.springframework.test.context.support.DependencyInjectionTestExecutionListener, org.springframework.test.context.support.DirtiesContextTestExecutionListener, org.springframework.test.context.transaction.TransactionalTestExecutionListener, org.springframework.test.context.jdbc.SqlScriptsTestExecutionListener]
2020-08-08 22:31:36.384  INFO 1243 --- [    Test worker] .b.t.c.SpringBootTestContextBootstrapper : Using TestExecutionListeners: [org.springframework.test.context.web.ServletTestExecutionListener@5f1fef2e, org.springframework.test.context.support.DirtiesContextBeforeModesTestExecutionListener@68690331, org.springframework.boot.test.mock.mockito.MockitoTestExecutionListener@6b1f2013, org.springframework.boot.test.autoconfigure.SpringBootDependencyInjectionTestExecutionListener@7525b3cc, org.springframework.test.context.support.DirtiesContextTestExecutionListener@556354d9, org.springframework.test.context.transaction.TransactionalTestExecutionListener@7533b5cf, org.springframework.test.context.jdbc.SqlScriptsTestExecutionListener@673e0cc2, org.springframework.boot.test.autoconfigure.restdocs.RestDocsTestExecutionListener@3f5d783a, org.springframework.boot.test.autoconfigure.web.client.MockRestServiceServerResetTestExecutionListener@70572694, org.springframework.boot.test.autoconfigure.web.servlet.MockMvcPrintOnlyOnFailureTestExecutionListener@18a2689c, org.springframework.boot.test.autoconfigure.web.servlet.WebDriverTestExecutionListener@fed3f56, org.springframework.boot.test.mock.mockito.ResetMocksTestExecutionListener@5ba51a39]
]]></system-out>
  <system-err><![CDATA[]]></system-err>
</testsuite>
