<?xml version="1.0" encoding="UTF-8"?>
<testsuite name="guru.springframework.repositories.RecipeRepositoryIT" tests="1" skipped="0" failures="0" errors="0" timestamp="2020-08-08T21:40:48" hostname="enjoys-Mac.local" time="0.059">
  <properties/>
  <testcase name="testRecipeSave" classname="guru.springframework.repositories.RecipeRepositoryIT" time="0.059"/>
  <system-out><![CDATA[2020-08-08 23:40:48.573  INFO 2028 --- [    Test worker] t.a.d.m.DataMongoTestContextBootstrapper : Neither @ContextConfiguration nor @ContextHierarchy found for test class [guru.springframework.repositories.RecipeRepositoryIT], using SpringBootContextLoader
2020-08-08 23:40:48.576  INFO 2028 --- [    Test worker] o.s.t.c.support.AbstractContextLoader    : Could not detect default resource locations for test class [guru.springframework.repositories.RecipeRepositoryIT]: no resource found for suffixes {-context.xml, Context.groovy}.
2020-08-08 23:40:48.578  INFO 2028 --- [    Test worker] t.c.s.AnnotationConfigContextLoaderUtils : Could not detect default configuration classes for test class [guru.springframework.repositories.RecipeRepositoryIT]: RecipeRepositoryIT does not declare any static, non-private, non-final, nested classes annotated with @Configuration.
2020-08-08 23:40:48.589  INFO 2028 --- [    Test worker] .b.t.c.SpringBootTestContextBootstrapper : Found @SpringBootConfiguration guru.springframework.Spring5MongoRecipeAppApplication for test class guru.springframework.repositories.RecipeRepositoryIT
2020-08-08 23:40:48.592  INFO 2028 --- [    Test worker] t.a.d.m.DataMongoTestContextBootstrapper : Loaded default TestExecutionListener class names from location [META-INF/spring.factories]: [org.springframework.boot.test.autoconfigure.restdocs.RestDocsTestExecutionListener, org.springframework.boot.test.autoconfigure.web.client.MockRestServiceServerResetTestExecutionListener, org.springframework.boot.test.autoconfigure.web.servlet.MockMvcPrintOnlyOnFailureTestExecutionListener, org.springframework.boot.test.autoconfigure.web.servlet.WebDriverTestExecutionListener, org.springframework.boot.test.mock.mockito.MockitoTestExecutionListener, org.springframework.boot.test.mock.mockito.ResetMocksTestExecutionListener, org.springframework.test.context.web.ServletTestExecutionListener, org.springframework.test.context.support.DirtiesContextBeforeModesTestExecutionListener, org.springframework.test.context.support.DependencyInjectionTestExecutionListener, org.springframework.test.context.support.DirtiesContextTestExecutionListener, org.springframework.test.context.transaction.TransactionalTestExecutionListener, org.springframework.test.context.jdbc.SqlScriptsTestExecutionListener]
2020-08-08 23:40:48.600  INFO 2028 --- [    Test worker] t.a.d.m.DataMongoTestContextBootstrapper : Using TestExecutionListeners: [org.springframework.test.context.web.ServletTestExecutionListener@5524f59e, org.springframework.test.context.support.DirtiesContextBeforeModesTestExecutionListener@3648a4fc, org.springframework.boot.test.mock.mockito.MockitoTestExecutionListener@ef36683, org.springframework.boot.test.autoconfigure.SpringBootDependencyInjectionTestExecutionListener@6dd6318e, org.springframework.test.context.support.DirtiesContextTestExecutionListener@1f2ca1af, org.springframework.test.context.transaction.TransactionalTestExecutionListener@6c3099f2, org.springframework.test.context.jdbc.SqlScriptsTestExecutionListener@79e23d89, org.springframework.boot.test.autoconfigure.restdocs.RestDocsTestExecutionListener@25e4397a, org.springframework.boot.test.autoconfigure.web.client.MockRestServiceServerResetTestExecutionListener@5f3fd5b0, org.springframework.boot.test.autoconfigure.web.servlet.MockMvcPrintOnlyOnFailureTestExecutionListener@37a828ac, org.springframework.boot.test.autoconfigure.web.servlet.WebDriverTestExecutionListener@5f4e55a5, org.springframework.boot.test.mock.mockito.ResetMocksTestExecutionListener@5be588df]
]]></system-out>
  <system-err><![CDATA[]]></system-err>
</testsuite>
