<?xml version="1.0" encoding="UTF-8"?>
<testsuite name="guru.springframework.repositories.UnitOfMeasureRepositoryIT" tests="2" skipped="0" failures="0" errors="0" timestamp="2020-08-08T21:40:48" hostname="enjoys-Mac.local" time="0.054">
  <properties/>
  <testcase name="testFindByDescription" classname="guru.springframework.repositories.UnitOfMeasureRepositoryIT" time="0.036"/>
  <testcase name="testSaveUom" classname="guru.springframework.repositories.UnitOfMeasureRepositoryIT" time="0.017"/>
  <system-out><![CDATA[2020-08-08 23:40:48.674  INFO 2028 --- [    Test worker] t.a.d.m.DataMongoTestContextBootstrapper : Neither @ContextConfiguration nor @ContextHierarchy found for test class [guru.springframework.repositories.UnitOfMeasureRepositoryIT], using SpringBootContextLoader
2020-08-08 23:40:48.676  INFO 2028 --- [    Test worker] o.s.t.c.support.AbstractContextLoader    : Could not detect default resource locations for test class [guru.springframework.repositories.UnitOfMeasureRepositoryIT]: no resource found for suffixes {-context.xml, Context.groovy}.
2020-08-08 23:40:48.676  INFO 2028 --- [    Test worker] t.c.s.AnnotationConfigContextLoaderUtils : Could not detect default configuration classes for test class [guru.springframework.repositories.UnitOfMeasureRepositoryIT]: UnitOfMeasureRepositoryIT does not declare any static, non-private, non-final, nested classes annotated with @Configuration.
2020-08-08 23:40:48.679  INFO 2028 --- [    Test worker] .b.t.c.SpringBootTestContextBootstrapper : Found @SpringBootConfiguration guru.springframework.Spring5MongoRecipeAppApplication for test class guru.springframework.repositories.UnitOfMeasureRepositoryIT
2020-08-08 23:40:48.680  INFO 2028 --- [    Test worker] t.a.d.m.DataMongoTestContextBootstrapper : Loaded default TestExecutionListener class names from location [META-INF/spring.factories]: [org.springframework.boot.test.autoconfigure.restdocs.RestDocsTestExecutionListener, org.springframework.boot.test.autoconfigure.web.client.MockRestServiceServerResetTestExecutionListener, org.springframework.boot.test.autoconfigure.web.servlet.MockMvcPrintOnlyOnFailureTestExecutionListener, org.springframework.boot.test.autoconfigure.web.servlet.WebDriverTestExecutionListener, org.springframework.boot.test.mock.mockito.MockitoTestExecutionListener, org.springframework.boot.test.mock.mockito.ResetMocksTestExecutionListener, org.springframework.test.context.web.ServletTestExecutionListener, org.springframework.test.context.support.DirtiesContextBeforeModesTestExecutionListener, org.springframework.test.context.support.DependencyInjectionTestExecutionListener, org.springframework.test.context.support.DirtiesContextTestExecutionListener, org.springframework.test.context.transaction.TransactionalTestExecutionListener, org.springframework.test.context.jdbc.SqlScriptsTestExecutionListener]
2020-08-08 23:40:48.681  INFO 2028 --- [    Test worker] t.a.d.m.DataMongoTestContextBootstrapper : Using TestExecutionListeners: [org.springframework.test.context.web.ServletTestExecutionListener@3115d960, org.springframework.test.context.support.DirtiesContextBeforeModesTestExecutionListener@5745b8de, org.springframework.boot.test.mock.mockito.MockitoTestExecutionListener@797bb07e, org.springframework.boot.test.autoconfigure.SpringBootDependencyInjectionTestExecutionListener@578ddabd, org.springframework.test.context.support.DirtiesContextTestExecutionListener@484cd7f5, org.springframework.test.context.transaction.TransactionalTestExecutionListener@32b5156a, org.springframework.test.context.jdbc.SqlScriptsTestExecutionListener@1669ab02, org.springframework.boot.test.autoconfigure.restdocs.RestDocsTestExecutionListener@2f08c340, org.springframework.boot.test.autoconfigure.web.client.MockRestServiceServerResetTestExecutionListener@1d54a2b, org.springframework.boot.test.autoconfigure.web.servlet.MockMvcPrintOnlyOnFailureTestExecutionListener@1b51113e, org.springframework.boot.test.autoconfigure.web.servlet.WebDriverTestExecutionListener@403b88ed, org.springframework.boot.test.mock.mockito.ResetMocksTestExecutionListener@29404169]
]]></system-out>
  <system-err><![CDATA[]]></system-err>
</testsuite>
