<?xml version="1.0" encoding="UTF-8"?>
<testsuite name="guru.springframework.repositories.RecipeRepositoryIT" tests="1" skipped="0" failures="0" errors="0" timestamp="2020-08-09T17:17:42" hostname="enjoys-Mac.local" time="0.056">
  <properties/>
  <testcase name="testRecipeSave" classname="guru.springframework.repositories.RecipeRepositoryIT" time="0.056"/>
  <system-out><![CDATA[2020-08-09 19:17:42.783  INFO 1777 --- [    Test worker] t.a.d.m.DataMongoTestContextBootstrapper : Neither @ContextConfiguration nor @ContextHierarchy found for test class [guru.springframework.repositories.RecipeRepositoryIT], using SpringBootContextLoader
2020-08-09 19:17:42.790  INFO 1777 --- [    Test worker] o.s.t.c.support.AbstractContextLoader    : Could not detect default resource locations for test class [guru.springframework.repositories.RecipeRepositoryIT]: no resource found for suffixes {-context.xml, Context.groovy}.
2020-08-09 19:17:42.791  INFO 1777 --- [    Test worker] t.c.s.AnnotationConfigContextLoaderUtils : Could not detect default configuration classes for test class [guru.springframework.repositories.RecipeRepositoryIT]: RecipeRepositoryIT does not declare any static, non-private, non-final, nested classes annotated with @Configuration.
2020-08-09 19:17:42.802  INFO 1777 --- [    Test worker] .b.t.c.SpringBootTestContextBootstrapper : Found @SpringBootConfiguration guru.springframework.Spring5MongoRecipeAppApplication for test class guru.springframework.repositories.RecipeRepositoryIT
2020-08-09 19:17:42.803  INFO 1777 --- [    Test worker] t.a.d.m.DataMongoTestContextBootstrapper : Loaded default TestExecutionListener class names from location [META-INF/spring.factories]: [org.springframework.boot.test.autoconfigure.restdocs.RestDocsTestExecutionListener, org.springframework.boot.test.autoconfigure.web.client.MockRestServiceServerResetTestExecutionListener, org.springframework.boot.test.autoconfigure.web.servlet.MockMvcPrintOnlyOnFailureTestExecutionListener, org.springframework.boot.test.autoconfigure.web.servlet.WebDriverTestExecutionListener, org.springframework.boot.test.mock.mockito.MockitoTestExecutionListener, org.springframework.boot.test.mock.mockito.ResetMocksTestExecutionListener, org.springframework.test.context.web.ServletTestExecutionListener, org.springframework.test.context.support.DirtiesContextBeforeModesTestExecutionListener, org.springframework.test.context.support.DependencyInjectionTestExecutionListener, org.springframework.test.context.support.DirtiesContextTestExecutionListener, org.springframework.test.context.transaction.TransactionalTestExecutionListener, org.springframework.test.context.jdbc.SqlScriptsTestExecutionListener]
2020-08-09 19:17:42.804  INFO 1777 --- [    Test worker] t.a.d.m.DataMongoTestContextBootstrapper : Using TestExecutionListeners: [org.springframework.test.context.web.ServletTestExecutionListener@2624260b, org.springframework.test.context.support.DirtiesContextBeforeModesTestExecutionListener@5a244cb5, org.springframework.boot.test.mock.mockito.MockitoTestExecutionListener@6c6987b0, org.springframework.boot.test.autoconfigure.SpringBootDependencyInjectionTestExecutionListener@42ad8d13, org.springframework.test.context.support.DirtiesContextTestExecutionListener@453eff33, org.springframework.test.context.transaction.TransactionalTestExecutionListener@3d8752c5, org.springframework.test.context.jdbc.SqlScriptsTestExecutionListener@1d7316c2, org.springframework.boot.test.autoconfigure.restdocs.RestDocsTestExecutionListener@3318c56a, org.springframework.boot.test.autoconfigure.web.client.MockRestServiceServerResetTestExecutionListener@16d735d, org.springframework.boot.test.autoconfigure.web.servlet.MockMvcPrintOnlyOnFailureTestExecutionListener@6fb18cf, org.springframework.boot.test.autoconfigure.web.servlet.WebDriverTestExecutionListener@3bbcbd4, org.springframework.boot.test.mock.mockito.ResetMocksTestExecutionListener@76fd6d5c]
]]></system-out>
  <system-err><![CDATA[]]></system-err>
</testsuite>
