<?xml version="1.0" encoding="UTF-8"?>
<testsuite name="guru.springframework.converters.NotesToNotesCommandTest" tests="3" skipped="0" failures="0" errors="0" timestamp="2020-08-08T20:30:59" hostname="enjoys-Mac.local" time="0.0">
  <properties/>
  <testcase name="testNull" classname="guru.springframework.converters.NotesToNotesCommandTest" time="0.0"/>
  <testcase name="testEmptyObject" classname="guru.springframework.converters.NotesToNotesCommandTest" time="0.0"/>
  <testcase name="convert" classname="guru.springframework.converters.NotesToNotesCommandTest" time="0.0"/>
  <system-out><![CDATA[]]></system-out>
  <system-err><![CDATA[]]></system-err>
</testsuite>
