<?xml version="1.0" encoding="UTF-8"?>
<testsuite name="guru.springframework.repositories.CategoryRepositroyIT" tests="2" skipped="0" failures="0" errors="0" timestamp="2020-08-08T21:12:54" hostname="enjoys-Mac.local" time="0.347">
  <properties/>
  <testcase name="testSave" classname="guru.springframework.repositories.CategoryRepositroyIT" time="0.221"/>
  <testcase name="testFindByDescription" classname="guru.springframework.repositories.CategoryRepositroyIT" time="0.122"/>
  <system-out><![CDATA[2020-08-08 23:12:20.624  INFO 1760 --- [    Test worker] t.a.d.m.DataMongoTestContextBootstrapper : Neither @ContextConfiguration nor @ContextHierarchy found for test class [guru.springframework.repositories.CategoryRepositroyIT], using SpringBootContextLoader
2020-08-08 23:12:20.627  INFO 1760 --- [    Test worker] o.s.t.c.support.AbstractContextLoader    : Could not detect default resource locations for test class [guru.springframework.repositories.CategoryRepositroyIT]: no resource found for suffixes {-context.xml, Context.groovy}.
2020-08-08 23:12:20.631  INFO 1760 --- [    Test worker] t.c.s.AnnotationConfigContextLoaderUtils : Could not detect default configuration classes for test class [guru.springframework.repositories.CategoryRepositroyIT]: CategoryRepositroyIT does not declare any static, non-private, non-final, nested classes annotated with @Configuration.
2020-08-08 23:12:20.699  INFO 1760 --- [    Test worker] .b.t.c.SpringBootTestContextBootstrapper : Found @SpringBootConfiguration guru.springframework.Spring5MongoRecipeAppApplication for test class guru.springframework.repositories.CategoryRepositroyIT
2020-08-08 23:12:20.699  INFO 1760 --- [    Test worker] t.a.d.m.DataMongoTestContextBootstrapper : Loaded default TestExecutionListener class names from location [META-INF/spring.factories]: [org.springframework.boot.test.autoconfigure.restdocs.RestDocsTestExecutionListener, org.springframework.boot.test.autoconfigure.web.client.MockRestServiceServerResetTestExecutionListener, org.springframework.boot.test.autoconfigure.web.servlet.MockMvcPrintOnlyOnFailureTestExecutionListener, org.springframework.boot.test.autoconfigure.web.servlet.WebDriverTestExecutionListener, org.springframework.boot.test.mock.mockito.MockitoTestExecutionListener, org.springframework.boot.test.mock.mockito.ResetMocksTestExecutionListener, org.springframework.test.context.web.ServletTestExecutionListener, org.springframework.test.context.support.DirtiesContextBeforeModesTestExecutionListener, org.springframework.test.context.support.DependencyInjectionTestExecutionListener, org.springframework.test.context.support.DirtiesContextTestExecutionListener, org.springframework.test.context.transaction.TransactionalTestExecutionListener, org.springframework.test.context.jdbc.SqlScriptsTestExecutionListener]
2020-08-08 23:12:20.700  INFO 1760 --- [    Test worker] t.a.d.m.DataMongoTestContextBootstrapper : Using TestExecutionListeners: [org.springframework.test.context.web.ServletTestExecutionListener@24b9bf2d, org.springframework.test.context.support.DirtiesContextBeforeModesTestExecutionListener@5080f60a, org.springframework.boot.test.mock.mockito.MockitoTestExecutionListener@5f4c97a8, org.springframework.boot.test.autoconfigure.SpringBootDependencyInjectionTestExecutionListener@3d0cf21d, org.springframework.test.context.support.DirtiesContextTestExecutionListener@54a57246, org.springframework.test.context.transaction.TransactionalTestExecutionListener@3c2ee7e, org.springframework.test.context.jdbc.SqlScriptsTestExecutionListener@3888c879, org.springframework.boot.test.autoconfigure.restdocs.RestDocsTestExecutionListener@62ce596f, org.springframework.boot.test.autoconfigure.web.client.MockRestServiceServerResetTestExecutionListener@1d862032, org.springframework.boot.test.autoconfigure.web.servlet.MockMvcPrintOnlyOnFailureTestExecutionListener@9238ce2, org.springframework.boot.test.autoconfigure.web.servlet.WebDriverTestExecutionListener@771646bf, org.springframework.boot.test.mock.mockito.ResetMocksTestExecutionListener@67037c13]
2020-08-08 23:12:22.729  INFO 1760 --- [       Thread-8] o.s.b.a.mongo.embedded.EmbeddedMongo     : 2020-08-08T23:12:22.729+0200 I NETWORK  [thread1] connection accepted from 127.0.0.1:50427 #3 (3 connections now open)
2020-08-08 23:12:22.773  INFO 1760 --- [       Thread-8] o.s.b.a.mongo.embedded.EmbeddedMongo     : 2020-08-08T23:12:22.772+0200 I NETWORK  [conn3] received client metadata from 127.0.0.1:50427 conn3: { driver: { name: "mongo-java-driver|mongo-java-driver-reactivestreams", version: "3.8.2|1.9.2" }, os: { type: "Darwin", name: "Mac OS X", architecture: "x86_64", version: "10.15.6" }, platform: "Java/Oracle Corporation/1.8.0_261-b12" }
2020-08-08 23:12:22.793  INFO 1760 --- [localhost:50418] org.mongodb.driver.connection            : Opened connection [connectionId{localValue:2, serverValue:3}] to localhost:50418
2020-08-08 23:12:22.796  INFO 1760 --- [localhost:50418] org.mongodb.driver.cluster               : Monitor thread successfully connected to server with description ServerDescription{address=localhost:50418, type=STANDALONE, state=CONNECTED, ok=true, version=ServerVersion{versionList=[3, 5, 5]}, minWireVersion=0, maxWireVersion=5, maxDocumentSize=16777216, logicalSessionTimeoutMinutes=null, roundTripTimeNanos=2305755}

  .   ____          _            __ _ _
 /\\ / ___'_ __ _ _(_)_ __  __ _ \ \ \ \
( ( )\___ | '_ | '_| | '_ \/ _` | \ \ \ \
 \\/  ___)| |_)| | | | | || (_| |  ) ) ) )
  '  |____| .__|_| |_|_| |_\__, | / / / /
 =========|_|==============|___/=/_/_/_/
 :: Spring Boot ::        (v2.1.0.RELEASE)

2020-08-08 23:12:37.710  INFO 1760 --- [    Test worker] g.s.repositories.CategoryRepositroyIT    : Starting CategoryRepositroyIT on enjoys-Mac.local with PID 1760 (started by enjoy in /Users/enjoy/IdeaProjects/recipe-monogdb)
2020-08-08 23:12:37.715  INFO 1760 --- [    Test worker] g.s.repositories.CategoryRepositroyIT    : No active profile set, falling back to default profiles: default
2020-08-08 23:12:37.811  INFO 1760 --- [    Test worker] .s.d.r.c.RepositoryConfigurationDelegate : Bootstrapping Spring Data repositories in DEFAULT mode.
2020-08-08 23:12:37.827  INFO 1760 --- [    Test worker] .s.d.r.c.RepositoryConfigurationDelegate : Finished Spring Data repository scanning in 16ms. Found 3 repository interfaces.
2020-08-08 23:12:37.829  INFO 1760 --- [    Test worker] .s.d.r.c.RepositoryConfigurationDelegate : Bootstrapping Spring Data repositories in DEFAULT mode.
2020-08-08 23:12:37.842  INFO 1760 --- [    Test worker] .s.d.r.c.RepositoryConfigurationDelegate : Finished Spring Data repository scanning in 13ms. Found 3 repository interfaces.
2020-08-08 23:12:53.793  INFO 1760 --- [      Thread-17] o.s.b.a.mongo.embedded.EmbeddedMongo     : note: noprealloc may hurt performance in many applications
2020-08-08 23:12:53.801  INFO 1760 --- [      Thread-17] o.s.b.a.mongo.embedded.EmbeddedMongo     : 2020-08-08T23:12:53.799+0200 I CONTROL  [initandlisten] MongoDB starting : pid=1769 port=50442 dbpath=/var/folders/g6/yfs_2vzj2sgblvpmwbsq6vkw0000gn/T/embedmongo-db-fbdf2d16-d0f3-42ef-8414-f845a982e5b8 64-bit host=enjoys-Mac.local
2020-08-08 23:12:53.801  INFO 1760 --- [      Thread-17] o.s.b.a.mongo.embedded.EmbeddedMongo     : 2020-08-08T23:12:53.800+0200 I CONTROL  [initandlisten] db version v3.5.5
2020-08-08 23:12:53.801  INFO 1760 --- [      Thread-17] o.s.b.a.mongo.embedded.EmbeddedMongo     : 2020-08-08T23:12:53.800+0200 I CONTROL  [initandlisten] git version: 98515c812b6fa893613f063dae568ff8319cbfbd
2020-08-08 23:12:53.801  INFO 1760 --- [      Thread-17] o.s.b.a.mongo.embedded.EmbeddedMongo     : 2020-08-08T23:12:53.800+0200 I CONTROL  [initandlisten] allocator: system
2020-08-08 23:12:53.801  INFO 1760 --- [      Thread-17] o.s.b.a.mongo.embedded.EmbeddedMongo     : 2020-08-08T23:12:53.800+0200 I CONTROL  [initandlisten] modules: none
2020-08-08 23:12:53.801  INFO 1760 --- [      Thread-17] o.s.b.a.mongo.embedded.EmbeddedMongo     : 2020-08-08T23:12:53.800+0200 I CONTROL  [initandlisten] build environment:
2020-08-08 23:12:53.801  INFO 1760 --- [      Thread-17] o.s.b.a.mongo.embedded.EmbeddedMongo     : 2020-08-08T23:12:53.800+0200 I CONTROL  [initandlisten]     distarch: x86_64
2020-08-08 23:12:53.801  INFO 1760 --- [      Thread-17] o.s.b.a.mongo.embedded.EmbeddedMongo     : 2020-08-08T23:12:53.800+0200 I CONTROL  [initandlisten]     target_arch: x86_64
2020-08-08 23:12:53.801  INFO 1760 --- [      Thread-17] o.s.b.a.mongo.embedded.EmbeddedMongo     : 2020-08-08T23:12:53.800+0200 I CONTROL  [initandlisten] options: { net: { bindIp: "127.0.0.1", http: { enabled: false }, port: 50442 }, security: { authorization: "disabled" }, storage: { dbPath: "/var/folders/g6/yfs_2vzj2sgblvpmwbsq6vkw0000gn/T/embedmongo-db-fbdf2d16-d0f3-42ef-8414-f845a982e5b8", journal: { enabled: false }, mmapv1: { preallocDataFiles: false, smallFiles: true }, syncPeriodSecs: 0.0 } }
2020-08-08 23:12:53.802  INFO 1760 --- [      Thread-17] o.s.b.a.mongo.embedded.EmbeddedMongo     : 2020-08-08T23:12:53.801+0200 I STORAGE  [initandlisten] wiredtiger_open config: create,cache_size=3488M,session_max=20000,eviction=(threads_min=4,threads_max=4),config_base=false,statistics=(fast),log=(enabled=true,archive=true,path=journal,compressor=snappy),file_manager=(close_idle_time=100000),checkpoint=(wait=0,log_size=2GB),statistics_log=(wait=0),verbose=(recovery_progress),,log=(enabled=false),
2020-08-08 23:12:53.832  INFO 1760 --- [      Thread-17] o.s.b.a.mongo.embedded.EmbeddedMongo     : 2020-08-08T23:12:53.831+0200 W STORAGE  [initandlisten] Detected configuration for non-active storage engine mmapv1 when current storage engine is wiredTiger
2020-08-08 23:12:53.832  INFO 1760 --- [      Thread-17] o.s.b.a.mongo.embedded.EmbeddedMongo     : 2020-08-08T23:12:53.831+0200 I CONTROL  [initandlisten] 
2020-08-08 23:12:53.832  INFO 1760 --- [      Thread-17] o.s.b.a.mongo.embedded.EmbeddedMongo     : 2020-08-08T23:12:53.831+0200 I CONTROL  [initandlisten] ** NOTE: This is a development version (3.5.5) of MongoDB.
2020-08-08 23:12:53.832  INFO 1760 --- [      Thread-17] o.s.b.a.mongo.embedded.EmbeddedMongo     : 2020-08-08T23:12:53.831+0200 I CONTROL  [initandlisten] **       Not recommended for production.
2020-08-08 23:12:53.832  INFO 1760 --- [      Thread-17] o.s.b.a.mongo.embedded.EmbeddedMongo     : 2020-08-08T23:12:53.831+0200 I CONTROL  [initandlisten] 
2020-08-08 23:12:53.845  INFO 1760 --- [      Thread-17] o.s.b.a.mongo.embedded.EmbeddedMongo     : 2020-08-08T23:12:53.845+0200 I FTDC     [initandlisten] Initializing full-time diagnostic data capture with directory '/var/folders/g6/yfs_2vzj2sgblvpmwbsq6vkw0000gn/T/embedmongo-db-fbdf2d16-d0f3-42ef-8414-f845a982e5b8/diagnostic.data'
2020-08-08 23:12:53.863  INFO 1760 --- [      Thread-17] o.s.b.a.mongo.embedded.EmbeddedMongo     : 2020-08-08T23:12:53.863+0200 I INDEX    [initandlisten] build index on: admin.system.version properties: { v: 2, key: { version: 1 }, name: "incompatible_with_version_32", ns: "admin.system.version" }
2020-08-08 23:12:53.864  INFO 1760 --- [      Thread-17] o.s.b.a.mongo.embedded.EmbeddedMongo     : 2020-08-08T23:12:53.863+0200 I INDEX    [initandlisten] 	 building index using bulk method; build may temporarily use up to 500 megabytes of RAM
2020-08-08 23:12:53.864  INFO 1760 --- [      Thread-17] o.s.b.a.mongo.embedded.EmbeddedMongo     : 2020-08-08T23:12:53.864+0200 I INDEX    [initandlisten] build index done.  scanned 0 total records. 0 secs
2020-08-08 23:12:53.865  INFO 1760 --- [      Thread-17] o.s.b.a.mongo.embedded.EmbeddedMongo     : 2020-08-08T23:12:53.865+0200 I COMMAND  [initandlisten] setting featureCompatibilityVersion to 3.4
2020-08-08 23:12:53.865  INFO 1760 --- [      Thread-17] o.s.b.a.mongo.embedded.EmbeddedMongo     : 2020-08-08T23:12:53.865+0200 I NETWORK  [thread1] waiting for connections on port 50442
2020-08-08 23:12:53.866  INFO 1760 --- [    Test worker] d.f.embed.mongo.MongodExecutable         : start de.flapdoodle.embed.mongo.config.MongodConfigBuilder$ImmutableMongodConfig@62f83e8e
2020-08-08 23:12:53.870  INFO 1760 --- [    Test worker] org.mongodb.driver.cluster               : Cluster created with settings {hosts=[localhost:50442], mode=MULTIPLE, requiredClusterType=UNKNOWN, serverSelectionTimeout='30000 ms', maxWaitQueueSize=500}
2020-08-08 23:12:53.871  INFO 1760 --- [    Test worker] org.mongodb.driver.cluster               : Adding discovered server localhost:50442 to client view of cluster
2020-08-08 23:12:53.874  INFO 1760 --- [      Thread-17] o.s.b.a.mongo.embedded.EmbeddedMongo     : 2020-08-08T23:12:53.874+0200 I NETWORK  [thread1] connection accepted from 127.0.0.1:50449 #1 (1 connection now open)
2020-08-08 23:12:53.878  INFO 1760 --- [      Thread-17] o.s.b.a.mongo.embedded.EmbeddedMongo     : 2020-08-08T23:12:53.876+0200 I NETWORK  [conn1] received client metadata from 127.0.0.1:50449 conn1: { driver: { name: "mongo-java-driver", version: "3.8.2" }, os: { type: "Darwin", name: "Mac OS X", architecture: "x86_64", version: "10.15.6" }, platform: "Java/Oracle Corporation/1.8.0_261-b12" }
2020-08-08 23:12:53.887  INFO 1760 --- [localhost:50442] org.mongodb.driver.connection            : Opened connection [connectionId{localValue:4, serverValue:1}] to localhost:50442
2020-08-08 23:12:53.898  INFO 1760 --- [localhost:50442] org.mongodb.driver.cluster               : Monitor thread successfully connected to server with description ServerDescription{address=localhost:50442, type=STANDALONE, state=CONNECTED, ok=true, version=ServerVersion{versionList=[3, 5, 5]}, minWireVersion=0, maxWireVersion=5, maxDocumentSize=16777216, logicalSessionTimeoutMinutes=null, roundTripTimeNanos=10177555}
2020-08-08 23:12:53.902  INFO 1760 --- [localhost:50442] org.mongodb.driver.cluster               : Discovered cluster type of STANDALONE
2020-08-08 23:12:53.954  INFO 1760 --- [    Test worker] m.c.i.MongoPersistentEntityIndexResolver : Found cycle for field '_id' in type 'Recipe' for path 'recipes -> categories -> recipes'
2020-08-08 23:12:53.955  INFO 1760 --- [    Test worker] m.c.i.MongoPersistentEntityIndexResolver : Found cycle for field 'categories' in type 'Recipe' for path 'recipes -> categories -> recipes'
2020-08-08 23:12:53.956  INFO 1760 --- [    Test worker] m.c.i.MongoPersistentEntityIndexResolver : Found cycle for field '_id' in type 'Category' for path 'categories -> recipes -> categories'
2020-08-08 23:12:53.957  INFO 1760 --- [    Test worker] m.c.i.MongoPersistentEntityIndexResolver : Found cycle for field 'recipes' in type 'Category' for path 'categories -> recipes -> categories'
2020-08-08 23:12:53.980  INFO 1760 --- [    Test worker] org.mongodb.driver.cluster               : Cluster created with settings {hosts=[localhost:50442], mode=SINGLE, requiredClusterType=UNKNOWN, serverSelectionTimeout='30000 ms', maxWaitQueueSize=500}
2020-08-08 23:12:53.985  INFO 1760 --- [      Thread-17] o.s.b.a.mongo.embedded.EmbeddedMongo     : 2020-08-08T23:12:53.984+0200 I NETWORK  [thread1] connection accepted from 127.0.0.1:50450 #2 (2 connections now open)
2020-08-08 23:12:53.987  INFO 1760 --- [      Thread-17] o.s.b.a.mongo.embedded.EmbeddedMongo     : 2020-08-08T23:12:53.987+0200 I NETWORK  [conn2] received client metadata from 127.0.0.1:50450 conn2: { driver: { name: "mongo-java-driver|mongo-java-driver-reactivestreams", version: "3.8.2|1.9.2" }, os: { type: "Darwin", name: "Mac OS X", architecture: "x86_64", version: "10.15.6" }, platform: "Java/Oracle Corporation/1.8.0_261-b12" }
2020-08-08 23:12:53.993  INFO 1760 --- [localhost:50442] org.mongodb.driver.connection            : Opened connection [connectionId{localValue:5, serverValue:2}] to localhost:50442
2020-08-08 23:12:53.995  INFO 1760 --- [localhost:50442] org.mongodb.driver.cluster               : Monitor thread successfully connected to server with description ServerDescription{address=localhost:50442, type=STANDALONE, state=CONNECTED, ok=true, version=ServerVersion{versionList=[3, 5, 5]}, minWireVersion=0, maxWireVersion=5, maxDocumentSize=16777216, logicalSessionTimeoutMinutes=null, roundTripTimeNanos=1760911}
2020-08-08 23:12:54.002  INFO 1760 --- [    Test worker] m.c.i.MongoPersistentEntityIndexResolver : Found cycle for field '_id' in type 'Recipe' for path 'recipes -> categories -> recipes'
2020-08-08 23:12:54.009  INFO 1760 --- [    Test worker] m.c.i.MongoPersistentEntityIndexResolver : Found cycle for field 'categories' in type 'Recipe' for path 'recipes -> categories -> recipes'
2020-08-08 23:12:54.010  INFO 1760 --- [    Test worker] m.c.i.MongoPersistentEntityIndexResolver : Found cycle for field '_id' in type 'Category' for path 'categories -> recipes -> categories'
2020-08-08 23:12:54.010  INFO 1760 --- [    Test worker] m.c.i.MongoPersistentEntityIndexResolver : Found cycle for field 'recipes' in type 'Category' for path 'categories -> recipes -> categories'
2020-08-08 23:12:54.094  INFO 1760 --- [    Test worker] g.s.repositories.CategoryRepositroyIT    : Started CategoryRepositroyIT in 33.371 seconds (JVM running for 83.694)
2020-08-08 23:12:54.202  INFO 1760 --- [      Thread-17] o.s.b.a.mongo.embedded.EmbeddedMongo     : 2020-08-08T23:12:54.201+0200 I NETWORK  [thread1] connection accepted from 127.0.0.1:50451 #3 (3 connections now open)
2020-08-08 23:12:54.203  INFO 1760 --- [      Thread-17] o.s.b.a.mongo.embedded.EmbeddedMongo     : 2020-08-08T23:12:54.202+0200 I NETWORK  [conn3] received client metadata from 127.0.0.1:50451 conn3: { driver: { name: "mongo-java-driver|mongo-java-driver-reactivestreams", version: "3.8.2|1.9.2" }, os: { type: "Darwin", name: "Mac OS X", architecture: "x86_64", version: "10.15.6" }, platform: "Java/Oracle Corporation/1.8.0_261-b12" }
2020-08-08 23:12:54.232  INFO 1760 --- [ntLoopGroup-3-2] org.mongodb.driver.connection            : Opened connection [connectionId{localValue:6, serverValue:3}] to localhost:50442
]]></system-out>
  <system-err><![CDATA[]]></system-err>
</testsuite>
