<?xml version="1.0" encoding="UTF-8"?>
<testsuite name="guru.springframework.repositories.RecipeRepositoryIT" tests="1" skipped="0" failures="0" errors="0" timestamp="2020-08-08T20:31:34" hostname="enjoys-Mac.local" time="0.056">
  <properties/>
  <testcase name="testRecipeSave" classname="guru.springframework.repositories.RecipeRepositoryIT" time="0.056"/>
  <system-out><![CDATA[2020-08-08 22:31:34.226  INFO 1243 --- [    Test worker] t.a.d.m.DataMongoTestContextBootstrapper : Neither @ContextConfiguration nor @ContextHierarchy found for test class [guru.springframework.repositories.RecipeRepositoryIT], using SpringBootContextLoader
2020-08-08 22:31:34.227  INFO 1243 --- [    Test worker] o.s.t.c.support.AbstractContextLoader    : Could not detect default resource locations for test class [guru.springframework.repositories.RecipeRepositoryIT]: no resource found for suffixes {-context.xml, Context.groovy}.
2020-08-08 22:31:34.228  INFO 1243 --- [    Test worker] t.c.s.AnnotationConfigContextLoaderUtils : Could not detect default configuration classes for test class [guru.springframework.repositories.RecipeRepositoryIT]: RecipeRepositoryIT does not declare any static, non-private, non-final, nested classes annotated with @Configuration.
2020-08-08 22:31:34.231  INFO 1243 --- [    Test worker] .b.t.c.SpringBootTestContextBootstrapper : Found @SpringBootConfiguration guru.springframework.Spring5MongoRecipeAppApplication for test class guru.springframework.repositories.RecipeRepositoryIT
2020-08-08 22:31:34.233  INFO 1243 --- [    Test worker] t.a.d.m.DataMongoTestContextBootstrapper : Loaded default TestExecutionListener class names from location [META-INF/spring.factories]: [org.springframework.boot.test.autoconfigure.restdocs.RestDocsTestExecutionListener, org.springframework.boot.test.autoconfigure.web.client.MockRestServiceServerResetTestExecutionListener, org.springframework.boot.test.autoconfigure.web.servlet.MockMvcPrintOnlyOnFailureTestExecutionListener, org.springframework.boot.test.autoconfigure.web.servlet.WebDriverTestExecutionListener, org.springframework.boot.test.mock.mockito.MockitoTestExecutionListener, org.springframework.boot.test.mock.mockito.ResetMocksTestExecutionListener, org.springframework.test.context.web.ServletTestExecutionListener, org.springframework.test.context.support.DirtiesContextBeforeModesTestExecutionListener, org.springframework.test.context.support.DependencyInjectionTestExecutionListener, org.springframework.test.context.support.DirtiesContextTestExecutionListener, org.springframework.test.context.transaction.TransactionalTestExecutionListener, org.springframework.test.context.jdbc.SqlScriptsTestExecutionListener]
2020-08-08 22:31:34.235  INFO 1243 --- [    Test worker] t.a.d.m.DataMongoTestContextBootstrapper : Using TestExecutionListeners: [org.springframework.test.context.web.ServletTestExecutionListener@4a66b191, org.springframework.test.context.support.DirtiesContextBeforeModesTestExecutionListener@5e8df22d, org.springframework.boot.test.mock.mockito.MockitoTestExecutionListener@5909ea67, org.springframework.boot.test.autoconfigure.SpringBootDependencyInjectionTestExecutionListener@526a903e, org.springframework.test.context.support.DirtiesContextTestExecutionListener@2dff49db, org.springframework.test.context.transaction.TransactionalTestExecutionListener@1c52cad3, org.springframework.test.context.jdbc.SqlScriptsTestExecutionListener@a9e51ec, org.springframework.boot.test.autoconfigure.restdocs.RestDocsTestExecutionListener@c73dbe1, org.springframework.boot.test.autoconfigure.web.client.MockRestServiceServerResetTestExecutionListener@5b15fa25, org.springframework.boot.test.autoconfigure.web.servlet.MockMvcPrintOnlyOnFailureTestExecutionListener@511bb7c6, org.springframework.boot.test.autoconfigure.web.servlet.WebDriverTestExecutionListener@29f28d38, org.springframework.boot.test.mock.mockito.ResetMocksTestExecutionListener@3bccf734]
]]></system-out>
  <system-err><![CDATA[]]></system-err>
</testsuite>
