<?xml version="1.0" encoding="UTF-8"?>
<testsuite name="guru.springframework.repositories.UnitOfMeasureRepositoryIT" tests="2" skipped="0" failures="0" errors="0" timestamp="2020-08-06T20:27:06" hostname="enjoys-Mac.local" time="0.259">
  <properties/>
  <testcase name="testFindByDescription" classname="guru.springframework.repositories.UnitOfMeasureRepositoryIT" time="0.194"/>
  <testcase name="testSaveUom" classname="guru.springframework.repositories.UnitOfMeasureRepositoryIT" time="0.063"/>
  <system-out><![CDATA[2020-08-06 22:27:06.188  INFO 1540 --- [    Test worker] t.a.d.m.DataMongoTestContextBootstrapper : Neither @ContextConfiguration nor @ContextHierarchy found for test class [guru.springframework.repositories.UnitOfMeasureRepositoryIT], using SpringBootContextLoader
2020-08-06 22:27:06.214  INFO 1540 --- [    Test worker] o.s.t.c.support.AbstractContextLoader    : Could not detect default resource locations for test class [guru.springframework.repositories.UnitOfMeasureRepositoryIT]: no resource found for suffixes {-context.xml, Context.groovy}.
2020-08-06 22:27:06.216  INFO 1540 --- [    Test worker] t.c.s.AnnotationConfigContextLoaderUtils : Could not detect default configuration classes for test class [guru.springframework.repositories.UnitOfMeasureRepositoryIT]: UnitOfMeasureRepositoryIT does not declare any static, non-private, non-final, nested classes annotated with @Configuration.
2020-08-06 22:27:06.241  INFO 1540 --- [    Test worker] .b.t.c.SpringBootTestContextBootstrapper : Found @SpringBootConfiguration guru.springframework.Spring5MongoRecipeAppApplication for test class guru.springframework.repositories.UnitOfMeasureRepositoryIT
2020-08-06 22:27:06.262  INFO 1540 --- [    Test worker] t.a.d.m.DataMongoTestContextBootstrapper : Loaded default TestExecutionListener class names from location [META-INF/spring.factories]: [org.springframework.boot.test.autoconfigure.restdocs.RestDocsTestExecutionListener, org.springframework.boot.test.autoconfigure.web.client.MockRestServiceServerResetTestExecutionListener, org.springframework.boot.test.autoconfigure.web.servlet.MockMvcPrintOnlyOnFailureTestExecutionListener, org.springframework.boot.test.autoconfigure.web.servlet.WebDriverTestExecutionListener, org.springframework.boot.test.mock.mockito.MockitoTestExecutionListener, org.springframework.boot.test.mock.mockito.ResetMocksTestExecutionListener, org.springframework.test.context.web.ServletTestExecutionListener, org.springframework.test.context.support.DirtiesContextBeforeModesTestExecutionListener, org.springframework.test.context.support.DependencyInjectionTestExecutionListener, org.springframework.test.context.support.DirtiesContextTestExecutionListener, org.springframework.test.context.transaction.TransactionalTestExecutionListener, org.springframework.test.context.jdbc.SqlScriptsTestExecutionListener]
2020-08-06 22:27:06.270  INFO 1540 --- [    Test worker] t.a.d.m.DataMongoTestContextBootstrapper : Using TestExecutionListeners: [org.springframework.test.context.web.ServletTestExecutionListener@246c229a, org.springframework.test.context.support.DirtiesContextBeforeModesTestExecutionListener@1fa7a099, org.springframework.boot.test.mock.mockito.MockitoTestExecutionListener@73ee1455, org.springframework.boot.test.autoconfigure.SpringBootDependencyInjectionTestExecutionListener@6d2702d9, org.springframework.test.context.support.DirtiesContextTestExecutionListener@289a8515, org.springframework.test.context.transaction.TransactionalTestExecutionListener@a9b5bf7, org.springframework.test.context.jdbc.SqlScriptsTestExecutionListener@9d4aa4d, org.springframework.boot.test.autoconfigure.restdocs.RestDocsTestExecutionListener@5cb05064, org.springframework.boot.test.autoconfigure.web.client.MockRestServiceServerResetTestExecutionListener@207ec4ca, org.springframework.boot.test.autoconfigure.web.servlet.MockMvcPrintOnlyOnFailureTestExecutionListener@70ea67d1, org.springframework.boot.test.autoconfigure.web.servlet.WebDriverTestExecutionListener@5cc03d43, org.springframework.boot.test.mock.mockito.ResetMocksTestExecutionListener@22d75cf]
]]></system-out>
  <system-err><![CDATA[]]></system-err>
</testsuite>
