<?xml version="1.0" encoding="UTF-8"?>
<testsuite name="guru.springframework.services.IngredientServiceImplTest" tests="4" skipped="0" failures="0" errors="0" timestamp="2020-08-08T21:40:50" hostname="enjoys-Mac.local" time="0.063">
  <properties/>
  <testcase name="findByRecipeIdAndReceipeIdHappyPath" classname="guru.springframework.services.IngredientServiceImplTest" time="0.057"/>
  <testcase name="findByRecipeIdAndId" classname="guru.springframework.services.IngredientServiceImplTest" time="0.001"/>
  <testcase name="testDeleteById" classname="guru.springframework.services.IngredientServiceImplTest" time="0.003"/>
  <testcase name="testSaveRecipeCommand" classname="guru.springframework.services.IngredientServiceImplTest" time="0.002"/>
  <system-out><![CDATA[]]></system-out>
  <system-err><![CDATA[]]></system-err>
</testsuite>
