<?xml version="1.0" encoding="UTF-8"?>
<testsuite name="guru.springframework.Spring5RecipeAppApplicationTests" tests="0" skipped="0" failures="0" errors="0" timestamp="1970-01-01T00:00:00" hostname="enjoys-Mac.local" time="0.0">
  <properties/>
  <system-out><![CDATA[22:26:40.191 [Test worker] DEBUG org.springframework.test.context.junit4.SpringJUnit4ClassRunner - SpringJUnit4ClassRunner constructor called with [class guru.springframework.Spring5RecipeAppApplicationTests]
22:26:40.201 [Test worker] DEBUG org.springframework.test.context.BootstrapUtils - Instantiating CacheAwareContextLoaderDelegate from class [org.springframework.test.context.cache.DefaultCacheAwareContextLoaderDelegate]
22:26:40.221 [Test worker] DEBUG org.springframework.test.context.BootstrapUtils - Instantiating BootstrapContext using constructor [public org.springframework.test.context.support.DefaultBootstrapContext(java.lang.Class,org.springframework.test.context.CacheAwareContextLoaderDelegate)]
22:26:40.263 [Test worker] DEBUG org.springframework.test.context.BootstrapUtils - Instantiating TestContextBootstrapper for test class [guru.springframework.Spring5RecipeAppApplicationTests] from class [org.springframework.boot.test.context.SpringBootTestContextBootstrapper]
22:26:40.323 [Test worker] INFO org.springframework.boot.test.context.SpringBootTestContextBootstrapper - Neither @ContextConfiguration nor @ContextHierarchy found for test class [guru.springframework.Spring5RecipeAppApplicationTests], using SpringBootContextLoader
22:26:40.342 [Test worker] DEBUG org.springframework.test.context.support.AbstractContextLoader - Did not detect default resource location for test class [guru.springframework.Spring5RecipeAppApplicationTests]: class path resource [guru/springframework/Spring5RecipeAppApplicationTests-context.xml] does not exist
22:26:40.347 [Test worker] DEBUG org.springframework.test.context.support.AbstractContextLoader - Did not detect default resource location for test class [guru.springframework.Spring5RecipeAppApplicationTests]: class path resource [guru/springframework/Spring5RecipeAppApplicationTestsContext.groovy] does not exist
22:26:40.351 [Test worker] INFO org.springframework.test.context.support.AbstractContextLoader - Could not detect default resource locations for test class [guru.springframework.Spring5RecipeAppApplicationTests]: no resource found for suffixes {-context.xml, Context.groovy}.
22:26:40.363 [Test worker] INFO org.springframework.test.context.support.AnnotationConfigContextLoaderUtils - Could not detect default configuration classes for test class [guru.springframework.Spring5RecipeAppApplicationTests]: Spring5RecipeAppApplicationTests does not declare any static, non-private, non-final, nested classes annotated with @Configuration.
22:26:40.502 [Test worker] DEBUG org.springframework.test.context.support.ActiveProfilesUtils - Could not find an 'annotation declaring class' for annotation type [org.springframework.test.context.ActiveProfiles] and class [guru.springframework.Spring5RecipeAppApplicationTests]
22:26:40.717 [Test worker] DEBUG org.springframework.context.annotation.ClassPathScanningCandidateComponentProvider - Identified candidate component class: file [/Users/enjoy/IdeaProjects/recipe-monogdb/build/classes/java/main/guru/springframework/Spring5MongoRecipeAppApplication.class]
22:26:40.732 [Test worker] INFO org.springframework.boot.test.context.SpringBootTestContextBootstrapper - Found @SpringBootConfiguration guru.springframework.Spring5MongoRecipeAppApplication for test class guru.springframework.Spring5RecipeAppApplicationTests
22:26:41.009 [Test worker] DEBUG org.springframework.boot.test.context.SpringBootTestContextBootstrapper - @TestExecutionListeners is not present for class [guru.springframework.Spring5RecipeAppApplicationTests]: using defaults.
22:26:41.010 [Test worker] INFO org.springframework.boot.test.context.SpringBootTestContextBootstrapper - Loaded default TestExecutionListener class names from location [META-INF/spring.factories]: [org.springframework.boot.test.autoconfigure.restdocs.RestDocsTestExecutionListener, org.springframework.boot.test.autoconfigure.web.client.MockRestServiceServerResetTestExecutionListener, org.springframework.boot.test.autoconfigure.web.servlet.MockMvcPrintOnlyOnFailureTestExecutionListener, org.springframework.boot.test.autoconfigure.web.servlet.WebDriverTestExecutionListener, org.springframework.boot.test.mock.mockito.MockitoTestExecutionListener, org.springframework.boot.test.mock.mockito.ResetMocksTestExecutionListener, org.springframework.test.context.web.ServletTestExecutionListener, org.springframework.test.context.support.DirtiesContextBeforeModesTestExecutionListener, org.springframework.test.context.support.DependencyInjectionTestExecutionListener, org.springframework.test.context.support.DirtiesContextTestExecutionListener, org.springframework.test.context.transaction.TransactionalTestExecutionListener, org.springframework.test.context.jdbc.SqlScriptsTestExecutionListener]
22:26:41.066 [Test worker] INFO org.springframework.boot.test.context.SpringBootTestContextBootstrapper - Using TestExecutionListeners: [org.springframework.test.context.web.ServletTestExecutionListener@7e6f8812, org.springframework.test.context.support.DirtiesContextBeforeModesTestExecutionListener@349e3462, org.springframework.boot.test.mock.mockito.MockitoTestExecutionListener@42ae5828, org.springframework.boot.test.autoconfigure.SpringBootDependencyInjectionTestExecutionListener@26832883, org.springframework.test.context.support.DirtiesContextTestExecutionListener@242e1b59, org.springframework.test.context.transaction.TransactionalTestExecutionListener@6156169a, org.springframework.test.context.jdbc.SqlScriptsTestExecutionListener@51897d80, org.springframework.boot.test.autoconfigure.restdocs.RestDocsTestExecutionListener@6e718002, org.springframework.boot.test.autoconfigure.web.client.MockRestServiceServerResetTestExecutionListener@3a51aa46, org.springframework.boot.test.autoconfigure.web.servlet.MockMvcPrintOnlyOnFailureTestExecutionListener@6be29950, org.springframework.boot.test.autoconfigure.web.servlet.WebDriverTestExecutionListener@719d9cd1, org.springframework.boot.test.mock.mockito.ResetMocksTestExecutionListener@130e6370]
22:26:41.073 [Test worker] DEBUG org.springframework.test.annotation.ProfileValueUtils - Retrieved @ProfileValueSourceConfiguration [null] for test class [guru.springframework.Spring5RecipeAppApplicationTests]
22:26:41.075 [Test worker] DEBUG org.springframework.test.annotation.ProfileValueUtils - Retrieved ProfileValueSource type [class org.springframework.test.annotation.SystemProfileValueSource] for class [guru.springframework.Spring5RecipeAppApplicationTests]
]]></system-out>
  <system-err><![CDATA[]]></system-err>
</testsuite>
