<?xml version="1.0" encoding="UTF-8"?>
<testsuite name="guru.springframework.repositories.RecipeRepositoryIT" tests="1" skipped="0" failures="0" errors="0" timestamp="2020-08-08T21:12:54" hostname="enjoys-Mac.local" time="0.05">
  <properties/>
  <testcase name="testRecipeSave" classname="guru.springframework.repositories.RecipeRepositoryIT" time="0.05"/>
  <system-out><![CDATA[2020-08-08 23:12:54.453  INFO 1760 --- [    Test worker] t.a.d.m.DataMongoTestContextBootstrapper : Neither @ContextConfiguration nor @ContextHierarchy found for test class [guru.springframework.repositories.RecipeRepositoryIT], using SpringBootContextLoader
2020-08-08 23:12:54.455  INFO 1760 --- [    Test worker] o.s.t.c.support.AbstractContextLoader    : Could not detect default resource locations for test class [guru.springframework.repositories.RecipeRepositoryIT]: no resource found for suffixes {-context.xml, Context.groovy}.
2020-08-08 23:12:54.455  INFO 1760 --- [    Test worker] t.c.s.AnnotationConfigContextLoaderUtils : Could not detect default configuration classes for test class [guru.springframework.repositories.RecipeRepositoryIT]: RecipeRepositoryIT does not declare any static, non-private, non-final, nested classes annotated with @Configuration.
2020-08-08 23:12:54.462  INFO 1760 --- [    Test worker] .b.t.c.SpringBootTestContextBootstrapper : Found @SpringBootConfiguration guru.springframework.Spring5MongoRecipeAppApplication for test class guru.springframework.repositories.RecipeRepositoryIT
2020-08-08 23:12:54.464  INFO 1760 --- [    Test worker] t.a.d.m.DataMongoTestContextBootstrapper : Loaded default TestExecutionListener class names from location [META-INF/spring.factories]: [org.springframework.boot.test.autoconfigure.restdocs.RestDocsTestExecutionListener, org.springframework.boot.test.autoconfigure.web.client.MockRestServiceServerResetTestExecutionListener, org.springframework.boot.test.autoconfigure.web.servlet.MockMvcPrintOnlyOnFailureTestExecutionListener, org.springframework.boot.test.autoconfigure.web.servlet.WebDriverTestExecutionListener, org.springframework.boot.test.mock.mockito.MockitoTestExecutionListener, org.springframework.boot.test.mock.mockito.ResetMocksTestExecutionListener, org.springframework.test.context.web.ServletTestExecutionListener, org.springframework.test.context.support.DirtiesContextBeforeModesTestExecutionListener, org.springframework.test.context.support.DependencyInjectionTestExecutionListener, org.springframework.test.context.support.DirtiesContextTestExecutionListener, org.springframework.test.context.transaction.TransactionalTestExecutionListener, org.springframework.test.context.jdbc.SqlScriptsTestExecutionListener]
2020-08-08 23:12:54.464  INFO 1760 --- [    Test worker] t.a.d.m.DataMongoTestContextBootstrapper : Using TestExecutionListeners: [org.springframework.test.context.web.ServletTestExecutionListener@76fd6d5c, org.springframework.test.context.support.DirtiesContextBeforeModesTestExecutionListener@1c600f45, org.springframework.boot.test.mock.mockito.MockitoTestExecutionListener@42035166, org.springframework.boot.test.autoconfigure.SpringBootDependencyInjectionTestExecutionListener@1f3bd799, org.springframework.test.context.support.DirtiesContextTestExecutionListener@231deaf, org.springframework.test.context.transaction.TransactionalTestExecutionListener@1e37e38b, org.springframework.test.context.jdbc.SqlScriptsTestExecutionListener@46e7094a, org.springframework.boot.test.autoconfigure.restdocs.RestDocsTestExecutionListener@7219910, org.springframework.boot.test.autoconfigure.web.client.MockRestServiceServerResetTestExecutionListener@b69fbfd, org.springframework.boot.test.autoconfigure.web.servlet.MockMvcPrintOnlyOnFailureTestExecutionListener@2ae37aa0, org.springframework.boot.test.autoconfigure.web.servlet.WebDriverTestExecutionListener@54308bef, org.springframework.boot.test.mock.mockito.ResetMocksTestExecutionListener@5fd27160]
]]></system-out>
  <system-err><![CDATA[]]></system-err>
</testsuite>
